<?xml version="1.0" encoding="UTF-8"?>
<testsuite name="uk.gov.ida.saml.serializers.XmlObjectToBase64EncodedStringTransformerTest" tests="1" skipped="0" failures="0" errors="0" timestamp="2018-04-03T13:58:12" hostname="gds8080.local" time="0.119">
  <properties/>
  <testcase name="shouldTransformAuthnRequestToBase64EncodedString" classname="uk.gov.ida.saml.serializers.XmlObjectToBase64EncodedStringTransformerTest" time="0.119"/>
  <system-out><![CDATA[14:58:12.417 [Test worker] INFO org.opensaml.core.config.InitializationService - Initializing OpenSAML using the Java Services API
14:58:12.417 [Test worker] DEBUG org.opensaml.core.config.InitializationService - Initializing module initializer implementation: org.opensaml.saml.config.XMLObjectProviderInitializer
14:58:12.420 [Test worker] DEBUG org.opensaml.core.xml.config.AbstractXMLObjectProviderInitializer - Loading XMLObject provider configuration from resource 'saml1-assertion-config.xml'
14:58:12.422 [Test worker] DEBUG org.opensaml.core.xml.config.XMLConfigurator - Loading configuration from XML Document
14:58:12.423 [Test worker] DEBUG org.opensaml.core.xml.config.XMLConfigurator - Schema validating configuration Document
14:58:12.424 [Test worker] DEBUG org.opensaml.core.xml.config.XMLConfigurator - Configuration document validated
14:58:12.424 [Test worker] DEBUG org.opensaml.core.xml.config.XMLConfigurator - Preparing to load ObjectProviders
14:58:12.424 [Test worker] DEBUG org.opensaml.core.xml.config.XMLConfigurator - Initializing object provider {urn:oasis:names:tc:SAML:1.0:assertion}Action
14:58:12.424 [Test worker] DEBUG org.opensaml.core.xml.config.XMLObjectProviderRegistry - Registering new builder, marshaller, and unmarshaller for {urn:oasis:names:tc:SAML:1.0:assertion}Action
14:58:12.424 [Test worker] DEBUG org.opensaml.core.xml.XMLObjectBuilderFactory - Registering builder org.opensaml.saml.saml1.core.impl.ActionBuilder under key {urn:oasis:names:tc:SAML:1.0:assertion}Action
14:58:12.424 [Test worker] DEBUG org.opensaml.core.xml.io.MarshallerFactory - Registering marshaller, org.opensaml.saml.saml1.core.impl.ActionMarshaller, for object type {urn:oasis:names:tc:SAML:1.0:assertion}Action
14:58:12.424 [Test worker] DEBUG org.opensaml.core.xml.io.UnmarshallerFactory - Registering unmarshaller, org.opensaml.saml.saml1.core.impl.ActionUnmarshaller, for object type, {urn:oasis:names:tc:SAML:1.0:assertion}Action
14:58:12.424 [Test worker] DEBUG org.opensaml.core.xml.config.XMLConfigurator - {urn:oasis:names:tc:SAML:1.0:assertion}Action intialized and configuration cached
14:58:12.424 [Test worker] DEBUG org.opensaml.core.xml.config.XMLConfigurator - Initializing object provider {urn:oasis:names:tc:SAML:1.0:assertion}ActionType
14:58:12.424 [Test worker] DEBUG org.opensaml.core.xml.config.XMLObjectProviderRegistry - Registering new builder, marshaller, and unmarshaller for {urn:oasis:names:tc:SAML:1.0:assertion}ActionType
14:58:12.424 [Test worker] DEBUG org.opensaml.core.xml.XMLObjectBuilderFactory - Registering builder org.opensaml.saml.saml1.core.impl.ActionBuilder under key {urn:oasis:names:tc:SAML:1.0:assertion}ActionType
14:58:12.424 [Test worker] DEBUG org.opensaml.core.xml.io.MarshallerFactory - Registering marshaller, org.opensaml.saml.saml1.core.impl.ActionMarshaller, for object type {urn:oasis:names:tc:SAML:1.0:assertion}ActionType
14:58:12.424 [Test worker] DEBUG org.opensaml.core.xml.io.UnmarshallerFactory - Registering unmarshaller, org.opensaml.saml.saml1.core.impl.ActionUnmarshaller, for object type, {urn:oasis:names:tc:SAML:1.0:assertion}ActionType
14:58:12.424 [Test worker] DEBUG org.opensaml.core.xml.config.XMLConfigurator - {urn:oasis:names:tc:SAML:1.0:assertion}ActionType intialized and configuration cached
14:58:12.424 [Test worker] DEBUG org.opensaml.core.xml.config.XMLConfigurator - Initializing object provider {urn:oasis:names:tc:SAML:1.0:assertion}Advice
14:58:12.424 [Test worker] DEBUG org.opensaml.core.xml.config.XMLObjectProviderRegistry - Registering new builder, marshaller, and unmarshaller for {urn:oasis:names:tc:SAML:1.0:assertion}Advice
14:58:12.424 [Test worker] DEBUG org.opensaml.core.xml.XMLObjectBuilderFactory - Registering builder org.opensaml.saml.saml1.core.impl.AdviceBuilder under key {urn:oasis:names:tc:SAML:1.0:assertion}Advice
14:58:12.424 [Test worker] DEBUG org.opensaml.core.xml.io.MarshallerFactory - Registering marshaller, org.opensaml.saml.saml1.core.impl.AdviceMarshaller, for object type {urn:oasis:names:tc:SAML:1.0:assertion}Advice
14:58:12.424 [Test worker] DEBUG org.opensaml.core.xml.io.UnmarshallerFactory - Registering unmarshaller, org.opensaml.saml.saml1.core.impl.AdviceUnmarshaller, for object type, {urn:oasis:names:tc:SAML:1.0:assertion}Advice
14:58:12.424 [Test worker] DEBUG org.opensaml.core.xml.config.XMLConfigurator - {urn:oasis:names:tc:SAML:1.0:assertion}Advice intialized and configuration cached
14:58:12.424 [Test worker] DEBUG org.opensaml.core.xml.config.XMLConfigurator - Initializing object provider {urn:oasis:names:tc:SAML:1.0:assertion}AdviceType
14:58:12.424 [Test worker] DEBUG org.opensaml.core.xml.config.XMLObjectProviderRegistry - Registering new builder, marshaller, and unmarshaller for {urn:oasis:names:tc:SAML:1.0:assertion}AdviceType
14:58:12.424 [Test worker] DEBUG org.opensaml.core.xml.XMLObjectBuilderFactory - Registering builder org.opensaml.saml.saml1.core.impl.AdviceBuilder under key {urn:oasis:names:tc:SAML:1.0:assertion}AdviceType
14:58:12.424 [Test worker] DEBUG org.opensaml.core.xml.io.MarshallerFactory - Registering marshaller, org.opensaml.saml.saml1.core.impl.AdviceMarshaller, for object type {urn:oasis:names:tc:SAML:1.0:assertion}AdviceType
14:58:12.424 [Test worker] DEBUG org.opensaml.core.xml.io.UnmarshallerFactory - Registering unmarshaller, org.opensaml.saml.saml1.core.impl.AdviceUnmarshaller, for object type, {urn:oasis:names:tc:SAML:1.0:assertion}AdviceType
14:58:12.424 [Test worker] DEBUG org.opensaml.core.xml.config.XMLConfigurator - {urn:oasis:names:tc:SAML:1.0:assertion}AdviceType intialized and configuration cached
14:58:12.424 [Test worker] DEBUG org.opensaml.core.xml.config.XMLConfigurator - Initializing object provider {urn:oasis:names:tc:SAML:1.0:assertion}Assertion
14:58:12.424 [Test worker] DEBUG org.opensaml.core.xml.config.XMLObjectProviderRegistry - Registering new builder, marshaller, and unmarshaller for {urn:oasis:names:tc:SAML:1.0:assertion}Assertion
14:58:12.424 [Test worker] DEBUG org.opensaml.core.xml.XMLObjectBuilderFactory - Registering builder org.opensaml.saml.saml1.core.impl.AssertionBuilder under key {urn:oasis:names:tc:SAML:1.0:assertion}Assertion
14:58:12.424 [Test worker] DEBUG org.opensaml.core.xml.io.MarshallerFactory - Registering marshaller, org.opensaml.saml.saml1.core.impl.AssertionMarshaller, for object type {urn:oasis:names:tc:SAML:1.0:assertion}Assertion
14:58:12.424 [Test worker] DEBUG org.opensaml.core.xml.io.UnmarshallerFactory - Registering unmarshaller, org.opensaml.saml.saml1.core.impl.AssertionUnmarshaller, for object type, {urn:oasis:names:tc:SAML:1.0:assertion}Assertion
14:58:12.424 [Test worker] DEBUG org.opensaml.core.xml.config.XMLConfigurator - {urn:oasis:names:tc:SAML:1.0:assertion}Assertion intialized and configuration cached
14:58:12.424 [Test worker] DEBUG org.opensaml.core.xml.config.XMLConfigurator - Initializing object provider {urn:oasis:names:tc:SAML:1.0:assertion}AssertionType
14:58:12.424 [Test worker] DEBUG org.opensaml.core.xml.config.XMLObjectProviderRegistry - Registering new builder, marshaller, and unmarshaller for {urn:oasis:names:tc:SAML:1.0:assertion}AssertionType
14:58:12.424 [Test worker] DEBUG org.opensaml.core.xml.XMLObjectBuilderFactory - Registering builder org.opensaml.saml.saml1.core.impl.AssertionBuilder under key {urn:oasis:names:tc:SAML:1.0:assertion}AssertionType
14:58:12.424 [Test worker] DEBUG org.opensaml.core.xml.io.MarshallerFactory - Registering marshaller, org.opensaml.saml.saml1.core.impl.AssertionMarshaller, for object type {urn:oasis:names:tc:SAML:1.0:assertion}AssertionType
14:58:12.424 [Test worker] DEBUG org.opensaml.core.xml.io.UnmarshallerFactory - Registering unmarshaller, org.opensaml.saml.saml1.core.impl.AssertionUnmarshaller, for object type, {urn:oasis:names:tc:SAML:1.0:assertion}AssertionType
14:58:12.424 [Test worker] DEBUG org.opensaml.core.xml.config.XMLConfigurator - {urn:oasis:names:tc:SAML:1.0:assertion}AssertionType intialized and configuration cached
14:58:12.424 [Test worker] DEBUG org.opensaml.core.xml.config.XMLConfigurator - Initializing object provider {urn:oasis:names:tc:SAML:1.0:assertion}AssertionIDReference
14:58:12.425 [Test worker] DEBUG org.opensaml.core.xml.config.XMLObjectProviderRegistry - Registering new builder, marshaller, and unmarshaller for {urn:oasis:names:tc:SAML:1.0:assertion}AssertionIDReference
14:58:12.425 [Test worker] DEBUG org.opensaml.core.xml.XMLObjectBuilderFactory - Registering builder org.opensaml.saml.saml1.core.impl.AssertionIDReferenceBuilder under key {urn:oasis:names:tc:SAML:1.0:assertion}AssertionIDReference
14:58:12.425 [Test worker] DEBUG org.opensaml.core.xml.io.MarshallerFactory - Registering marshaller, org.opensaml.saml.saml1.core.impl.AssertionIDReferenceMarshaller, for object type {urn:oasis:names:tc:SAML:1.0:assertion}AssertionIDReference
14:58:12.425 [Test worker] DEBUG org.opensaml.core.xml.io.UnmarshallerFactory - Registering unmarshaller, org.opensaml.saml.saml1.core.impl.AssertionIDReferenceUnmarshaller, for object type, {urn:oasis:names:tc:SAML:1.0:assertion}AssertionIDReference
14:58:12.425 [Test worker] DEBUG org.opensaml.core.xml.config.XMLConfigurator - {urn:oasis:names:tc:SAML:1.0:assertion}AssertionIDReference intialized and configuration cached
14:58:12.425 [Test worker] DEBUG org.opensaml.core.xml.config.XMLConfigurator - Initializing object provider {urn:oasis:names:tc:SAML:1.0:assertion}Attribute
14:58:12.425 [Test worker] DEBUG org.opensaml.core.xml.config.XMLObjectProviderRegistry - Registering new builder, marshaller, and unmarshaller for {urn:oasis:names:tc:SAML:1.0:assertion}Attribute
14:58:12.425 [Test worker] DEBUG org.opensaml.core.xml.XMLObjectBuilderFactory - Registering builder org.opensaml.saml.saml1.core.impl.AttributeBuilder under key {urn:oasis:names:tc:SAML:1.0:assertion}Attribute
14:58:12.425 [Test worker] DEBUG org.opensaml.core.xml.io.MarshallerFactory - Registering marshaller, org.opensaml.saml.saml1.core.impl.AttributeMarshaller, for object type {urn:oasis:names:tc:SAML:1.0:assertion}Attribute
14:58:12.425 [Test worker] DEBUG org.opensaml.core.xml.io.UnmarshallerFactory - Registering unmarshaller, org.opensaml.saml.saml1.core.impl.AttributeUnmarshaller, for object type, {urn:oasis:names:tc:SAML:1.0:assertion}Attribute
14:58:12.425 [Test worker] DEBUG org.opensaml.core.xml.config.XMLConfigurator - {urn:oasis:names:tc:SAML:1.0:assertion}Attribute intialized and configuration cached
14:58:12.425 [Test worker] DEBUG org.opensaml.core.xml.config.XMLConfigurator - Initializing object provider {urn:oasis:names:tc:SAML:1.0:assertion}AttributeType
14:58:12.425 [Test worker] DEBUG org.opensaml.core.xml.config.XMLObjectProviderRegistry - Registering new builder, marshaller, and unmarshaller for {urn:oasis:names:tc:SAML:1.0:assertion}AttributeType
14:58:12.425 [Test worker] DEBUG org.opensaml.core.xml.XMLObjectBuilderFactory - Registering builder org.opensaml.saml.saml1.core.impl.AttributeBuilder under key {urn:oasis:names:tc:SAML:1.0:assertion}AttributeType
14:58:12.425 [Test worker] DEBUG org.opensaml.core.xml.io.MarshallerFactory - Registering marshaller, org.opensaml.saml.saml1.core.impl.AttributeMarshaller, for object type {urn:oasis:names:tc:SAML:1.0:assertion}AttributeType
14:58:12.425 [Test worker] DEBUG org.opensaml.core.xml.io.UnmarshallerFactory - Registering unmarshaller, org.opensaml.saml.saml1.core.impl.AttributeUnmarshaller, for object type, {urn:oasis:names:tc:SAML:1.0:assertion}AttributeType
14:58:12.425 [Test worker] DEBUG org.opensaml.core.xml.config.XMLConfigurator - {urn:oasis:names:tc:SAML:1.0:assertion}AttributeType intialized and configuration cached
14:58:12.425 [Test worker] DEBUG org.opensaml.core.xml.config.XMLConfigurator - Initializing object provider {urn:oasis:names:tc:SAML:1.0:assertion}AttributeDesignator
14:58:12.425 [Test worker] DEBUG org.opensaml.core.xml.config.XMLObjectProviderRegistry - Registering new builder, marshaller, and unmarshaller for {urn:oasis:names:tc:SAML:1.0:assertion}AttributeDesignator
14:58:12.425 [Test worker] DEBUG org.opensaml.core.xml.XMLObjectBuilderFactory - Registering builder org.opensaml.saml.saml1.core.impl.AttributeDesignatorBuilder under key {urn:oasis:names:tc:SAML:1.0:assertion}AttributeDesignator
14:58:12.425 [Test worker] DEBUG org.opensaml.core.xml.io.MarshallerFactory - Registering marshaller, org.opensaml.saml.saml1.core.impl.AttributeDesignatorMarshaller, for object type {urn:oasis:names:tc:SAML:1.0:assertion}AttributeDesignator
14:58:12.425 [Test worker] DEBUG org.opensaml.core.xml.io.UnmarshallerFactory - Registering unmarshaller, org.opensaml.saml.saml1.core.impl.AttributeDesignatorUnmarshaller, for object type, {urn:oasis:names:tc:SAML:1.0:assertion}AttributeDesignator
14:58:12.425 [Test worker] DEBUG org.opensaml.core.xml.config.XMLConfigurator - {urn:oasis:names:tc:SAML:1.0:assertion}AttributeDesignator intialized and configuration cached
14:58:12.425 [Test worker] DEBUG org.opensaml.core.xml.config.XMLConfigurator - Initializing object provider {urn:oasis:names:tc:SAML:1.0:assertion}AttributeDesignatorType
14:58:12.425 [Test worker] DEBUG org.opensaml.core.xml.config.XMLObjectProviderRegistry - Registering new builder, marshaller, and unmarshaller for {urn:oasis:names:tc:SAML:1.0:assertion}AttributeDesignatorType
14:58:12.425 [Test worker] DEBUG org.opensaml.core.xml.XMLObjectBuilderFactory - Registering builder org.opensaml.saml.saml1.core.impl.AttributeDesignatorBuilder under key {urn:oasis:names:tc:SAML:1.0:assertion}AttributeDesignatorType
14:58:12.425 [Test worker] DEBUG org.opensaml.core.xml.io.MarshallerFactory - Registering marshaller, org.opensaml.saml.saml1.core.impl.AttributeDesignatorMarshaller, for object type {urn:oasis:names:tc:SAML:1.0:assertion}AttributeDesignatorType
14:58:12.425 [Test worker] DEBUG org.opensaml.core.xml.io.UnmarshallerFactory - Registering unmarshaller, org.opensaml.saml.saml1.core.impl.AttributeDesignatorUnmarshaller, for object type, {urn:oasis:names:tc:SAML:1.0:assertion}AttributeDesignatorType
14:58:12.425 [Test worker] DEBUG org.opensaml.core.xml.config.XMLConfigurator - {urn:oasis:names:tc:SAML:1.0:assertion}AttributeDesignatorType intialized and configuration cached
14:58:12.425 [Test worker] DEBUG org.opensaml.core.xml.config.XMLConfigurator - Initializing object provider {urn:oasis:names:tc:SAML:1.0:assertion}AttributeStatement
14:58:12.425 [Test worker] DEBUG org.opensaml.core.xml.config.XMLObjectProviderRegistry - Registering new builder, marshaller, and unmarshaller for {urn:oasis:names:tc:SAML:1.0:assertion}AttributeStatement
14:58:12.425 [Test worker] DEBUG org.opensaml.core.xml.XMLObjectBuilderFactory - Registering builder org.opensaml.saml.saml1.core.impl.AttributeStatementBuilder under key {urn:oasis:names:tc:SAML:1.0:assertion}AttributeStatement
14:58:12.425 [Test worker] DEBUG org.opensaml.core.xml.io.MarshallerFactory - Registering marshaller, org.opensaml.saml.saml1.core.impl.AttributeStatementMarshaller, for object type {urn:oasis:names:tc:SAML:1.0:assertion}AttributeStatement
14:58:12.425 [Test worker] DEBUG org.opensaml.core.xml.io.UnmarshallerFactory - Registering unmarshaller, org.opensaml.saml.saml1.core.impl.AttributeStatementUnmarshaller, for object type, {urn:oasis:names:tc:SAML:1.0:assertion}AttributeStatement
14:58:12.425 [Test worker] DEBUG org.opensaml.core.xml.config.XMLConfigurator - {urn:oasis:names:tc:SAML:1.0:assertion}AttributeStatement intialized and configuration cached
14:58:12.425 [Test worker] DEBUG org.opensaml.core.xml.config.XMLConfigurator - Initializing object provider {urn:oasis:names:tc:SAML:1.0:assertion}AttributeStatementType
14:58:12.425 [Test worker] DEBUG org.opensaml.core.xml.config.XMLObjectProviderRegistry - Registering new builder, marshaller, and unmarshaller for {urn:oasis:names:tc:SAML:1.0:assertion}AttributeStatementType
14:58:12.425 [Test worker] DEBUG org.opensaml.core.xml.XMLObjectBuilderFactory - Registering builder org.opensaml.saml.saml1.core.impl.AttributeStatementBuilder under key {urn:oasis:names:tc:SAML:1.0:assertion}AttributeStatementType
14:58:12.425 [Test worker] DEBUG org.opensaml.core.xml.io.MarshallerFactory - Registering marshaller, org.opensaml.saml.saml1.core.impl.AttributeStatementMarshaller, for object type {urn:oasis:names:tc:SAML:1.0:assertion}AttributeStatementType
14:58:12.425 [Test worker] DEBUG org.opensaml.core.xml.io.UnmarshallerFactory - Registering unmarshaller, org.opensaml.saml.saml1.core.impl.AttributeStatementUnmarshaller, for object type, {urn:oasis:names:tc:SAML:1.0:assertion}AttributeStatementType
14:58:12.425 [Test worker] DEBUG org.opensaml.core.xml.config.XMLConfigurator - {urn:oasis:names:tc:SAML:1.0:assertion}AttributeStatementType intialized and configuration cached
14:58:12.425 [Test worker] DEBUG org.opensaml.core.xml.config.XMLConfigurator - Initializing object provider {urn:oasis:names:tc:SAML:1.0:assertion}Audience
14:58:12.425 [Test worker] DEBUG org.opensaml.core.xml.config.XMLObjectProviderRegistry - Registering new builder, marshaller, and unmarshaller for {urn:oasis:names:tc:SAML:1.0:assertion}Audience
14:58:12.425 [Test worker] DEBUG org.opensaml.core.xml.XMLObjectBuilderFactory - Registering builder org.opensaml.saml.saml1.core.impl.AudienceBuilder under key {urn:oasis:names:tc:SAML:1.0:assertion}Audience
14:58:12.425 [Test worker] DEBUG org.opensaml.core.xml.io.MarshallerFactory - Registering marshaller, org.opensaml.saml.saml1.core.impl.AudienceMarshaller, for object type {urn:oasis:names:tc:SAML:1.0:assertion}Audience
14:58:12.425 [Test worker] DEBUG org.opensaml.core.xml.io.UnmarshallerFactory - Registering unmarshaller, org.opensaml.saml.saml1.core.impl.AudienceUnmarshaller, for object type, {urn:oasis:names:tc:SAML:1.0:assertion}Audience
14:58:12.425 [Test worker] DEBUG org.opensaml.core.xml.config.XMLConfigurator - {urn:oasis:names:tc:SAML:1.0:assertion}Audience intialized and configuration cached
14:58:12.425 [Test worker] DEBUG org.opensaml.core.xml.config.XMLConfigurator - Initializing object provider {urn:oasis:names:tc:SAML:1.0:assertion}AudienceRestrictionCondition
14:58:12.425 [Test worker] DEBUG org.opensaml.core.xml.config.XMLObjectProviderRegistry - Registering new builder, marshaller, and unmarshaller for {urn:oasis:names:tc:SAML:1.0:assertion}AudienceRestrictionCondition
14:58:12.425 [Test worker] DEBUG org.opensaml.core.xml.XMLObjectBuilderFactory - Registering builder org.opensaml.saml.saml1.core.impl.AudienceRestrictionConditionBuilder under key {urn:oasis:names:tc:SAML:1.0:assertion}AudienceRestrictionCondition
14:58:12.425 [Test worker] DEBUG org.opensaml.core.xml.io.MarshallerFactory - Registering marshaller, org.opensaml.saml.saml1.core.impl.AudienceRestrictionConditionMarshaller, for object type {urn:oasis:names:tc:SAML:1.0:assertion}AudienceRestrictionCondition
14:58:12.425 [Test worker] DEBUG org.opensaml.core.xml.io.UnmarshallerFactory - Registering unmarshaller, org.opensaml.saml.saml1.core.impl.AudienceRestrictionConditionUnmarshaller, for object type, {urn:oasis:names:tc:SAML:1.0:assertion}AudienceRestrictionCondition
14:58:12.425 [Test worker] DEBUG org.opensaml.core.xml.config.XMLConfigurator - {urn:oasis:names:tc:SAML:1.0:assertion}AudienceRestrictionCondition intialized and configuration cached
14:58:12.425 [Test worker] DEBUG org.opensaml.core.xml.config.XMLConfigurator - Initializing object provider {urn:oasis:names:tc:SAML:1.0:assertion}AudienceRestrictionConditionType
14:58:12.425 [Test worker] DEBUG org.opensaml.core.xml.config.XMLObjectProviderRegistry - Registering new builder, marshaller, and unmarshaller for {urn:oasis:names:tc:SAML:1.0:assertion}AudienceRestrictionConditionType
14:58:12.425 [Test worker] DEBUG org.opensaml.core.xml.XMLObjectBuilderFactory - Registering builder org.opensaml.saml.saml1.core.impl.AudienceRestrictionConditionBuilder under key {urn:oasis:names:tc:SAML:1.0:assertion}AudienceRestrictionConditionType
14:58:12.425 [Test worker] DEBUG org.opensaml.core.xml.io.MarshallerFactory - Registering marshaller, org.opensaml.saml.saml1.core.impl.AudienceRestrictionConditionMarshaller, for object type {urn:oasis:names:tc:SAML:1.0:assertion}AudienceRestrictionConditionType
14:58:12.425 [Test worker] DEBUG org.opensaml.core.xml.io.UnmarshallerFactory - Registering unmarshaller, org.opensaml.saml.saml1.core.impl.AudienceRestrictionConditionUnmarshaller, for object type, {urn:oasis:names:tc:SAML:1.0:assertion}AudienceRestrictionConditionType
14:58:12.425 [Test worker] DEBUG org.opensaml.core.xml.config.XMLConfigurator - {urn:oasis:names:tc:SAML:1.0:assertion}AudienceRestrictionConditionType intialized and configuration cached
14:58:12.425 [Test worker] DEBUG org.opensaml.core.xml.config.XMLConfigurator - Initializing object provider {urn:oasis:names:tc:SAML:1.0:assertion}AuthenticationStatement
14:58:12.426 [Test worker] DEBUG org.opensaml.core.xml.config.XMLObjectProviderRegistry - Registering new builder, marshaller, and unmarshaller for {urn:oasis:names:tc:SAML:1.0:assertion}AuthenticationStatement
14:58:12.426 [Test worker] DEBUG org.opensaml.core.xml.XMLObjectBuilderFactory - Registering builder org.opensaml.saml.saml1.core.impl.AuthenticationStatementBuilder under key {urn:oasis:names:tc:SAML:1.0:assertion}AuthenticationStatement
14:58:12.426 [Test worker] DEBUG org.opensaml.core.xml.io.MarshallerFactory - Registering marshaller, org.opensaml.saml.saml1.core.impl.AuthenticationStatementMarshaller, for object type {urn:oasis:names:tc:SAML:1.0:assertion}AuthenticationStatement
14:58:12.426 [Test worker] DEBUG org.opensaml.core.xml.io.UnmarshallerFactory - Registering unmarshaller, org.opensaml.saml.saml1.core.impl.AuthenticationStatementUnmarshaller, for object type, {urn:oasis:names:tc:SAML:1.0:assertion}AuthenticationStatement
14:58:12.426 [Test worker] DEBUG org.opensaml.core.xml.config.XMLConfigurator - {urn:oasis:names:tc:SAML:1.0:assertion}AuthenticationStatement intialized and configuration cached
14:58:12.426 [Test worker] DEBUG org.opensaml.core.xml.config.XMLConfigurator - Initializing object provider {urn:oasis:names:tc:SAML:1.0:assertion}AuthenticationStatementType
14:58:12.426 [Test worker] DEBUG org.opensaml.core.xml.config.XMLObjectProviderRegistry - Registering new builder, marshaller, and unmarshaller for {urn:oasis:names:tc:SAML:1.0:assertion}AuthenticationStatementType
14:58:12.426 [Test worker] DEBUG org.opensaml.core.xml.XMLObjectBuilderFactory - Registering builder org.opensaml.saml.saml1.core.impl.AuthenticationStatementBuilder under key {urn:oasis:names:tc:SAML:1.0:assertion}AuthenticationStatementType
14:58:12.426 [Test worker] DEBUG org.opensaml.core.xml.io.MarshallerFactory - Registering marshaller, org.opensaml.saml.saml1.core.impl.AuthenticationStatementMarshaller, for object type {urn:oasis:names:tc:SAML:1.0:assertion}AuthenticationStatementType
14:58:12.426 [Test worker] DEBUG org.opensaml.core.xml.io.UnmarshallerFactory - Registering unmarshaller, org.opensaml.saml.saml1.core.impl.AuthenticationStatementUnmarshaller, for object type, {urn:oasis:names:tc:SAML:1.0:assertion}AuthenticationStatementType
14:58:12.426 [Test worker] DEBUG org.opensaml.core.xml.config.XMLConfigurator - {urn:oasis:names:tc:SAML:1.0:assertion}AuthenticationStatementType intialized and configuration cached
14:58:12.426 [Test worker] DEBUG org.opensaml.core.xml.config.XMLConfigurator - Initializing object provider {urn:oasis:names:tc:SAML:1.0:assertion}AuthorityBinding
14:58:12.426 [Test worker] DEBUG org.opensaml.core.xml.config.XMLObjectProviderRegistry - Registering new builder, marshaller, and unmarshaller for {urn:oasis:names:tc:SAML:1.0:assertion}AuthorityBinding
14:58:12.426 [Test worker] DEBUG org.opensaml.core.xml.XMLObjectBuilderFactory - Registering builder org.opensaml.saml.saml1.core.impl.AuthorityBindingBuilder under key {urn:oasis:names:tc:SAML:1.0:assertion}AuthorityBinding
14:58:12.426 [Test worker] DEBUG org.opensaml.core.xml.io.MarshallerFactory - Registering marshaller, org.opensaml.saml.saml1.core.impl.AuthorityBindingMarshaller, for object type {urn:oasis:names:tc:SAML:1.0:assertion}AuthorityBinding
14:58:12.426 [Test worker] DEBUG org.opensaml.core.xml.io.UnmarshallerFactory - Registering unmarshaller, org.opensaml.saml.saml1.core.impl.AuthorityBindingUnmarshaller, for object type, {urn:oasis:names:tc:SAML:1.0:assertion}AuthorityBinding
14:58:12.426 [Test worker] DEBUG org.opensaml.core.xml.config.XMLConfigurator - {urn:oasis:names:tc:SAML:1.0:assertion}AuthorityBinding intialized and configuration cached
14:58:12.426 [Test worker] DEBUG org.opensaml.core.xml.config.XMLConfigurator - Initializing object provider {urn:oasis:names:tc:SAML:1.0:assertion}AuthorityBindingType
14:58:12.426 [Test worker] DEBUG org.opensaml.core.xml.config.XMLObjectProviderRegistry - Registering new builder, marshaller, and unmarshaller for {urn:oasis:names:tc:SAML:1.0:assertion}AuthorityBindingType
14:58:12.426 [Test worker] DEBUG org.opensaml.core.xml.XMLObjectBuilderFactory - Registering builder org.opensaml.saml.saml1.core.impl.AuthorityBindingBuilder under key {urn:oasis:names:tc:SAML:1.0:assertion}AuthorityBindingType
14:58:12.426 [Test worker] DEBUG org.opensaml.core.xml.io.MarshallerFactory - Registering marshaller, org.opensaml.saml.saml1.core.impl.AuthorityBindingMarshaller, for object type {urn:oasis:names:tc:SAML:1.0:assertion}AuthorityBindingType
14:58:12.426 [Test worker] DEBUG org.opensaml.core.xml.io.UnmarshallerFactory - Registering unmarshaller, org.opensaml.saml.saml1.core.impl.AuthorityBindingUnmarshaller, for object type, {urn:oasis:names:tc:SAML:1.0:assertion}AuthorityBindingType
14:58:12.426 [Test worker] DEBUG org.opensaml.core.xml.config.XMLConfigurator - {urn:oasis:names:tc:SAML:1.0:assertion}AuthorityBindingType intialized and configuration cached
14:58:12.426 [Test worker] DEBUG org.opensaml.core.xml.config.XMLConfigurator - Initializing object provider {urn:oasis:names:tc:SAML:1.0:assertion}AuthorizationDecisionStatement
14:58:12.426 [Test worker] DEBUG org.opensaml.core.xml.config.XMLObjectProviderRegistry - Registering new builder, marshaller, and unmarshaller for {urn:oasis:names:tc:SAML:1.0:assertion}AuthorizationDecisionStatement
14:58:12.426 [Test worker] DEBUG org.opensaml.core.xml.XMLObjectBuilderFactory - Registering builder org.opensaml.saml.saml1.core.impl.AuthorizationDecisionStatementBuilder under key {urn:oasis:names:tc:SAML:1.0:assertion}AuthorizationDecisionStatement
14:58:12.426 [Test worker] DEBUG org.opensaml.core.xml.io.MarshallerFactory - Registering marshaller, org.opensaml.saml.saml1.core.impl.AuthorizationDecisionStatementMarshaller, for object type {urn:oasis:names:tc:SAML:1.0:assertion}AuthorizationDecisionStatement
14:58:12.426 [Test worker] DEBUG org.opensaml.core.xml.io.UnmarshallerFactory - Registering unmarshaller, org.opensaml.saml.saml1.core.impl.AuthorizationDecisionStatementUnmarshaller, for object type, {urn:oasis:names:tc:SAML:1.0:assertion}AuthorizationDecisionStatement
14:58:12.426 [Test worker] DEBUG org.opensaml.core.xml.config.XMLConfigurator - {urn:oasis:names:tc:SAML:1.0:assertion}AuthorizationDecisionStatement intialized and configuration cached
14:58:12.426 [Test worker] DEBUG org.opensaml.core.xml.config.XMLConfigurator - Initializing object provider {urn:oasis:names:tc:SAML:1.0:assertion}AuthorizationDecisionStatementType
14:58:12.426 [Test worker] DEBUG org.opensaml.core.xml.config.XMLObjectProviderRegistry - Registering new builder, marshaller, and unmarshaller for {urn:oasis:names:tc:SAML:1.0:assertion}AuthorizationDecisionStatementType
14:58:12.426 [Test worker] DEBUG org.opensaml.core.xml.XMLObjectBuilderFactory - Registering builder org.opensaml.saml.saml1.core.impl.AuthorizationDecisionStatementBuilder under key {urn:oasis:names:tc:SAML:1.0:assertion}AuthorizationDecisionStatementType
14:58:12.426 [Test worker] DEBUG org.opensaml.core.xml.io.MarshallerFactory - Registering marshaller, org.opensaml.saml.saml1.core.impl.AuthorizationDecisionStatementMarshaller, for object type {urn:oasis:names:tc:SAML:1.0:assertion}AuthorizationDecisionStatementType
14:58:12.426 [Test worker] DEBUG org.opensaml.core.xml.io.UnmarshallerFactory - Registering unmarshaller, org.opensaml.saml.saml1.core.impl.AuthorizationDecisionStatementUnmarshaller, for object type, {urn:oasis:names:tc:SAML:1.0:assertion}AuthorizationDecisionStatementType
14:58:12.426 [Test worker] DEBUG org.opensaml.core.xml.config.XMLConfigurator - {urn:oasis:names:tc:SAML:1.0:assertion}AuthorizationDecisionStatementType intialized and configuration cached
14:58:12.426 [Test worker] DEBUG org.opensaml.core.xml.config.XMLConfigurator - Initializing object provider {urn:oasis:names:tc:SAML:1.0:assertion}Conditions
14:58:12.426 [Test worker] DEBUG org.opensaml.core.xml.config.XMLObjectProviderRegistry - Registering new builder, marshaller, and unmarshaller for {urn:oasis:names:tc:SAML:1.0:assertion}Conditions
14:58:12.426 [Test worker] DEBUG org.opensaml.core.xml.XMLObjectBuilderFactory - Registering builder org.opensaml.saml.saml1.core.impl.ConditionsBuilder under key {urn:oasis:names:tc:SAML:1.0:assertion}Conditions
14:58:12.426 [Test worker] DEBUG org.opensaml.core.xml.io.MarshallerFactory - Registering marshaller, org.opensaml.saml.saml1.core.impl.ConditionsMarshaller, for object type {urn:oasis:names:tc:SAML:1.0:assertion}Conditions
14:58:12.426 [Test worker] DEBUG org.opensaml.core.xml.io.UnmarshallerFactory - Registering unmarshaller, org.opensaml.saml.saml1.core.impl.ConditionsUnmarshaller, for object type, {urn:oasis:names:tc:SAML:1.0:assertion}Conditions
14:58:12.426 [Test worker] DEBUG org.opensaml.core.xml.config.XMLConfigurator - {urn:oasis:names:tc:SAML:1.0:assertion}Conditions intialized and configuration cached
14:58:12.426 [Test worker] DEBUG org.opensaml.core.xml.config.XMLConfigurator - Initializing object provider {urn:oasis:names:tc:SAML:1.0:assertion}ConditionsType
14:58:12.426 [Test worker] DEBUG org.opensaml.core.xml.config.XMLObjectProviderRegistry - Registering new builder, marshaller, and unmarshaller for {urn:oasis:names:tc:SAML:1.0:assertion}ConditionsType
14:58:12.426 [Test worker] DEBUG org.opensaml.core.xml.XMLObjectBuilderFactory - Registering builder org.opensaml.saml.saml1.core.impl.ConditionsBuilder under key {urn:oasis:names:tc:SAML:1.0:assertion}ConditionsType
14:58:12.426 [Test worker] DEBUG org.opensaml.core.xml.io.MarshallerFactory - Registering marshaller, org.opensaml.saml.saml1.core.impl.ConditionsMarshaller, for object type {urn:oasis:names:tc:SAML:1.0:assertion}ConditionsType
14:58:12.426 [Test worker] DEBUG org.opensaml.core.xml.io.UnmarshallerFactory - Registering unmarshaller, org.opensaml.saml.saml1.core.impl.ConditionsUnmarshaller, for object type, {urn:oasis:names:tc:SAML:1.0:assertion}ConditionsType
14:58:12.426 [Test worker] DEBUG org.opensaml.core.xml.config.XMLConfigurator - {urn:oasis:names:tc:SAML:1.0:assertion}ConditionsType intialized and configuration cached
14:58:12.426 [Test worker] DEBUG org.opensaml.core.xml.config.XMLConfigurator - Initializing object provider {urn:oasis:names:tc:SAML:1.0:assertion}ConfirmationMethod
14:58:12.426 [Test worker] DEBUG org.opensaml.core.xml.config.XMLObjectProviderRegistry - Registering new builder, marshaller, and unmarshaller for {urn:oasis:names:tc:SAML:1.0:assertion}ConfirmationMethod
14:58:12.426 [Test worker] DEBUG org.opensaml.core.xml.XMLObjectBuilderFactory - Registering builder org.opensaml.saml.saml1.core.impl.ConfirmationMethodBuilder under key {urn:oasis:names:tc:SAML:1.0:assertion}ConfirmationMethod
14:58:12.426 [Test worker] DEBUG org.opensaml.core.xml.io.MarshallerFactory - Registering marshaller, org.opensaml.saml.saml1.core.impl.ConfirmationMethodMarshaller, for object type {urn:oasis:names:tc:SAML:1.0:assertion}ConfirmationMethod
14:58:12.426 [Test worker] DEBUG org.opensaml.core.xml.io.UnmarshallerFactory - Registering unmarshaller, org.opensaml.saml.saml1.core.impl.ConfirmationMethodUnmarshaller, for object type, {urn:oasis:names:tc:SAML:1.0:assertion}ConfirmationMethod
14:58:12.426 [Test worker] DEBUG org.opensaml.core.xml.config.XMLConfigurator - {urn:oasis:names:tc:SAML:1.0:assertion}ConfirmationMethod intialized and configuration cached
14:58:12.426 [Test worker] DEBUG org.opensaml.core.xml.config.XMLConfigurator - Initializing object provider {urn:oasis:names:tc:SAML:1.0:assertion}DoNotCacheCondition
14:58:12.426 [Test worker] DEBUG org.opensaml.core.xml.config.XMLObjectProviderRegistry - Registering new builder, marshaller, and unmarshaller for {urn:oasis:names:tc:SAML:1.0:assertion}DoNotCacheCondition
14:58:12.426 [Test worker] DEBUG org.opensaml.core.xml.XMLObjectBuilderFactory - Registering builder org.opensaml.saml.saml1.core.impl.DoNotCacheConditionBuilder under key {urn:oasis:names:tc:SAML:1.0:assertion}DoNotCacheCondition
14:58:12.426 [Test worker] DEBUG org.opensaml.core.xml.io.MarshallerFactory - Registering marshaller, org.opensaml.saml.saml1.core.impl.DoNotCacheConditionMarshaller, for object type {urn:oasis:names:tc:SAML:1.0:assertion}DoNotCacheCondition
14:58:12.426 [Test worker] DEBUG org.opensaml.core.xml.io.UnmarshallerFactory - Registering unmarshaller, org.opensaml.saml.saml1.core.impl.DoNotCacheConditionUnmarshaller, for object type, {urn:oasis:names:tc:SAML:1.0:assertion}DoNotCacheCondition
14:58:12.426 [Test worker] DEBUG org.opensaml.core.xml.config.XMLConfigurator - {urn:oasis:names:tc:SAML:1.0:assertion}DoNotCacheCondition intialized and configuration cached
14:58:12.426 [Test worker] DEBUG org.opensaml.core.xml.config.XMLConfigurator - Initializing object provider {urn:oasis:names:tc:SAML:1.0:assertion}DoNotCacheConditionType
14:58:12.426 [Test worker] DEBUG org.opensaml.core.xml.config.XMLObjectProviderRegistry - Registering new builder, marshaller, and unmarshaller for {urn:oasis:names:tc:SAML:1.0:assertion}DoNotCacheConditionType
14:58:12.426 [Test worker] DEBUG org.opensaml.core.xml.XMLObjectBuilderFactory - Registering builder org.opensaml.saml.saml1.core.impl.DoNotCacheConditionBuilder under key {urn:oasis:names:tc:SAML:1.0:assertion}DoNotCacheConditionType
14:58:12.426 [Test worker] DEBUG org.opensaml.core.xml.io.MarshallerFactory - Registering marshaller, org.opensaml.saml.saml1.core.impl.DoNotCacheConditionMarshaller, for object type {urn:oasis:names:tc:SAML:1.0:assertion}DoNotCacheConditionType
14:58:12.426 [Test worker] DEBUG org.opensaml.core.xml.io.UnmarshallerFactory - Registering unmarshaller, org.opensaml.saml.saml1.core.impl.DoNotCacheConditionUnmarshaller, for object type, {urn:oasis:names:tc:SAML:1.0:assertion}DoNotCacheConditionType
14:58:12.427 [Test worker] DEBUG org.opensaml.core.xml.config.XMLConfigurator - {urn:oasis:names:tc:SAML:1.0:assertion}DoNotCacheConditionType intialized and configuration cached
14:58:12.427 [Test worker] DEBUG org.opensaml.core.xml.config.XMLConfigurator - Initializing object provider {urn:oasis:names:tc:SAML:1.0:assertion}Evidence
14:58:12.427 [Test worker] DEBUG org.opensaml.core.xml.config.XMLObjectProviderRegistry - Registering new builder, marshaller, and unmarshaller for {urn:oasis:names:tc:SAML:1.0:assertion}Evidence
14:58:12.427 [Test worker] DEBUG org.opensaml.core.xml.XMLObjectBuilderFactory - Registering builder org.opensaml.saml.saml1.core.impl.EvidenceBuilder under key {urn:oasis:names:tc:SAML:1.0:assertion}Evidence
14:58:12.427 [Test worker] DEBUG org.opensaml.core.xml.io.MarshallerFactory - Registering marshaller, org.opensaml.saml.saml1.core.impl.EvidenceMarshaller, for object type {urn:oasis:names:tc:SAML:1.0:assertion}Evidence
14:58:12.427 [Test worker] DEBUG org.opensaml.core.xml.io.UnmarshallerFactory - Registering unmarshaller, org.opensaml.saml.saml1.core.impl.EvidenceUnmarshaller, for object type, {urn:oasis:names:tc:SAML:1.0:assertion}Evidence
14:58:12.427 [Test worker] DEBUG org.opensaml.core.xml.config.XMLConfigurator - {urn:oasis:names:tc:SAML:1.0:assertion}Evidence intialized and configuration cached
14:58:12.427 [Test worker] DEBUG org.opensaml.core.xml.config.XMLConfigurator - Initializing object provider {urn:oasis:names:tc:SAML:1.0:assertion}EvidenceType
14:58:12.427 [Test worker] DEBUG org.opensaml.core.xml.config.XMLObjectProviderRegistry - Registering new builder, marshaller, and unmarshaller for {urn:oasis:names:tc:SAML:1.0:assertion}EvidenceType
14:58:12.427 [Test worker] DEBUG org.opensaml.core.xml.XMLObjectBuilderFactory - Registering builder org.opensaml.saml.saml1.core.impl.EvidenceBuilder under key {urn:oasis:names:tc:SAML:1.0:assertion}EvidenceType
14:58:12.427 [Test worker] DEBUG org.opensaml.core.xml.io.MarshallerFactory - Registering marshaller, org.opensaml.saml.saml1.core.impl.EvidenceMarshaller, for object type {urn:oasis:names:tc:SAML:1.0:assertion}EvidenceType
14:58:12.427 [Test worker] DEBUG org.opensaml.core.xml.io.UnmarshallerFactory - Registering unmarshaller, org.opensaml.saml.saml1.core.impl.EvidenceUnmarshaller, for object type, {urn:oasis:names:tc:SAML:1.0:assertion}EvidenceType
14:58:12.427 [Test worker] DEBUG org.opensaml.core.xml.config.XMLConfigurator - {urn:oasis:names:tc:SAML:1.0:assertion}EvidenceType intialized and configuration cached
14:58:12.427 [Test worker] DEBUG org.opensaml.core.xml.config.XMLConfigurator - Initializing object provider {urn:oasis:names:tc:SAML:1.0:assertion}NameIdentifier
14:58:12.427 [Test worker] DEBUG org.opensaml.core.xml.config.XMLObjectProviderRegistry - Registering new builder, marshaller, and unmarshaller for {urn:oasis:names:tc:SAML:1.0:assertion}NameIdentifier
14:58:12.427 [Test worker] DEBUG org.opensaml.core.xml.XMLObjectBuilderFactory - Registering builder org.opensaml.saml.saml1.core.impl.NameIdentifierBuilder under key {urn:oasis:names:tc:SAML:1.0:assertion}NameIdentifier
14:58:12.427 [Test worker] DEBUG org.opensaml.core.xml.io.MarshallerFactory - Registering marshaller, org.opensaml.saml.saml1.core.impl.NameIdentifierMarshaller, for object type {urn:oasis:names:tc:SAML:1.0:assertion}NameIdentifier
14:58:12.427 [Test worker] DEBUG org.opensaml.core.xml.io.UnmarshallerFactory - Registering unmarshaller, org.opensaml.saml.saml1.core.impl.NameIdentifierUnmarshaller, for object type, {urn:oasis:names:tc:SAML:1.0:assertion}NameIdentifier
14:58:12.427 [Test worker] DEBUG org.opensaml.core.xml.config.XMLConfigurator - {urn:oasis:names:tc:SAML:1.0:assertion}NameIdentifier intialized and configuration cached
14:58:12.427 [Test worker] DEBUG org.opensaml.core.xml.config.XMLConfigurator - Initializing object provider {urn:oasis:names:tc:SAML:1.0:assertion}NameIdentifierType
14:58:12.427 [Test worker] DEBUG org.opensaml.core.xml.config.XMLObjectProviderRegistry - Registering new builder, marshaller, and unmarshaller for {urn:oasis:names:tc:SAML:1.0:assertion}NameIdentifierType
14:58:12.427 [Test worker] DEBUG org.opensaml.core.xml.XMLObjectBuilderFactory - Registering builder org.opensaml.saml.saml1.core.impl.NameIdentifierBuilder under key {urn:oasis:names:tc:SAML:1.0:assertion}NameIdentifierType
14:58:12.427 [Test worker] DEBUG org.opensaml.core.xml.io.MarshallerFactory - Registering marshaller, org.opensaml.saml.saml1.core.impl.NameIdentifierMarshaller, for object type {urn:oasis:names:tc:SAML:1.0:assertion}NameIdentifierType
14:58:12.427 [Test worker] DEBUG org.opensaml.core.xml.io.UnmarshallerFactory - Registering unmarshaller, org.opensaml.saml.saml1.core.impl.NameIdentifierUnmarshaller, for object type, {urn:oasis:names:tc:SAML:1.0:assertion}NameIdentifierType
14:58:12.427 [Test worker] DEBUG org.opensaml.core.xml.config.XMLConfigurator - {urn:oasis:names:tc:SAML:1.0:assertion}NameIdentifierType intialized and configuration cached
14:58:12.427 [Test worker] DEBUG org.opensaml.core.xml.config.XMLConfigurator - Initializing object provider {urn:oasis:names:tc:SAML:1.0:assertion}Subject
14:58:12.427 [Test worker] DEBUG org.opensaml.core.xml.config.XMLObjectProviderRegistry - Registering new builder, marshaller, and unmarshaller for {urn:oasis:names:tc:SAML:1.0:assertion}Subject
14:58:12.427 [Test worker] DEBUG org.opensaml.core.xml.XMLObjectBuilderFactory - Registering builder org.opensaml.saml.saml1.core.impl.SubjectBuilder under key {urn:oasis:names:tc:SAML:1.0:assertion}Subject
14:58:12.427 [Test worker] DEBUG org.opensaml.core.xml.io.MarshallerFactory - Registering marshaller, org.opensaml.saml.saml1.core.impl.SubjectMarshaller, for object type {urn:oasis:names:tc:SAML:1.0:assertion}Subject
14:58:12.427 [Test worker] DEBUG org.opensaml.core.xml.io.UnmarshallerFactory - Registering unmarshaller, org.opensaml.saml.saml1.core.impl.SubjectUnmarshaller, for object type, {urn:oasis:names:tc:SAML:1.0:assertion}Subject
14:58:12.427 [Test worker] DEBUG org.opensaml.core.xml.config.XMLConfigurator - {urn:oasis:names:tc:SAML:1.0:assertion}Subject intialized and configuration cached
14:58:12.427 [Test worker] DEBUG org.opensaml.core.xml.config.XMLConfigurator - Initializing object provider {urn:oasis:names:tc:SAML:1.0:assertion}SubjectType
14:58:12.427 [Test worker] DEBUG org.opensaml.core.xml.config.XMLObjectProviderRegistry - Registering new builder, marshaller, and unmarshaller for {urn:oasis:names:tc:SAML:1.0:assertion}SubjectType
14:58:12.427 [Test worker] DEBUG org.opensaml.core.xml.XMLObjectBuilderFactory - Registering builder org.opensaml.saml.saml1.core.impl.SubjectBuilder under key {urn:oasis:names:tc:SAML:1.0:assertion}SubjectType
14:58:12.427 [Test worker] DEBUG org.opensaml.core.xml.io.MarshallerFactory - Registering marshaller, org.opensaml.saml.saml1.core.impl.SubjectMarshaller, for object type {urn:oasis:names:tc:SAML:1.0:assertion}SubjectType
14:58:12.427 [Test worker] DEBUG org.opensaml.core.xml.io.UnmarshallerFactory - Registering unmarshaller, org.opensaml.saml.saml1.core.impl.SubjectUnmarshaller, for object type, {urn:oasis:names:tc:SAML:1.0:assertion}SubjectType
14:58:12.427 [Test worker] DEBUG org.opensaml.core.xml.config.XMLConfigurator - {urn:oasis:names:tc:SAML:1.0:assertion}SubjectType intialized and configuration cached
14:58:12.427 [Test worker] DEBUG org.opensaml.core.xml.config.XMLConfigurator - Initializing object provider {urn:oasis:names:tc:SAML:1.0:assertion}SubjectConfirmation
14:58:12.427 [Test worker] DEBUG org.opensaml.core.xml.config.XMLObjectProviderRegistry - Registering new builder, marshaller, and unmarshaller for {urn:oasis:names:tc:SAML:1.0:assertion}SubjectConfirmation
14:58:12.427 [Test worker] DEBUG org.opensaml.core.xml.XMLObjectBuilderFactory - Registering builder org.opensaml.saml.saml1.core.impl.SubjectConfirmationBuilder under key {urn:oasis:names:tc:SAML:1.0:assertion}SubjectConfirmation
14:58:12.427 [Test worker] DEBUG org.opensaml.core.xml.io.MarshallerFactory - Registering marshaller, org.opensaml.saml.saml1.core.impl.SubjectConfirmationMarshaller, for object type {urn:oasis:names:tc:SAML:1.0:assertion}SubjectConfirmation
14:58:12.427 [Test worker] DEBUG org.opensaml.core.xml.io.UnmarshallerFactory - Registering unmarshaller, org.opensaml.saml.saml1.core.impl.SubjectConfirmationUnmarshaller, for object type, {urn:oasis:names:tc:SAML:1.0:assertion}SubjectConfirmation
14:58:12.427 [Test worker] DEBUG org.opensaml.core.xml.config.XMLConfigurator - {urn:oasis:names:tc:SAML:1.0:assertion}SubjectConfirmation intialized and configuration cached
14:58:12.427 [Test worker] DEBUG org.opensaml.core.xml.config.XMLConfigurator - Initializing object provider {urn:oasis:names:tc:SAML:1.0:assertion}SubjectConfirmationType
14:58:12.427 [Test worker] DEBUG org.opensaml.core.xml.config.XMLObjectProviderRegistry - Registering new builder, marshaller, and unmarshaller for {urn:oasis:names:tc:SAML:1.0:assertion}SubjectConfirmationType
14:58:12.427 [Test worker] DEBUG org.opensaml.core.xml.XMLObjectBuilderFactory - Registering builder org.opensaml.saml.saml1.core.impl.SubjectConfirmationBuilder under key {urn:oasis:names:tc:SAML:1.0:assertion}SubjectConfirmationType
14:58:12.427 [Test worker] DEBUG org.opensaml.core.xml.io.MarshallerFactory - Registering marshaller, org.opensaml.saml.saml1.core.impl.SubjectConfirmationMarshaller, for object type {urn:oasis:names:tc:SAML:1.0:assertion}SubjectConfirmationType
14:58:12.427 [Test worker] DEBUG org.opensaml.core.xml.io.UnmarshallerFactory - Registering unmarshaller, org.opensaml.saml.saml1.core.impl.SubjectConfirmationUnmarshaller, for object type, {urn:oasis:names:tc:SAML:1.0:assertion}SubjectConfirmationType
14:58:12.427 [Test worker] DEBUG org.opensaml.core.xml.config.XMLConfigurator - {urn:oasis:names:tc:SAML:1.0:assertion}SubjectConfirmationType intialized and configuration cached
14:58:12.427 [Test worker] DEBUG org.opensaml.core.xml.config.XMLConfigurator - Initializing object provider {urn:oasis:names:tc:SAML:1.0:assertion}SubjectLocality
14:58:12.427 [Test worker] DEBUG org.opensaml.core.xml.config.XMLObjectProviderRegistry - Registering new builder, marshaller, and unmarshaller for {urn:oasis:names:tc:SAML:1.0:assertion}SubjectLocality
14:58:12.427 [Test worker] DEBUG org.opensaml.core.xml.XMLObjectBuilderFactory - Registering builder org.opensaml.saml.saml1.core.impl.SubjectLocalityBuilder under key {urn:oasis:names:tc:SAML:1.0:assertion}SubjectLocality
14:58:12.427 [Test worker] DEBUG org.opensaml.core.xml.io.MarshallerFactory - Registering marshaller, org.opensaml.saml.saml1.core.impl.SubjectLocalityMarshaller, for object type {urn:oasis:names:tc:SAML:1.0:assertion}SubjectLocality
14:58:12.427 [Test worker] DEBUG org.opensaml.core.xml.io.UnmarshallerFactory - Registering unmarshaller, org.opensaml.saml.saml1.core.impl.SubjectLocalityUnmarshaller, for object type, {urn:oasis:names:tc:SAML:1.0:assertion}SubjectLocality
14:58:12.427 [Test worker] DEBUG org.opensaml.core.xml.config.XMLConfigurator - {urn:oasis:names:tc:SAML:1.0:assertion}SubjectLocality intialized and configuration cached
14:58:12.427 [Test worker] DEBUG org.opensaml.core.xml.config.XMLConfigurator - Initializing object provider {urn:oasis:names:tc:SAML:1.0:assertion}SubjectLocalityType
14:58:12.427 [Test worker] DEBUG org.opensaml.core.xml.config.XMLObjectProviderRegistry - Registering new builder, marshaller, and unmarshaller for {urn:oasis:names:tc:SAML:1.0:assertion}SubjectLocalityType
14:58:12.427 [Test worker] DEBUG org.opensaml.core.xml.XMLObjectBuilderFactory - Registering builder org.opensaml.saml.saml1.core.impl.SubjectLocalityBuilder under key {urn:oasis:names:tc:SAML:1.0:assertion}SubjectLocalityType
14:58:12.427 [Test worker] DEBUG org.opensaml.core.xml.io.MarshallerFactory - Registering marshaller, org.opensaml.saml.saml1.core.impl.SubjectLocalityMarshaller, for object type {urn:oasis:names:tc:SAML:1.0:assertion}SubjectLocalityType
14:58:12.427 [Test worker] DEBUG org.opensaml.core.xml.io.UnmarshallerFactory - Registering unmarshaller, org.opensaml.saml.saml1.core.impl.SubjectLocalityUnmarshaller, for object type, {urn:oasis:names:tc:SAML:1.0:assertion}SubjectLocalityType
14:58:12.427 [Test worker] DEBUG org.opensaml.core.xml.config.XMLConfigurator - {urn:oasis:names:tc:SAML:1.0:assertion}SubjectLocalityType intialized and configuration cached
14:58:12.427 [Test worker] DEBUG org.opensaml.core.xml.config.XMLConfigurator - ObjectProviders load complete
14:58:12.427 [Test worker] DEBUG org.opensaml.core.xml.config.AbstractXMLObjectProviderInitializer - Loading XMLObject provider configuration from resource 'saml1-metadata-config.xml'
14:58:12.428 [Test worker] DEBUG org.opensaml.core.xml.config.XMLConfigurator - Loading configuration from XML Document
14:58:12.428 [Test worker] DEBUG org.opensaml.core.xml.config.XMLConfigurator - Schema validating configuration Document
14:58:12.429 [Test worker] DEBUG org.opensaml.core.xml.config.XMLConfigurator - Configuration document validated
14:58:12.429 [Test worker] DEBUG org.opensaml.core.xml.config.XMLConfigurator - Preparing to load ObjectProviders
14:58:12.429 [Test worker] DEBUG org.opensaml.core.xml.config.XMLConfigurator - Initializing object provider {urn:oasis:names:tc:SAML:profiles:v1metadata}SourceID
14:58:12.429 [Test worker] DEBUG org.opensaml.core.xml.config.XMLObjectProviderRegistry - Registering new builder, marshaller, and unmarshaller for {urn:oasis:names:tc:SAML:profiles:v1metadata}SourceID
14:58:12.429 [Test worker] DEBUG org.opensaml.core.xml.XMLObjectBuilderFactory - Registering builder org.opensaml.saml.ext.saml1md.impl.SourceIDBuilder under key {urn:oasis:names:tc:SAML:profiles:v1metadata}SourceID
14:58:12.429 [Test worker] DEBUG org.opensaml.core.xml.io.MarshallerFactory - Registering marshaller, org.opensaml.core.xml.schema.impl.XSStringMarshaller, for object type {urn:oasis:names:tc:SAML:profiles:v1metadata}SourceID
14:58:12.429 [Test worker] DEBUG org.opensaml.core.xml.io.UnmarshallerFactory - Registering unmarshaller, org.opensaml.core.xml.schema.impl.XSStringUnmarshaller, for object type, {urn:oasis:names:tc:SAML:profiles:v1metadata}SourceID
14:58:12.429 [Test worker] DEBUG org.opensaml.core.xml.config.XMLConfigurator - {urn:oasis:names:tc:SAML:profiles:v1metadata}SourceID intialized and configuration cached
14:58:12.429 [Test worker] DEBUG org.opensaml.core.xml.config.XMLConfigurator - ObjectProviders load complete
14:58:12.429 [Test worker] DEBUG org.opensaml.core.xml.config.AbstractXMLObjectProviderInitializer - Loading XMLObject provider configuration from resource 'saml1-protocol-config.xml'
14:58:12.430 [Test worker] DEBUG org.opensaml.core.xml.config.XMLConfigurator - Loading configuration from XML Document
14:58:12.430 [Test worker] DEBUG org.opensaml.core.xml.config.XMLConfigurator - Schema validating configuration Document
14:58:12.431 [Test worker] DEBUG org.opensaml.core.xml.config.XMLConfigurator - Configuration document validated
14:58:12.431 [Test worker] DEBUG org.opensaml.core.xml.config.XMLConfigurator - Preparing to load ObjectProviders
14:58:12.431 [Test worker] DEBUG org.opensaml.core.xml.config.XMLConfigurator - Initializing object provider {urn:oasis:names:tc:SAML:1.0:protocol}AssertionArtifact
14:58:12.431 [Test worker] DEBUG org.opensaml.core.xml.config.XMLObjectProviderRegistry - Registering new builder, marshaller, and unmarshaller for {urn:oasis:names:tc:SAML:1.0:protocol}AssertionArtifact
14:58:12.431 [Test worker] DEBUG org.opensaml.core.xml.XMLObjectBuilderFactory - Registering builder org.opensaml.saml.saml1.core.impl.AssertionArtifactBuilder under key {urn:oasis:names:tc:SAML:1.0:protocol}AssertionArtifact
14:58:12.431 [Test worker] DEBUG org.opensaml.core.xml.io.MarshallerFactory - Registering marshaller, org.opensaml.saml.saml1.core.impl.AssertionArtifactMarshaller, for object type {urn:oasis:names:tc:SAML:1.0:protocol}AssertionArtifact
14:58:12.431 [Test worker] DEBUG org.opensaml.core.xml.io.UnmarshallerFactory - Registering unmarshaller, org.opensaml.saml.saml1.core.impl.AssertionArtifactUnmarshaller, for object type, {urn:oasis:names:tc:SAML:1.0:protocol}AssertionArtifact
14:58:12.431 [Test worker] DEBUG org.opensaml.core.xml.config.XMLConfigurator - {urn:oasis:names:tc:SAML:1.0:protocol}AssertionArtifact intialized and configuration cached
14:58:12.431 [Test worker] DEBUG org.opensaml.core.xml.config.XMLConfigurator - Initializing object provider {urn:oasis:names:tc:SAML:1.0:protocol}AttributeQuery
14:58:12.431 [Test worker] DEBUG org.opensaml.core.xml.config.XMLObjectProviderRegistry - Registering new builder, marshaller, and unmarshaller for {urn:oasis:names:tc:SAML:1.0:protocol}AttributeQuery
14:58:12.431 [Test worker] DEBUG org.opensaml.core.xml.XMLObjectBuilderFactory - Registering builder org.opensaml.saml.saml1.core.impl.AttributeQueryBuilder under key {urn:oasis:names:tc:SAML:1.0:protocol}AttributeQuery
14:58:12.431 [Test worker] DEBUG org.opensaml.core.xml.io.MarshallerFactory - Registering marshaller, org.opensaml.saml.saml1.core.impl.AttributeQueryMarshaller, for object type {urn:oasis:names:tc:SAML:1.0:protocol}AttributeQuery
14:58:12.431 [Test worker] DEBUG org.opensaml.core.xml.io.UnmarshallerFactory - Registering unmarshaller, org.opensaml.saml.saml1.core.impl.AttributeQueryUnmarshaller, for object type, {urn:oasis:names:tc:SAML:1.0:protocol}AttributeQuery
14:58:12.431 [Test worker] DEBUG org.opensaml.core.xml.config.XMLConfigurator - {urn:oasis:names:tc:SAML:1.0:protocol}AttributeQuery intialized and configuration cached
14:58:12.431 [Test worker] DEBUG org.opensaml.core.xml.config.XMLConfigurator - Initializing object provider {urn:oasis:names:tc:SAML:1.0:protocol}AttributeQueryType
14:58:12.431 [Test worker] DEBUG org.opensaml.core.xml.config.XMLObjectProviderRegistry - Registering new builder, marshaller, and unmarshaller for {urn:oasis:names:tc:SAML:1.0:protocol}AttributeQueryType
14:58:12.431 [Test worker] DEBUG org.opensaml.core.xml.XMLObjectBuilderFactory - Registering builder org.opensaml.saml.saml1.core.impl.AttributeQueryBuilder under key {urn:oasis:names:tc:SAML:1.0:protocol}AttributeQueryType
14:58:12.431 [Test worker] DEBUG org.opensaml.core.xml.io.MarshallerFactory - Registering marshaller, org.opensaml.saml.saml1.core.impl.AttributeQueryMarshaller, for object type {urn:oasis:names:tc:SAML:1.0:protocol}AttributeQueryType
14:58:12.431 [Test worker] DEBUG org.opensaml.core.xml.io.UnmarshallerFactory - Registering unmarshaller, org.opensaml.saml.saml1.core.impl.AttributeQueryUnmarshaller, for object type, {urn:oasis:names:tc:SAML:1.0:protocol}AttributeQueryType
14:58:12.431 [Test worker] DEBUG org.opensaml.core.xml.config.XMLConfigurator - {urn:oasis:names:tc:SAML:1.0:protocol}AttributeQueryType intialized and configuration cached
14:58:12.431 [Test worker] DEBUG org.opensaml.core.xml.config.XMLConfigurator - Initializing object provider {urn:oasis:names:tc:SAML:1.0:protocol}AuthenticationQuery
14:58:12.431 [Test worker] DEBUG org.opensaml.core.xml.config.XMLObjectProviderRegistry - Registering new builder, marshaller, and unmarshaller for {urn:oasis:names:tc:SAML:1.0:protocol}AuthenticationQuery
14:58:12.431 [Test worker] DEBUG org.opensaml.core.xml.XMLObjectBuilderFactory - Registering builder org.opensaml.saml.saml1.core.impl.AuthenticationQueryBuilder under key {urn:oasis:names:tc:SAML:1.0:protocol}AuthenticationQuery
14:58:12.431 [Test worker] DEBUG org.opensaml.core.xml.io.MarshallerFactory - Registering marshaller, org.opensaml.saml.saml1.core.impl.AuthenticationQueryMarshaller, for object type {urn:oasis:names:tc:SAML:1.0:protocol}AuthenticationQuery
14:58:12.431 [Test worker] DEBUG org.opensaml.core.xml.io.UnmarshallerFactory - Registering unmarshaller, org.opensaml.saml.saml1.core.impl.AuthenticationQueryUnmarshaller, for object type, {urn:oasis:names:tc:SAML:1.0:protocol}AuthenticationQuery
14:58:12.431 [Test worker] DEBUG org.opensaml.core.xml.config.XMLConfigurator - {urn:oasis:names:tc:SAML:1.0:protocol}AuthenticationQuery intialized and configuration cached
14:58:12.431 [Test worker] DEBUG org.opensaml.core.xml.config.XMLConfigurator - Initializing object provider {urn:oasis:names:tc:SAML:1.0:protocol}AuthenticationQueryType
14:58:12.431 [Test worker] DEBUG org.opensaml.core.xml.config.XMLObjectProviderRegistry - Registering new builder, marshaller, and unmarshaller for {urn:oasis:names:tc:SAML:1.0:protocol}AuthenticationQueryType
14:58:12.431 [Test worker] DEBUG org.opensaml.core.xml.XMLObjectBuilderFactory - Registering builder org.opensaml.saml.saml1.core.impl.AuthenticationQueryBuilder under key {urn:oasis:names:tc:SAML:1.0:protocol}AuthenticationQueryType
14:58:12.431 [Test worker] DEBUG org.opensaml.core.xml.io.MarshallerFactory - Registering marshaller, org.opensaml.saml.saml1.core.impl.AuthenticationQueryMarshaller, for object type {urn:oasis:names:tc:SAML:1.0:protocol}AuthenticationQueryType
14:58:12.431 [Test worker] DEBUG org.opensaml.core.xml.io.UnmarshallerFactory - Registering unmarshaller, org.opensaml.saml.saml1.core.impl.AuthenticationQueryUnmarshaller, for object type, {urn:oasis:names:tc:SAML:1.0:protocol}AuthenticationQueryType
14:58:12.431 [Test worker] DEBUG org.opensaml.core.xml.config.XMLConfigurator - {urn:oasis:names:tc:SAML:1.0:protocol}AuthenticationQueryType intialized and configuration cached
14:58:12.431 [Test worker] DEBUG org.opensaml.core.xml.config.XMLConfigurator - Initializing object provider {urn:oasis:names:tc:SAML:1.0:protocol}AuthorizationDecisionQuery
14:58:12.431 [Test worker] DEBUG org.opensaml.core.xml.config.XMLObjectProviderRegistry - Registering new builder, marshaller, and unmarshaller for {urn:oasis:names:tc:SAML:1.0:protocol}AuthorizationDecisionQuery
14:58:12.431 [Test worker] DEBUG org.opensaml.core.xml.XMLObjectBuilderFactory - Registering builder org.opensaml.saml.saml1.core.impl.AuthorizationDecisionQueryBuilder under key {urn:oasis:names:tc:SAML:1.0:protocol}AuthorizationDecisionQuery
14:58:12.431 [Test worker] DEBUG org.opensaml.core.xml.io.MarshallerFactory - Registering marshaller, org.opensaml.saml.saml1.core.impl.AuthorizationDecisionQueryMarshaller, for object type {urn:oasis:names:tc:SAML:1.0:protocol}AuthorizationDecisionQuery
14:58:12.431 [Test worker] DEBUG org.opensaml.core.xml.io.UnmarshallerFactory - Registering unmarshaller, org.opensaml.saml.saml1.core.impl.AuthorizationDecisionQueryUnmarshaller, for object type, {urn:oasis:names:tc:SAML:1.0:protocol}AuthorizationDecisionQuery
14:58:12.431 [Test worker] DEBUG org.opensaml.core.xml.config.XMLConfigurator - {urn:oasis:names:tc:SAML:1.0:protocol}AuthorizationDecisionQuery intialized and configuration cached
14:58:12.431 [Test worker] DEBUG org.opensaml.core.xml.config.XMLConfigurator - Initializing object provider {urn:oasis:names:tc:SAML:1.0:protocol}AuthorizationDecisionQueryType
14:58:12.431 [Test worker] DEBUG org.opensaml.core.xml.config.XMLObjectProviderRegistry - Registering new builder, marshaller, and unmarshaller for {urn:oasis:names:tc:SAML:1.0:protocol}AuthorizationDecisionQueryType
14:58:12.431 [Test worker] DEBUG org.opensaml.core.xml.XMLObjectBuilderFactory - Registering builder org.opensaml.saml.saml1.core.impl.AuthorizationDecisionQueryBuilder under key {urn:oasis:names:tc:SAML:1.0:protocol}AuthorizationDecisionQueryType
14:58:12.431 [Test worker] DEBUG org.opensaml.core.xml.io.MarshallerFactory - Registering marshaller, org.opensaml.saml.saml1.core.impl.AuthorizationDecisionQueryMarshaller, for object type {urn:oasis:names:tc:SAML:1.0:protocol}AuthorizationDecisionQueryType
14:58:12.431 [Test worker] DEBUG org.opensaml.core.xml.io.UnmarshallerFactory - Registering unmarshaller, org.opensaml.saml.saml1.core.impl.AuthorizationDecisionQueryUnmarshaller, for object type, {urn:oasis:names:tc:SAML:1.0:protocol}AuthorizationDecisionQueryType
14:58:12.431 [Test worker] DEBUG org.opensaml.core.xml.config.XMLConfigurator - {urn:oasis:names:tc:SAML:1.0:protocol}AuthorizationDecisionQueryType intialized and configuration cached
14:58:12.431 [Test worker] DEBUG org.opensaml.core.xml.config.XMLConfigurator - Initializing object provider {urn:oasis:names:tc:SAML:1.0:protocol}RespondWith
14:58:12.431 [Test worker] DEBUG org.opensaml.core.xml.config.XMLObjectProviderRegistry - Registering new builder, marshaller, and unmarshaller for {urn:oasis:names:tc:SAML:1.0:protocol}RespondWith
14:58:12.431 [Test worker] DEBUG org.opensaml.core.xml.XMLObjectBuilderFactory - Registering builder org.opensaml.saml.saml1.core.impl.RespondWithBuilder under key {urn:oasis:names:tc:SAML:1.0:protocol}RespondWith
14:58:12.431 [Test worker] DEBUG org.opensaml.core.xml.io.MarshallerFactory - Registering marshaller, org.opensaml.core.xml.schema.impl.XSQNameMarshaller, for object type {urn:oasis:names:tc:SAML:1.0:protocol}RespondWith
14:58:12.431 [Test worker] DEBUG org.opensaml.core.xml.io.UnmarshallerFactory - Registering unmarshaller, org.opensaml.core.xml.schema.impl.XSQNameUnmarshaller, for object type, {urn:oasis:names:tc:SAML:1.0:protocol}RespondWith
14:58:12.431 [Test worker] DEBUG org.opensaml.core.xml.config.XMLConfigurator - {urn:oasis:names:tc:SAML:1.0:protocol}RespondWith intialized and configuration cached
14:58:12.431 [Test worker] DEBUG org.opensaml.core.xml.config.XMLConfigurator - Initializing object provider {urn:oasis:names:tc:SAML:1.0:protocol}Response
14:58:12.431 [Test worker] DEBUG org.opensaml.core.xml.config.XMLObjectProviderRegistry - Registering new builder, marshaller, and unmarshaller for {urn:oasis:names:tc:SAML:1.0:protocol}Response
14:58:12.431 [Test worker] DEBUG org.opensaml.core.xml.XMLObjectBuilderFactory - Registering builder org.opensaml.saml.saml1.core.impl.ResponseBuilder under key {urn:oasis:names:tc:SAML:1.0:protocol}Response
14:58:12.431 [Test worker] DEBUG org.opensaml.core.xml.io.MarshallerFactory - Registering marshaller, org.opensaml.saml.saml1.core.impl.ResponseMarshaller, for object type {urn:oasis:names:tc:SAML:1.0:protocol}Response
14:58:12.431 [Test worker] DEBUG org.opensaml.core.xml.io.UnmarshallerFactory - Registering unmarshaller, org.opensaml.saml.saml1.core.impl.ResponseUnmarshaller, for object type, {urn:oasis:names:tc:SAML:1.0:protocol}Response
14:58:12.431 [Test worker] DEBUG org.opensaml.core.xml.config.XMLConfigurator - {urn:oasis:names:tc:SAML:1.0:protocol}Response intialized and configuration cached
14:58:12.431 [Test worker] DEBUG org.opensaml.core.xml.config.XMLConfigurator - Initializing object provider {urn:oasis:names:tc:SAML:1.0:protocol}Request
14:58:12.431 [Test worker] DEBUG org.opensaml.core.xml.config.XMLObjectProviderRegistry - Registering new builder, marshaller, and unmarshaller for {urn:oasis:names:tc:SAML:1.0:protocol}Request
14:58:12.431 [Test worker] DEBUG org.opensaml.core.xml.XMLObjectBuilderFactory - Registering builder org.opensaml.saml.saml1.core.impl.RequestBuilder under key {urn:oasis:names:tc:SAML:1.0:protocol}Request
14:58:12.431 [Test worker] DEBUG org.opensaml.core.xml.io.MarshallerFactory - Registering marshaller, org.opensaml.saml.saml1.core.impl.RequestMarshaller, for object type {urn:oasis:names:tc:SAML:1.0:protocol}Request
14:58:12.431 [Test worker] DEBUG org.opensaml.core.xml.io.UnmarshallerFactory - Registering unmarshaller, org.opensaml.saml.saml1.core.impl.RequestUnmarshaller, for object type, {urn:oasis:names:tc:SAML:1.0:protocol}Request
14:58:12.431 [Test worker] DEBUG org.opensaml.core.xml.config.XMLConfigurator - {urn:oasis:names:tc:SAML:1.0:protocol}Request intialized and configuration cached
14:58:12.431 [Test worker] DEBUG org.opensaml.core.xml.config.XMLConfigurator - Initializing object provider {urn:oasis:names:tc:SAML:1.0:protocol}Status
14:58:12.432 [Test worker] DEBUG org.opensaml.core.xml.config.XMLObjectProviderRegistry - Registering new builder, marshaller, and unmarshaller for {urn:oasis:names:tc:SAML:1.0:protocol}Status
14:58:12.432 [Test worker] DEBUG org.opensaml.core.xml.XMLObjectBuilderFactory - Registering builder org.opensaml.saml.saml1.core.impl.StatusBuilder under key {urn:oasis:names:tc:SAML:1.0:protocol}Status
14:58:12.432 [Test worker] DEBUG org.opensaml.core.xml.io.MarshallerFactory - Registering marshaller, org.opensaml.saml.saml1.core.impl.StatusMarshaller, for object type {urn:oasis:names:tc:SAML:1.0:protocol}Status
14:58:12.432 [Test worker] DEBUG org.opensaml.core.xml.io.UnmarshallerFactory - Registering unmarshaller, org.opensaml.saml.saml1.core.impl.StatusUnmarshaller, for object type, {urn:oasis:names:tc:SAML:1.0:protocol}Status
14:58:12.432 [Test worker] DEBUG org.opensaml.core.xml.config.XMLConfigurator - {urn:oasis:names:tc:SAML:1.0:protocol}Status intialized and configuration cached
14:58:12.432 [Test worker] DEBUG org.opensaml.core.xml.config.XMLConfigurator - Initializing object provider {urn:oasis:names:tc:SAML:1.0:protocol}StatusType
14:58:12.432 [Test worker] DEBUG org.opensaml.core.xml.config.XMLObjectProviderRegistry - Registering new builder, marshaller, and unmarshaller for {urn:oasis:names:tc:SAML:1.0:protocol}StatusType
14:58:12.432 [Test worker] DEBUG org.opensaml.core.xml.XMLObjectBuilderFactory - Registering builder org.opensaml.saml.saml1.core.impl.StatusBuilder under key {urn:oasis:names:tc:SAML:1.0:protocol}StatusType
14:58:12.432 [Test worker] DEBUG org.opensaml.core.xml.io.MarshallerFactory - Registering marshaller, org.opensaml.saml.saml1.core.impl.StatusMarshaller, for object type {urn:oasis:names:tc:SAML:1.0:protocol}StatusType
14:58:12.432 [Test worker] DEBUG org.opensaml.core.xml.io.UnmarshallerFactory - Registering unmarshaller, org.opensaml.saml.saml1.core.impl.StatusUnmarshaller, for object type, {urn:oasis:names:tc:SAML:1.0:protocol}StatusType
14:58:12.432 [Test worker] DEBUG org.opensaml.core.xml.config.XMLConfigurator - {urn:oasis:names:tc:SAML:1.0:protocol}StatusType intialized and configuration cached
14:58:12.432 [Test worker] DEBUG org.opensaml.core.xml.config.XMLConfigurator - Initializing object provider {urn:oasis:names:tc:SAML:1.0:protocol}StatusCode
14:58:12.432 [Test worker] DEBUG org.opensaml.core.xml.config.XMLObjectProviderRegistry - Registering new builder, marshaller, and unmarshaller for {urn:oasis:names:tc:SAML:1.0:protocol}StatusCode
14:58:12.432 [Test worker] DEBUG org.opensaml.core.xml.XMLObjectBuilderFactory - Registering builder org.opensaml.saml.saml1.core.impl.StatusCodeBuilder under key {urn:oasis:names:tc:SAML:1.0:protocol}StatusCode
14:58:12.432 [Test worker] DEBUG org.opensaml.core.xml.io.MarshallerFactory - Registering marshaller, org.opensaml.saml.saml1.core.impl.StatusCodeMarshaller, for object type {urn:oasis:names:tc:SAML:1.0:protocol}StatusCode
14:58:12.432 [Test worker] DEBUG org.opensaml.core.xml.io.UnmarshallerFactory - Registering unmarshaller, org.opensaml.saml.saml1.core.impl.StatusCodeUnmarshaller, for object type, {urn:oasis:names:tc:SAML:1.0:protocol}StatusCode
14:58:12.432 [Test worker] DEBUG org.opensaml.core.xml.config.XMLConfigurator - {urn:oasis:names:tc:SAML:1.0:protocol}StatusCode intialized and configuration cached
14:58:12.432 [Test worker] DEBUG org.opensaml.core.xml.config.XMLConfigurator - Initializing object provider {urn:oasis:names:tc:SAML:1.0:protocol}StatusCodeType
14:58:12.432 [Test worker] DEBUG org.opensaml.core.xml.config.XMLObjectProviderRegistry - Registering new builder, marshaller, and unmarshaller for {urn:oasis:names:tc:SAML:1.0:protocol}StatusCodeType
14:58:12.432 [Test worker] DEBUG org.opensaml.core.xml.XMLObjectBuilderFactory - Registering builder org.opensaml.saml.saml1.core.impl.StatusCodeBuilder under key {urn:oasis:names:tc:SAML:1.0:protocol}StatusCodeType
14:58:12.432 [Test worker] DEBUG org.opensaml.core.xml.io.MarshallerFactory - Registering marshaller, org.opensaml.saml.saml1.core.impl.StatusCodeMarshaller, for object type {urn:oasis:names:tc:SAML:1.0:protocol}StatusCodeType
14:58:12.432 [Test worker] DEBUG org.opensaml.core.xml.io.UnmarshallerFactory - Registering unmarshaller, org.opensaml.saml.saml1.core.impl.StatusCodeUnmarshaller, for object type, {urn:oasis:names:tc:SAML:1.0:protocol}StatusCodeType
14:58:12.432 [Test worker] DEBUG org.opensaml.core.xml.config.XMLConfigurator - {urn:oasis:names:tc:SAML:1.0:protocol}StatusCodeType intialized and configuration cached
14:58:12.432 [Test worker] DEBUG org.opensaml.core.xml.config.XMLConfigurator - Initializing object provider {urn:oasis:names:tc:SAML:1.0:protocol}StatusMessage
14:58:12.432 [Test worker] DEBUG org.opensaml.core.xml.config.XMLObjectProviderRegistry - Registering new builder, marshaller, and unmarshaller for {urn:oasis:names:tc:SAML:1.0:protocol}StatusMessage
14:58:12.432 [Test worker] DEBUG org.opensaml.core.xml.XMLObjectBuilderFactory - Registering builder org.opensaml.saml.saml1.core.impl.StatusMessageBuilder under key {urn:oasis:names:tc:SAML:1.0:protocol}StatusMessage
14:58:12.432 [Test worker] DEBUG org.opensaml.core.xml.io.MarshallerFactory - Registering marshaller, org.opensaml.saml.saml1.core.impl.StatusMessageMarshaller, for object type {urn:oasis:names:tc:SAML:1.0:protocol}StatusMessage
14:58:12.432 [Test worker] DEBUG org.opensaml.core.xml.io.UnmarshallerFactory - Registering unmarshaller, org.opensaml.saml.saml1.core.impl.StatusMessageUnmarshaller, for object type, {urn:oasis:names:tc:SAML:1.0:protocol}StatusMessage
14:58:12.432 [Test worker] DEBUG org.opensaml.core.xml.config.XMLConfigurator - {urn:oasis:names:tc:SAML:1.0:protocol}StatusMessage intialized and configuration cached
14:58:12.432 [Test worker] DEBUG org.opensaml.core.xml.config.XMLConfigurator - ObjectProviders load complete
14:58:12.432 [Test worker] DEBUG org.opensaml.core.xml.config.AbstractXMLObjectProviderInitializer - Loading XMLObject provider configuration from resource 'saml2-assertion-config.xml'
14:58:12.433 [Test worker] DEBUG org.opensaml.core.xml.config.XMLConfigurator - Loading configuration from XML Document
14:58:12.434 [Test worker] DEBUG org.opensaml.core.xml.config.XMLConfigurator - Schema validating configuration Document
14:58:12.435 [Test worker] DEBUG org.opensaml.core.xml.config.XMLConfigurator - Configuration document validated
14:58:12.435 [Test worker] DEBUG org.opensaml.core.xml.config.XMLConfigurator - Preparing to load ObjectProviders
14:58:12.435 [Test worker] DEBUG org.opensaml.core.xml.config.XMLConfigurator - Initializing object provider {urn:oasis:names:tc:SAML:2.0:assertion}Action
14:58:12.435 [Test worker] DEBUG org.opensaml.core.xml.config.XMLObjectProviderRegistry - Registering new builder, marshaller, and unmarshaller for {urn:oasis:names:tc:SAML:2.0:assertion}Action
14:58:12.435 [Test worker] DEBUG org.opensaml.core.xml.XMLObjectBuilderFactory - Registering builder org.opensaml.saml.saml2.core.impl.ActionBuilder under key {urn:oasis:names:tc:SAML:2.0:assertion}Action
14:58:12.435 [Test worker] DEBUG org.opensaml.core.xml.io.MarshallerFactory - Registering marshaller, org.opensaml.saml.saml2.core.impl.ActionMarshaller, for object type {urn:oasis:names:tc:SAML:2.0:assertion}Action
14:58:12.435 [Test worker] DEBUG org.opensaml.core.xml.io.UnmarshallerFactory - Registering unmarshaller, org.opensaml.saml.saml2.core.impl.ActionUnmarshaller, for object type, {urn:oasis:names:tc:SAML:2.0:assertion}Action
14:58:12.435 [Test worker] DEBUG org.opensaml.core.xml.config.XMLConfigurator - {urn:oasis:names:tc:SAML:2.0:assertion}Action intialized and configuration cached
14:58:12.435 [Test worker] DEBUG org.opensaml.core.xml.config.XMLConfigurator - Initializing object provider {urn:oasis:names:tc:SAML:2.0:assertion}ActionType
14:58:12.435 [Test worker] DEBUG org.opensaml.core.xml.config.XMLObjectProviderRegistry - Registering new builder, marshaller, and unmarshaller for {urn:oasis:names:tc:SAML:2.0:assertion}ActionType
14:58:12.435 [Test worker] DEBUG org.opensaml.core.xml.XMLObjectBuilderFactory - Registering builder org.opensaml.saml.saml2.core.impl.ActionBuilder under key {urn:oasis:names:tc:SAML:2.0:assertion}ActionType
14:58:12.435 [Test worker] DEBUG org.opensaml.core.xml.io.MarshallerFactory - Registering marshaller, org.opensaml.saml.saml2.core.impl.ActionMarshaller, for object type {urn:oasis:names:tc:SAML:2.0:assertion}ActionType
14:58:12.435 [Test worker] DEBUG org.opensaml.core.xml.io.UnmarshallerFactory - Registering unmarshaller, org.opensaml.saml.saml2.core.impl.ActionUnmarshaller, for object type, {urn:oasis:names:tc:SAML:2.0:assertion}ActionType
14:58:12.435 [Test worker] DEBUG org.opensaml.core.xml.config.XMLConfigurator - {urn:oasis:names:tc:SAML:2.0:assertion}ActionType intialized and configuration cached
14:58:12.435 [Test worker] DEBUG org.opensaml.core.xml.config.XMLConfigurator - Initializing object provider {urn:oasis:names:tc:SAML:2.0:assertion}Advice
14:58:12.435 [Test worker] DEBUG org.opensaml.core.xml.config.XMLObjectProviderRegistry - Registering new builder, marshaller, and unmarshaller for {urn:oasis:names:tc:SAML:2.0:assertion}Advice
14:58:12.435 [Test worker] DEBUG org.opensaml.core.xml.XMLObjectBuilderFactory - Registering builder org.opensaml.saml.saml2.core.impl.AdviceBuilder under key {urn:oasis:names:tc:SAML:2.0:assertion}Advice
14:58:12.435 [Test worker] DEBUG org.opensaml.core.xml.io.MarshallerFactory - Registering marshaller, org.opensaml.saml.saml2.core.impl.AdviceMarshaller, for object type {urn:oasis:names:tc:SAML:2.0:assertion}Advice
14:58:12.435 [Test worker] DEBUG org.opensaml.core.xml.io.UnmarshallerFactory - Registering unmarshaller, org.opensaml.saml.saml2.core.impl.AdviceUnmarshaller, for object type, {urn:oasis:names:tc:SAML:2.0:assertion}Advice
14:58:12.435 [Test worker] DEBUG org.opensaml.core.xml.config.XMLConfigurator - {urn:oasis:names:tc:SAML:2.0:assertion}Advice intialized and configuration cached
14:58:12.435 [Test worker] DEBUG org.opensaml.core.xml.config.XMLConfigurator - Initializing object provider {urn:oasis:names:tc:SAML:2.0:assertion}AdviceType
14:58:12.435 [Test worker] DEBUG org.opensaml.core.xml.config.XMLObjectProviderRegistry - Registering new builder, marshaller, and unmarshaller for {urn:oasis:names:tc:SAML:2.0:assertion}AdviceType
14:58:12.435 [Test worker] DEBUG org.opensaml.core.xml.XMLObjectBuilderFactory - Registering builder org.opensaml.saml.saml2.core.impl.AdviceBuilder under key {urn:oasis:names:tc:SAML:2.0:assertion}AdviceType
14:58:12.435 [Test worker] DEBUG org.opensaml.core.xml.io.MarshallerFactory - Registering marshaller, org.opensaml.saml.saml2.core.impl.AdviceMarshaller, for object type {urn:oasis:names:tc:SAML:2.0:assertion}AdviceType
14:58:12.435 [Test worker] DEBUG org.opensaml.core.xml.io.UnmarshallerFactory - Registering unmarshaller, org.opensaml.saml.saml2.core.impl.AdviceUnmarshaller, for object type, {urn:oasis:names:tc:SAML:2.0:assertion}AdviceType
14:58:12.435 [Test worker] DEBUG org.opensaml.core.xml.config.XMLConfigurator - {urn:oasis:names:tc:SAML:2.0:assertion}AdviceType intialized and configuration cached
14:58:12.435 [Test worker] DEBUG org.opensaml.core.xml.config.XMLConfigurator - Initializing object provider {urn:oasis:names:tc:SAML:2.0:assertion}Assertion
14:58:12.435 [Test worker] DEBUG org.opensaml.core.xml.config.XMLObjectProviderRegistry - Registering new builder, marshaller, and unmarshaller for {urn:oasis:names:tc:SAML:2.0:assertion}Assertion
14:58:12.435 [Test worker] DEBUG org.opensaml.core.xml.XMLObjectBuilderFactory - Registering builder org.opensaml.saml.saml2.core.impl.AssertionBuilder under key {urn:oasis:names:tc:SAML:2.0:assertion}Assertion
14:58:12.435 [Test worker] DEBUG org.opensaml.core.xml.io.MarshallerFactory - Registering marshaller, org.opensaml.saml.saml2.core.impl.AssertionMarshaller, for object type {urn:oasis:names:tc:SAML:2.0:assertion}Assertion
14:58:12.435 [Test worker] DEBUG org.opensaml.core.xml.io.UnmarshallerFactory - Registering unmarshaller, org.opensaml.saml.saml2.core.impl.AssertionUnmarshaller, for object type, {urn:oasis:names:tc:SAML:2.0:assertion}Assertion
14:58:12.435 [Test worker] DEBUG org.opensaml.core.xml.config.XMLConfigurator - {urn:oasis:names:tc:SAML:2.0:assertion}Assertion intialized and configuration cached
14:58:12.435 [Test worker] DEBUG org.opensaml.core.xml.config.XMLConfigurator - Initializing object provider {urn:oasis:names:tc:SAML:2.0:assertion}AssertionType
14:58:12.435 [Test worker] DEBUG org.opensaml.core.xml.config.XMLObjectProviderRegistry - Registering new builder, marshaller, and unmarshaller for {urn:oasis:names:tc:SAML:2.0:assertion}AssertionType
14:58:12.435 [Test worker] DEBUG org.opensaml.core.xml.XMLObjectBuilderFactory - Registering builder org.opensaml.saml.saml2.core.impl.AssertionBuilder under key {urn:oasis:names:tc:SAML:2.0:assertion}AssertionType
14:58:12.435 [Test worker] DEBUG org.opensaml.core.xml.io.MarshallerFactory - Registering marshaller, org.opensaml.saml.saml2.core.impl.AssertionMarshaller, for object type {urn:oasis:names:tc:SAML:2.0:assertion}AssertionType
14:58:12.435 [Test worker] DEBUG org.opensaml.core.xml.io.UnmarshallerFactory - Registering unmarshaller, org.opensaml.saml.saml2.core.impl.AssertionUnmarshaller, for object type, {urn:oasis:names:tc:SAML:2.0:assertion}AssertionType
14:58:12.435 [Test worker] DEBUG org.opensaml.core.xml.config.XMLConfigurator - {urn:oasis:names:tc:SAML:2.0:assertion}AssertionType intialized and configuration cached
14:58:12.435 [Test worker] DEBUG org.opensaml.core.xml.config.XMLConfigurator - Initializing object provider {urn:oasis:names:tc:SAML:2.0:assertion}AssertionIDRef
14:58:12.435 [Test worker] DEBUG org.opensaml.core.xml.config.XMLObjectProviderRegistry - Registering new builder, marshaller, and unmarshaller for {urn:oasis:names:tc:SAML:2.0:assertion}AssertionIDRef
14:58:12.435 [Test worker] DEBUG org.opensaml.core.xml.XMLObjectBuilderFactory - Registering builder org.opensaml.saml.saml2.core.impl.AssertionIDRefBuilder under key {urn:oasis:names:tc:SAML:2.0:assertion}AssertionIDRef
14:58:12.435 [Test worker] DEBUG org.opensaml.core.xml.io.MarshallerFactory - Registering marshaller, org.opensaml.saml.saml2.core.impl.AssertionIDRefMarshaller, for object type {urn:oasis:names:tc:SAML:2.0:assertion}AssertionIDRef
14:58:12.435 [Test worker] DEBUG org.opensaml.core.xml.io.UnmarshallerFactory - Registering unmarshaller, org.opensaml.saml.saml2.core.impl.AssertionIDRefUnmarshaller, for object type, {urn:oasis:names:tc:SAML:2.0:assertion}AssertionIDRef
14:58:12.435 [Test worker] DEBUG org.opensaml.core.xml.config.XMLConfigurator - {urn:oasis:names:tc:SAML:2.0:assertion}AssertionIDRef intialized and configuration cached
14:58:12.436 [Test worker] DEBUG org.opensaml.core.xml.config.XMLConfigurator - Initializing object provider {urn:oasis:names:tc:SAML:2.0:assertion}AssertionURIRef
14:58:12.436 [Test worker] DEBUG org.opensaml.core.xml.config.XMLObjectProviderRegistry - Registering new builder, marshaller, and unmarshaller for {urn:oasis:names:tc:SAML:2.0:assertion}AssertionURIRef
14:58:12.436 [Test worker] DEBUG org.opensaml.core.xml.XMLObjectBuilderFactory - Registering builder org.opensaml.saml.saml2.core.impl.AssertionURIRefBuilder under key {urn:oasis:names:tc:SAML:2.0:assertion}AssertionURIRef
14:58:12.436 [Test worker] DEBUG org.opensaml.core.xml.io.MarshallerFactory - Registering marshaller, org.opensaml.saml.saml2.core.impl.AssertionURIRefMarshaller, for object type {urn:oasis:names:tc:SAML:2.0:assertion}AssertionURIRef
14:58:12.436 [Test worker] DEBUG org.opensaml.core.xml.io.UnmarshallerFactory - Registering unmarshaller, org.opensaml.saml.saml2.core.impl.AssertionURIRefUnmarshaller, for object type, {urn:oasis:names:tc:SAML:2.0:assertion}AssertionURIRef
14:58:12.436 [Test worker] DEBUG org.opensaml.core.xml.config.XMLConfigurator - {urn:oasis:names:tc:SAML:2.0:assertion}AssertionURIRef intialized and configuration cached
14:58:12.436 [Test worker] DEBUG org.opensaml.core.xml.config.XMLConfigurator - Initializing object provider {urn:oasis:names:tc:SAML:2.0:assertion}Attribute
14:58:12.436 [Test worker] DEBUG org.opensaml.core.xml.config.XMLObjectProviderRegistry - Registering new builder, marshaller, and unmarshaller for {urn:oasis:names:tc:SAML:2.0:assertion}Attribute
14:58:12.436 [Test worker] DEBUG org.opensaml.core.xml.XMLObjectBuilderFactory - Registering builder org.opensaml.saml.saml2.core.impl.AttributeBuilder under key {urn:oasis:names:tc:SAML:2.0:assertion}Attribute
14:58:12.436 [Test worker] DEBUG org.opensaml.core.xml.io.MarshallerFactory - Registering marshaller, org.opensaml.saml.saml2.core.impl.AttributeMarshaller, for object type {urn:oasis:names:tc:SAML:2.0:assertion}Attribute
[...]
	at org.junit.runners.ParentRunner$1.schedule(ParentRunner.java:71)
	at org.junit.runners.ParentRunner.runChildren(ParentRunner.java:288)
	at org.junit.runners.ParentRunner.access$000(ParentRunner.java:58)
	at org.junit.runners.ParentRunner$2.evaluate(ParentRunner.java:268)
	at org.junit.runners.ParentRunner.run(ParentRunner.java:363)
	at org.gradle.api.internal.tasks.testing.junit.JUnitTestClassExecuter.runTestClass(JUnitTestClassExecuter.java:114)
	at org.gradle.api.internal.tasks.testing.junit.JUnitTestClassExecuter.execute(JUnitTestClassExecuter.java:57)
	at org.gradle.api.internal.tasks.testing.junit.JUnitTestClassProcessor.processTestClass(JUnitTestClassProcessor.java:66)
	at org.gradle.api.internal.tasks.testing.SuiteTestClassProcessor.processTestClass(SuiteTestClassProcessor.java:51)
	at sun.reflect.NativeMethodAccessorImpl.invoke0(Native Method)
	at sun.reflect.NativeMethodAccessorImpl.invoke(NativeMethodAccessorImpl.java:62)
	at sun.reflect.DelegatingMethodAccessorImpl.invoke(DelegatingMethodAccessorImpl.java:43)
	at java.lang.reflect.Method.invoke(Method.java:498)
	at org.gradle.internal.dispatch.ReflectionDispatch.dispatch(ReflectionDispatch.java:35)
	at org.gradle.internal.dispatch.ReflectionDispatch.dispatch(ReflectionDispatch.java:24)
	at org.gradle.internal.dispatch.ContextClassLoaderDispatch.dispatch(ContextClassLoaderDispatch.java:32)
	at org.gradle.internal.dispatch.ProxyDispatchAdapter$DispatchingInvocationHandler.invoke(ProxyDispatchAdapter.java:93)
	at com.sun.proxy.$Proxy1.processTestClass(Unknown Source)
	at org.gradle.api.internal.tasks.testing.worker.TestWorker.processTestClass(TestWorker.java:109)
	at sun.reflect.NativeMethodAccessorImpl.invoke0(Native Method)
	at sun.reflect.NativeMethodAccessorImpl.invoke(NativeMethodAccessorImpl.java:62)
	at sun.reflect.DelegatingMethodAccessorImpl.invoke(DelegatingMethodAccessorImpl.java:43)
	at java.lang.reflect.Method.invoke(Method.java:498)
	at org.gradle.internal.dispatch.ReflectionDispatch.dispatch(ReflectionDispatch.java:35)
	at org.gradle.internal.dispatch.ReflectionDispatch.dispatch(ReflectionDispatch.java:24)
	at org.gradle.internal.remote.internal.hub.MessageHubBackedObjectConnection$DispatchWrapper.dispatch(MessageHubBackedObjectConnection.java:146)
	at org.gradle.internal.remote.internal.hub.MessageHubBackedObjectConnection$DispatchWrapper.dispatch(MessageHubBackedObjectConnection.java:128)
	at org.gradle.internal.remote.internal.hub.MessageHub$Handler.run(MessageHub.java:404)
	at org.gradle.internal.concurrent.ExecutorPolicy$CatchAndRecordFailures.onExecute(ExecutorPolicy.java:63)
	at org.gradle.internal.concurrent.StoppableExecutorImpl$1.run(StoppableExecutorImpl.java:46)
	at java.util.concurrent.ThreadPoolExecutor.runWorker(ThreadPoolExecutor.java:1149)
	at java.util.concurrent.ThreadPoolExecutor$Worker.run(ThreadPoolExecutor.java:624)
	at org.gradle.internal.concurrent.ThreadFactoryImpl$ManagedThreadRunnable.run(ThreadFactoryImpl.java:55)
	at java.lang.Thread.run(Thread.java:748)
14:58:12.523 [Test worker] INFO org.opensaml.xmlsec.algorithm.AlgorithmRegistry - Algorithm failed runtime support check, will not be usable: http://www.w3.org/2001/04/xmldsig-more#rsa-ripemd160
14:58:12.523 [Test worker] DEBUG org.opensaml.xmlsec.config.GlobalAlgorithmRegistryInitializer - Registering AlgorithmDescriptor of type 'Signature' with URI 'http://www.w3.org/2000/09/xmldsig#rsa-sha1': org.opensaml.xmlsec.algorithm.descriptors.SignatureRSASHA1
14:58:12.523 [Test worker] DEBUG org.opensaml.xmlsec.algorithm.AlgorithmRegistry - Registering algorithm descriptor with URI: http://www.w3.org/2000/09/xmldsig#rsa-sha1
14:58:12.523 [Test worker] DEBUG org.opensaml.xmlsec.config.GlobalAlgorithmRegistryInitializer - Registering AlgorithmDescriptor of type 'Signature' with URI 'http://www.w3.org/2001/04/xmldsig-more#rsa-sha224': org.opensaml.xmlsec.algorithm.descriptors.SignatureRSASHA224
14:58:12.523 [Test worker] DEBUG org.opensaml.xmlsec.algorithm.AlgorithmRegistry - Registering algorithm descriptor with URI: http://www.w3.org/2001/04/xmldsig-more#rsa-sha224
14:58:12.523 [Test worker] DEBUG org.opensaml.xmlsec.config.GlobalAlgorithmRegistryInitializer - Registering AlgorithmDescriptor of type 'Signature' with URI 'http://www.w3.org/2001/04/xmldsig-more#rsa-sha256': org.opensaml.xmlsec.algorithm.descriptors.SignatureRSASHA256
14:58:12.523 [Test worker] DEBUG org.opensaml.xmlsec.algorithm.AlgorithmRegistry - Registering algorithm descriptor with URI: http://www.w3.org/2001/04/xmldsig-more#rsa-sha256
14:58:12.523 [Test worker] DEBUG org.opensaml.xmlsec.config.GlobalAlgorithmRegistryInitializer - Registering AlgorithmDescriptor of type 'Signature' with URI 'http://www.w3.org/2001/04/xmldsig-more#rsa-sha384': org.opensaml.xmlsec.algorithm.descriptors.SignatureRSASHA384
14:58:12.523 [Test worker] DEBUG org.opensaml.xmlsec.algorithm.AlgorithmRegistry - Registering algorithm descriptor with URI: http://www.w3.org/2001/04/xmldsig-more#rsa-sha384
14:58:12.523 [Test worker] DEBUG org.opensaml.xmlsec.config.GlobalAlgorithmRegistryInitializer - Registering AlgorithmDescriptor of type 'Signature' with URI 'http://www.w3.org/2001/04/xmldsig-more#rsa-sha512': org.opensaml.xmlsec.algorithm.descriptors.SignatureRSASHA512
14:58:12.523 [Test worker] DEBUG org.opensaml.xmlsec.algorithm.AlgorithmRegistry - Registering algorithm descriptor with URI: http://www.w3.org/2001/04/xmldsig-more#rsa-sha512
14:58:12.523 [Test worker] DEBUG org.opensaml.xmlsec.config.GlobalAlgorithmRegistryInitializer - Registering AlgorithmDescriptor of type 'SymmetricKeyWrap' with URI 'http://www.w3.org/2001/04/xmlenc#kw-aes128': org.opensaml.xmlsec.algorithm.descriptors.SymmetricKeyWrapAES128
14:58:12.524 [Test worker] DEBUG org.opensaml.xmlsec.algorithm.AlgorithmRegistry - Registering algorithm descriptor with URI: http://www.w3.org/2001/04/xmlenc#kw-aes128
14:58:12.524 [Test worker] DEBUG org.opensaml.xmlsec.config.GlobalAlgorithmRegistryInitializer - Registering AlgorithmDescriptor of type 'SymmetricKeyWrap' with URI 'http://www.w3.org/2001/04/xmlenc#kw-aes192': org.opensaml.xmlsec.algorithm.descriptors.SymmetricKeyWrapAES192
14:58:12.524 [Test worker] DEBUG org.opensaml.xmlsec.algorithm.AlgorithmRegistry - Registering algorithm descriptor with URI: http://www.w3.org/2001/04/xmlenc#kw-aes192
14:58:12.524 [Test worker] DEBUG org.opensaml.xmlsec.config.GlobalAlgorithmRegistryInitializer - Registering AlgorithmDescriptor of type 'SymmetricKeyWrap' with URI 'http://www.w3.org/2001/04/xmlenc#kw-aes256': org.opensaml.xmlsec.algorithm.descriptors.SymmetricKeyWrapAES256
14:58:12.524 [Test worker] DEBUG org.opensaml.xmlsec.algorithm.AlgorithmRegistry - Registering algorithm descriptor with URI: http://www.w3.org/2001/04/xmlenc#kw-aes256
14:58:12.524 [Test worker] DEBUG org.opensaml.xmlsec.config.GlobalAlgorithmRegistryInitializer - Registering AlgorithmDescriptor of type 'SymmetricKeyWrap' with URI 'http://www.w3.org/2001/04/xmlenc#kw-tripledes': org.opensaml.xmlsec.algorithm.descriptors.SymmetricKeyWrapDESede
14:58:12.524 [Test worker] DEBUG org.opensaml.xmlsec.algorithm.AlgorithmRegistry - Registering algorithm descriptor with URI: http://www.w3.org/2001/04/xmlenc#kw-tripledes
14:58:12.524 [Test worker] DEBUG org.opensaml.core.config.InitializationService - Initializing module initializer implementation: org.opensaml.security.config.ClientTLSValidationConfiguratonInitializer
14:58:12.524 [Test worker] DEBUG org.opensaml.core.config.InitializationService - Initializing module initializer implementation: org.opensaml.core.xml.config.XMLObjectProviderInitializer
14:58:12.526 [Test worker] DEBUG org.opensaml.core.xml.config.AbstractXMLObjectProviderInitializer - Loading XMLObject provider configuration from resource 'default-config.xml'
14:58:12.527 [Test worker] DEBUG org.opensaml.core.xml.config.XMLConfigurator - Loading configuration from XML Document
14:58:12.527 [Test worker] DEBUG org.opensaml.core.xml.config.XMLConfigurator - Schema validating configuration Document
14:58:12.527 [Test worker] DEBUG org.opensaml.core.xml.config.XMLConfigurator - Configuration document validated
14:58:12.527 [Test worker] DEBUG org.opensaml.core.xml.config.XMLConfigurator - Preparing to load ObjectProviders
14:58:12.527 [Test worker] DEBUG org.opensaml.core.xml.config.XMLConfigurator - Initializing object provider {http://www.opensaml.org/xmltooling-config}DEFAULT
14:58:12.528 [Test worker] DEBUG org.opensaml.core.xml.config.XMLObjectProviderRegistry - Registering new builder, marshaller, and unmarshaller for {http://www.opensaml.org/xmltooling-config}DEFAULT
14:58:12.528 [Test worker] DEBUG org.opensaml.core.xml.XMLObjectBuilderFactory - Registering builder org.opensaml.core.xml.schema.impl.XSAnyBuilder under key {http://www.opensaml.org/xmltooling-config}DEFAULT
14:58:12.528 [Test worker] DEBUG org.opensaml.core.xml.io.MarshallerFactory - Registering marshaller, org.opensaml.core.xml.schema.impl.XSAnyMarshaller, for object type {http://www.opensaml.org/xmltooling-config}DEFAULT
14:58:12.528 [Test worker] DEBUG org.opensaml.core.xml.io.UnmarshallerFactory - Registering unmarshaller, org.opensaml.core.xml.schema.impl.XSAnyUnmarshaller, for object type, {http://www.opensaml.org/xmltooling-config}DEFAULT
14:58:12.528 [Test worker] DEBUG org.opensaml.core.xml.config.XMLConfigurator - {http://www.opensaml.org/xmltooling-config}DEFAULT intialized and configuration cached
14:58:12.528 [Test worker] DEBUG org.opensaml.core.xml.config.XMLConfigurator - ObjectProviders load complete
14:58:12.528 [Test worker] DEBUG org.opensaml.core.xml.config.AbstractXMLObjectProviderInitializer - Loading XMLObject provider configuration from resource 'schema-config.xml'
14:58:12.528 [Test worker] DEBUG org.opensaml.core.xml.config.XMLConfigurator - Loading configuration from XML Document
14:58:12.528 [Test worker] DEBUG org.opensaml.core.xml.config.XMLConfigurator - Schema validating configuration Document
14:58:12.529 [Test worker] DEBUG org.opensaml.core.xml.config.XMLConfigurator - Configuration document validated
14:58:12.529 [Test worker] DEBUG org.opensaml.core.xml.config.XMLConfigurator - Preparing to load ObjectProviders
14:58:12.529 [Test worker] DEBUG org.opensaml.core.xml.config.XMLConfigurator - Initializing object provider {http://www.w3.org/2001/XMLSchema}anyType
14:58:12.529 [Test worker] DEBUG org.opensaml.core.xml.config.XMLObjectProviderRegistry - Registering new builder, marshaller, and unmarshaller for {http://www.w3.org/2001/XMLSchema}anyType
14:58:12.529 [Test worker] DEBUG org.opensaml.core.xml.XMLObjectBuilderFactory - Registering builder org.opensaml.core.xml.schema.impl.XSAnyBuilder under key {http://www.w3.org/2001/XMLSchema}anyType
14:58:12.529 [Test worker] DEBUG org.opensaml.core.xml.io.MarshallerFactory - Registering marshaller, org.opensaml.core.xml.schema.impl.XSAnyMarshaller, for object type {http://www.w3.org/2001/XMLSchema}anyType
14:58:12.529 [Test worker] DEBUG org.opensaml.core.xml.io.UnmarshallerFactory - Registering unmarshaller, org.opensaml.core.xml.schema.impl.XSAnyUnmarshaller, for object type, {http://www.w3.org/2001/XMLSchema}anyType
14:58:12.529 [Test worker] DEBUG org.opensaml.core.xml.config.XMLConfigurator - {http://www.w3.org/2001/XMLSchema}anyType intialized and configuration cached
14:58:12.529 [Test worker] DEBUG org.opensaml.core.xml.config.XMLConfigurator - Initializing object provider {http://www.w3.org/2001/XMLSchema}string
14:58:12.529 [Test worker] DEBUG org.opensaml.core.xml.config.XMLObjectProviderRegistry - Registering new builder, marshaller, and unmarshaller for {http://www.w3.org/2001/XMLSchema}string
14:58:12.529 [Test worker] DEBUG org.opensaml.core.xml.XMLObjectBuilderFactory - Registering builder org.opensaml.core.xml.schema.impl.XSStringBuilder under key {http://www.w3.org/2001/XMLSchema}string
14:58:12.529 [Test worker] DEBUG org.opensaml.core.xml.io.MarshallerFactory - Registering marshaller, org.opensaml.core.xml.schema.impl.XSStringMarshaller, for object type {http://www.w3.org/2001/XMLSchema}string
14:58:12.529 [Test worker] DEBUG org.opensaml.core.xml.io.UnmarshallerFactory - Registering unmarshaller, org.opensaml.core.xml.schema.impl.XSStringUnmarshaller, for object type, {http://www.w3.org/2001/XMLSchema}string
14:58:12.529 [Test worker] DEBUG org.opensaml.core.xml.config.XMLConfigurator - {http://www.w3.org/2001/XMLSchema}string intialized and configuration cached
14:58:12.529 [Test worker] DEBUG org.opensaml.core.xml.config.XMLConfigurator - Initializing object provider {http://www.w3.org/2001/XMLSchema}dateTime
14:58:12.529 [Test worker] DEBUG org.opensaml.core.xml.config.XMLObjectProviderRegistry - Registering new builder, marshaller, and unmarshaller for {http://www.w3.org/2001/XMLSchema}dateTime
14:58:12.529 [Test worker] DEBUG org.opensaml.core.xml.XMLObjectBuilderFactory - Registering builder org.opensaml.core.xml.schema.impl.XSDateTimeBuilder under key {http://www.w3.org/2001/XMLSchema}dateTime
14:58:12.529 [Test worker] DEBUG org.opensaml.core.xml.io.MarshallerFactory - Registering marshaller, org.opensaml.core.xml.schema.impl.XSDateTimeMarshaller, for object type {http://www.w3.org/2001/XMLSchema}dateTime
14:58:12.529 [Test worker] DEBUG org.opensaml.core.xml.io.UnmarshallerFactory - Registering unmarshaller, org.opensaml.core.xml.schema.impl.XSDateTimeUnmarshaller, for object type, {http://www.w3.org/2001/XMLSchema}dateTime
14:58:12.529 [Test worker] DEBUG org.opensaml.core.xml.config.XMLConfigurator - {http://www.w3.org/2001/XMLSchema}dateTime intialized and configuration cached
14:58:12.529 [Test worker] DEBUG org.opensaml.core.xml.config.XMLConfigurator - Initializing object provider {http://www.w3.org/2001/XMLSchema}QName
14:58:12.529 [Test worker] DEBUG org.opensaml.core.xml.config.XMLObjectProviderRegistry - Registering new builder, marshaller, and unmarshaller for {http://www.w3.org/2001/XMLSchema}QName
14:58:12.529 [Test worker] DEBUG org.opensaml.core.xml.XMLObjectBuilderFactory - Registering builder org.opensaml.core.xml.schema.impl.XSQNameBuilder under key {http://www.w3.org/2001/XMLSchema}QName
14:58:12.529 [Test worker] DEBUG org.opensaml.core.xml.io.MarshallerFactory - Registering marshaller, org.opensaml.core.xml.schema.impl.XSQNameMarshaller, for object type {http://www.w3.org/2001/XMLSchema}QName
14:58:12.529 [Test worker] DEBUG org.opensaml.core.xml.io.UnmarshallerFactory - Registering unmarshaller, org.opensaml.core.xml.schema.impl.XSQNameUnmarshaller, for object type, {http://www.w3.org/2001/XMLSchema}QName
14:58:12.529 [Test worker] DEBUG org.opensaml.core.xml.config.XMLConfigurator - {http://www.w3.org/2001/XMLSchema}QName intialized and configuration cached
14:58:12.529 [Test worker] DEBUG org.opensaml.core.xml.config.XMLConfigurator - Initializing object provider {http://www.w3.org/2001/XMLSchema}base64Binary
14:58:12.529 [Test worker] DEBUG org.opensaml.core.xml.config.XMLObjectProviderRegistry - Registering new builder, marshaller, and unmarshaller for {http://www.w3.org/2001/XMLSchema}base64Binary
14:58:12.529 [Test worker] DEBUG org.opensaml.core.xml.XMLObjectBuilderFactory - Registering builder org.opensaml.core.xml.schema.impl.XSBase64BinaryBuilder under key {http://www.w3.org/2001/XMLSchema}base64Binary
14:58:12.529 [Test worker] DEBUG org.opensaml.core.xml.io.MarshallerFactory - Registering marshaller, org.opensaml.core.xml.schema.impl.XSBase64BinaryMarshaller, for object type {http://www.w3.org/2001/XMLSchema}base64Binary
14:58:12.529 [Test worker] DEBUG org.opensaml.core.xml.io.UnmarshallerFactory - Registering unmarshaller, org.opensaml.core.xml.schema.impl.XSBase64BinaryUnmarshaller, for object type, {http://www.w3.org/2001/XMLSchema}base64Binary
14:58:12.529 [Test worker] DEBUG org.opensaml.core.xml.config.XMLConfigurator - {http://www.w3.org/2001/XMLSchema}base64Binary intialized and configuration cached
14:58:12.529 [Test worker] DEBUG org.opensaml.core.xml.config.XMLConfigurator - Initializing object provider {http://www.w3.org/2001/XMLSchema}integer
14:58:12.529 [Test worker] DEBUG org.opensaml.core.xml.config.XMLObjectProviderRegistry - Registering new builder, marshaller, and unmarshaller for {http://www.w3.org/2001/XMLSchema}integer
14:58:12.529 [Test worker] DEBUG org.opensaml.core.xml.XMLObjectBuilderFactory - Registering builder org.opensaml.core.xml.schema.impl.XSIntegerBuilder under key {http://www.w3.org/2001/XMLSchema}integer
14:58:12.529 [Test worker] DEBUG org.opensaml.core.xml.io.MarshallerFactory - Registering marshaller, org.opensaml.core.xml.schema.impl.XSIntegerMarshaller, for object type {http://www.w3.org/2001/XMLSchema}integer
14:58:12.529 [Test worker] DEBUG org.opensaml.core.xml.io.UnmarshallerFactory - Registering unmarshaller, org.opensaml.core.xml.schema.impl.XSIntegerUnmarshaller, for object type, {http://www.w3.org/2001/XMLSchema}integer
14:58:12.529 [Test worker] DEBUG org.opensaml.core.xml.config.XMLConfigurator - {http://www.w3.org/2001/XMLSchema}integer intialized and configuration cached
14:58:12.529 [Test worker] DEBUG org.opensaml.core.xml.config.XMLConfigurator - Initializing object provider {http://www.w3.org/2001/XMLSchema}anyURI
14:58:12.529 [Test worker] DEBUG org.opensaml.core.xml.config.XMLObjectProviderRegistry - Registering new builder, marshaller, and unmarshaller for {http://www.w3.org/2001/XMLSchema}anyURI
14:58:12.529 [Test worker] DEBUG org.opensaml.core.xml.XMLObjectBuilderFactory - Registering builder org.opensaml.core.xml.schema.impl.XSURIBuilder under key {http://www.w3.org/2001/XMLSchema}anyURI
14:58:12.529 [Test worker] DEBUG org.opensaml.core.xml.io.MarshallerFactory - Registering marshaller, org.opensaml.core.xml.schema.impl.XSURIMarshaller, for object type {http://www.w3.org/2001/XMLSchema}anyURI
14:58:12.529 [Test worker] DEBUG org.opensaml.core.xml.io.UnmarshallerFactory - Registering unmarshaller, org.opensaml.core.xml.schema.impl.XSURIUnmarshaller, for object type, {http://www.w3.org/2001/XMLSchema}anyURI
14:58:12.530 [Test worker] DEBUG org.opensaml.core.xml.config.XMLConfigurator - {http://www.w3.org/2001/XMLSchema}anyURI intialized and configuration cached
14:58:12.530 [Test worker] DEBUG org.opensaml.core.xml.config.XMLConfigurator - Initializing object provider {http://www.w3.org/2001/XMLSchema}boolean
14:58:12.530 [Test worker] DEBUG org.opensaml.core.xml.config.XMLObjectProviderRegistry - Registering new builder, marshaller, and unmarshaller for {http://www.w3.org/2001/XMLSchema}boolean
14:58:12.530 [Test worker] DEBUG org.opensaml.core.xml.XMLObjectBuilderFactory - Registering builder org.opensaml.core.xml.schema.impl.XSBooleanBuilder under key {http://www.w3.org/2001/XMLSchema}boolean
14:58:12.530 [Test worker] DEBUG org.opensaml.core.xml.io.MarshallerFactory - Registering marshaller, org.opensaml.core.xml.schema.impl.XSBooleanMarshaller, for object type {http://www.w3.org/2001/XMLSchema}boolean
14:58:12.530 [Test worker] DEBUG org.opensaml.core.xml.io.UnmarshallerFactory - Registering unmarshaller, org.opensaml.core.xml.schema.impl.XSBooleanUnmarshaller, for object type, {http://www.w3.org/2001/XMLSchema}boolean
14:58:12.530 [Test worker] DEBUG org.opensaml.core.xml.config.XMLConfigurator - {http://www.w3.org/2001/XMLSchema}boolean intialized and configuration cached
14:58:12.530 [Test worker] DEBUG org.opensaml.core.xml.config.XMLConfigurator - ObjectProviders load complete
14:58:12.530 [Test worker] DEBUG org.opensaml.core.config.InitializationService - Initializing module initializer implementation: org.opensaml.core.xml.config.GlobalParserPoolInitializer
14:58:12.532 [Test worker] DEBUG org.opensaml.core.config.InitializationService - Initializing module initializer implementation: org.opensaml.core.metrics.impl.MetricRegistryInitializer
14:58:12.534 [Test worker] DEBUG org.opensaml.core.xml.util.XMLObjectSupport - Marshalling XMLObject
]]></system-out>
  <system-err><![CDATA[]]></system-err>
</testsuite>
