<?xml version="1.0" encoding="UTF-8"?>
<testsuite name="uk.gov.ida.saml.security.CredentialFactorySignatureValidatorTest" tests="16" skipped="0" failures="0" errors="0" timestamp="2018-04-03T13:58:08" hostname="gds8080.local" time="0.165">
  <properties/>
  <testcase name="shouldNotValidateSignatureTooManyTransforms" classname="uk.gov.ida.saml.security.CredentialFactorySignatureValidatorTest" time="0.013"/>
  <testcase name="shouldNotValidateSignatureReferenceURINotParentID" classname="uk.gov.ida.saml.security.CredentialFactorySignatureValidatorTest" time="0.004"/>
  <testcase name="shouldNotValidateSignatureNoTransforms" classname="uk.gov.ida.saml.security.CredentialFactorySignatureValidatorTest" time="0.006"/>
  <testcase name="shouldNotValidateSignatureNotImmediateChild" classname="uk.gov.ida.saml.security.CredentialFactorySignatureValidatorTest" time="0.005"/>
  <testcase name="shouldNotValidateSignatureBadReferenceURI" classname="uk.gov.ida.saml.security.CredentialFactorySignatureValidatorTest" time="0.004"/>
  <testcase name="shouldNotValidateBadSignatureAlgorithm" classname="uk.gov.ida.saml.security.CredentialFactorySignatureValidatorTest" time="0.045"/>
  <testcase name="shouldNotAcceptUnsignedAssertions" classname="uk.gov.ida.saml.security.CredentialFactorySignatureValidatorTest" time="0.007"/>
  <testcase name="shouldAcceptSignedAssertions" classname="uk.gov.ida.saml.security.CredentialFactorySignatureValidatorTest" time="0.012"/>
  <testcase name="shouldNotValidateSignatureContainingObject" classname="uk.gov.ida.saml.security.CredentialFactorySignatureValidatorTest" time="0.004"/>
  <testcase name="shouldNotValidateSignatureTooManyReferences" classname="uk.gov.ida.saml.security.CredentialFactorySignatureValidatorTest" time="0.004"/>
  <testcase name="shouldNotValidateSignatureNoParentID" classname="uk.gov.ida.saml.security.CredentialFactorySignatureValidatorTest" time="0.004"/>
  <testcase name="shouldNotValidateSignatureNoEnvelopeTransform" classname="uk.gov.ida.saml.security.CredentialFactorySignatureValidatorTest" time="0.004"/>
  <testcase name="shouldNotValidateMissingSignature" classname="uk.gov.ida.saml.security.CredentialFactorySignatureValidatorTest" time="0.003"/>
  <testcase name="shouldNotAcceptMissignedAssertions" classname="uk.gov.ida.saml.security.CredentialFactorySignatureValidatorTest" time="0.008"/>
  <testcase name="shouldSupportAnEntityWithMultipleSigningCertificates" classname="uk.gov.ida.saml.security.CredentialFactorySignatureValidatorTest" time="0.033"/>
  <testcase name="shouldNotValidateSignatureInvalidEnvelopeTransform" classname="uk.gov.ida.saml.security.CredentialFactorySignatureValidatorTest" time="0.004"/>
  <system-out><![CDATA[14:58:08.975 [Test worker] DEBUG org.opensaml.xmlsec.signature.impl.SignatureUnmarshaller - Starting to unmarshall Apache XML-Security-based SignatureImpl element
14:58:08.975 [Test worker] DEBUG org.opensaml.xmlsec.signature.impl.SignatureUnmarshaller - Constructing Apache XMLSignature object
14:58:08.975 [Test worker] DEBUG org.apache.xml.security.utils.ElementProxy - setElement("ds:Signature", "")
14:58:08.975 [Test worker] DEBUG org.apache.xml.security.utils.ElementProxy - setElement("ds:SignedInfo", "")
14:58:08.975 [Test worker] DEBUG org.apache.xml.security.utils.ElementProxy - setElement("ds:SignatureMethod", "")
14:58:08.975 [Test worker] DEBUG org.apache.xml.security.algorithms.SignatureAlgorithm - Create URI "http://www.w3.org/2000/09/xmldsig#rsa-sha1" class "class org.apache.xml.security.algorithms.implementations.SignatureBaseRSA$SignatureRSASHA1"
14:58:08.976 [Test worker] DEBUG org.apache.xml.security.algorithms.JCEMapper - Request for URI http://www.w3.org/2000/09/xmldsig#rsa-sha1
14:58:08.976 [Test worker] DEBUG org.apache.xml.security.algorithms.implementations.SignatureBaseRSA - Created SignatureRSA using SHA1withRSA
14:58:08.976 [Test worker] DEBUG org.opensaml.xmlsec.signature.impl.SignatureUnmarshaller - Adding canonicalization and signing algorithms, and HMAC output length to Signature
14:58:08.976 [Test worker] DEBUG org.opensaml.core.xml.io.AbstractXMLObjectUnmarshaller - Ignoring unknown attribute Format
14:58:08.976 [Test worker] DEBUG org.opensaml.core.xml.io.AbstractXMLObjectUnmarshaller - Ignoring unknown attribute SPNameQualifier
14:58:08.978 [Test worker] DEBUG org.apache.xml.security.utils.ElementProxy - setElement("ds:Reference", "")
14:58:08.978 [Test worker] DEBUG org.apache.xml.security.utils.ElementProxy - setElement("ds:Transforms", "")
14:58:08.978 [Test worker] ERROR org.opensaml.saml.security.impl.SAMLSignatureProfileValidator - Invalid number of Transforms was present: 3
14:58:08.982 [Test worker] DEBUG org.opensaml.core.xml.io.AbstractXMLObjectUnmarshaller - Ignoring unknown attribute ID
14:58:08.982 [Test worker] DEBUG org.opensaml.xmlsec.signature.impl.SignatureUnmarshaller - Starting to unmarshall Apache XML-Security-based SignatureImpl element
14:58:08.982 [Test worker] DEBUG org.opensaml.xmlsec.signature.impl.SignatureUnmarshaller - Constructing Apache XMLSignature object
14:58:08.982 [Test worker] DEBUG org.apache.xml.security.utils.ElementProxy - setElement("ds:Signature", "")
14:58:08.982 [Test worker] DEBUG org.apache.xml.security.utils.ElementProxy - setElement("ds:SignedInfo", "")
14:58:08.982 [Test worker] DEBUG org.apache.xml.security.utils.ElementProxy - setElement("ds:SignatureMethod", "")
14:58:08.982 [Test worker] DEBUG org.apache.xml.security.algorithms.SignatureAlgorithm - Create URI "http://www.w3.org/2000/09/xmldsig#rsa-sha1" class "class org.apache.xml.security.algorithms.implementations.SignatureBaseRSA$SignatureRSASHA1"
14:58:08.982 [Test worker] DEBUG org.apache.xml.security.algorithms.JCEMapper - Request for URI http://www.w3.org/2000/09/xmldsig#rsa-sha1
14:58:08.982 [Test worker] DEBUG org.apache.xml.security.algorithms.implementations.SignatureBaseRSA - Created SignatureRSA using SHA1withRSA
14:58:08.982 [Test worker] DEBUG org.opensaml.xmlsec.signature.impl.SignatureUnmarshaller - Adding canonicalization and signing algorithms, and HMAC output length to Signature
14:58:08.982 [Test worker] DEBUG org.opensaml.core.xml.io.AbstractXMLObjectUnmarshaller - Ignoring unknown attribute Format
14:58:08.982 [Test worker] DEBUG org.opensaml.core.xml.io.AbstractXMLObjectUnmarshaller - Ignoring unknown attribute SPNameQualifier
14:58:08.983 [Test worker] DEBUG org.apache.xml.security.utils.ElementProxy - setElement("ds:Reference", "")
14:58:08.983 [Test worker] DEBUG org.apache.xml.security.utils.ElementProxy - setElement("ds:Transforms", "")
14:58:08.983 [Test worker] ERROR org.opensaml.saml.security.impl.SAMLSignatureProfileValidator - Reference URI '#_af01d14f-14db-46b9-b3f7-d9d67bff7e97' did not point to SignableSAMLObject with ID '_af01d14f-14db-46b9-b3f7-d9d67bff7e96'
14:58:08.987 [Test worker] DEBUG org.opensaml.xmlsec.signature.impl.SignatureUnmarshaller - Starting to unmarshall Apache XML-Security-based SignatureImpl element
14:58:08.987 [Test worker] DEBUG org.opensaml.xmlsec.signature.impl.SignatureUnmarshaller - Constructing Apache XMLSignature object
14:58:08.987 [Test worker] DEBUG org.apache.xml.security.utils.ElementProxy - setElement("ds:Signature", "")
14:58:08.987 [Test worker] DEBUG org.apache.xml.security.utils.ElementProxy - setElement("ds:SignedInfo", "")
14:58:08.987 [Test worker] DEBUG org.apache.xml.security.utils.ElementProxy - setElement("ds:SignatureMethod", "")
14:58:08.987 [Test worker] DEBUG org.apache.xml.security.algorithms.SignatureAlgorithm - Create URI "http://www.w3.org/2000/09/xmldsig#rsa-sha1" class "class org.apache.xml.security.algorithms.implementations.SignatureBaseRSA$SignatureRSASHA1"
14:58:08.988 [Test worker] DEBUG org.apache.xml.security.algorithms.JCEMapper - Request for URI http://www.w3.org/2000/09/xmldsig#rsa-sha1
14:58:08.988 [Test worker] DEBUG org.apache.xml.security.algorithms.implementations.SignatureBaseRSA - Created SignatureRSA using SHA1withRSA
14:58:08.988 [Test worker] DEBUG org.opensaml.xmlsec.signature.impl.SignatureUnmarshaller - Adding canonicalization and signing algorithms, and HMAC output length to Signature
14:58:08.988 [Test worker] DEBUG org.opensaml.core.xml.io.AbstractXMLObjectUnmarshaller - Ignoring unknown attribute Format
14:58:08.988 [Test worker] DEBUG org.opensaml.core.xml.io.AbstractXMLObjectUnmarshaller - Ignoring unknown attribute SPNameQualifier
14:58:08.988 [Test worker] DEBUG org.apache.xml.security.utils.ElementProxy - setElement("ds:Reference", "")
14:58:08.988 [Test worker] DEBUG org.apache.xml.security.utils.ElementProxy - setElement("ds:Transforms", "")
14:58:08.988 [Test worker] ERROR org.opensaml.saml.security.impl.SAMLSignatureProfileValidator - Apache XML Security exception obtaining Reference
org.apache.xml.security.transforms.TransformationException: Cannot find Transform in Transforms
	at org.apache.xml.security.transforms.Transforms.<init>(Transforms.java:143)
	at org.apache.xml.security.signature.Reference.<init>(Reference.java:239)
	at org.apache.xml.security.signature.Manifest.item(Manifest.java:229)
	at org.opensaml.saml.security.impl.SAMLSignatureProfileValidator.validateReference(SAMLSignatureProfileValidator.java:116)
	at org.opensaml.saml.security.impl.SAMLSignatureProfileValidator.validateSignatureImpl(SAMLSignatureProfileValidator.java:88)
	at org.opensaml.saml.security.impl.SAMLSignatureProfileValidator.validate(SAMLSignatureProfileValidator.java:64)
	at uk.gov.ida.saml.security.SignatureValidator.validate(SignatureValidator.java:29)
	at uk.gov.ida.saml.security.CredentialFactorySignatureValidatorTest.validateAuthnRequestFile(CredentialFactorySignatureValidatorTest.java:177)
	at uk.gov.ida.saml.security.CredentialFactorySignatureValidatorTest.shouldNotValidateSignatureNoTransforms(CredentialFactorySignatureValidatorTest.java:138)
	at sun.reflect.NativeMethodAccessorImpl.invoke0(Native Method)
	at sun.reflect.NativeMethodAccessorImpl.invoke(NativeMethodAccessorImpl.java:62)
	at sun.reflect.DelegatingMethodAccessorImpl.invoke(DelegatingMethodAccessorImpl.java:43)
	at java.lang.reflect.Method.invoke(Method.java:498)
	at org.junit.runners.model.FrameworkMethod$1.runReflectiveCall(FrameworkMethod.java:50)
	at org.junit.internal.runners.model.ReflectiveCallable.run(ReflectiveCallable.java:12)
	at org.junit.runners.model.FrameworkMethod.invokeExplosively(FrameworkMethod.java:47)
	at org.junit.internal.runners.statements.InvokeMethod.evaluate(InvokeMethod.java:17)
	at org.junit.internal.runners.statements.ExpectException.evaluate(ExpectException.java:19)
	at org.junit.runners.ParentRunner.runLeaf(ParentRunner.java:325)
	at org.junit.runners.BlockJUnit4ClassRunner.runChild(BlockJUnit4ClassRunner.java:78)
	at org.junit.runners.BlockJUnit4ClassRunner.runChild(BlockJUnit4ClassRunner.java:57)
	at org.junit.runners.ParentRunner$3.run(ParentRunner.java:290)
	at org.junit.runners.ParentRunner$1.schedule(ParentRunner.java:71)
	at org.junit.runners.ParentRunner.runChildren(ParentRunner.java:288)
	at org.junit.runners.ParentRunner.access$000(ParentRunner.java:58)
	at org.junit.runners.ParentRunner$2.evaluate(ParentRunner.java:268)
	at org.junit.runners.ParentRunner.run(ParentRunner.java:363)
	at org.mockito.internal.runners.JUnit45AndHigherRunnerImpl.run(JUnit45AndHigherRunnerImpl.java:37)
	at org.mockito.runners.MockitoJUnitRunner.run(MockitoJUnitRunner.java:62)
	at org.gradle.api.internal.tasks.testing.junit.JUnitTestClassExecuter.runTestClass(JUnitTestClassExecuter.java:114)
	at org.gradle.api.internal.tasks.testing.junit.JUnitTestClassExecuter.execute(JUnitTestClassExecuter.java:57)
	at org.gradle.api.internal.tasks.testing.junit.JUnitTestClassProcessor.processTestClass(JUnitTestClassProcessor.java:66)
	at org.gradle.api.internal.tasks.testing.SuiteTestClassProcessor.processTestClass(SuiteTestClassProcessor.java:51)
	at sun.reflect.NativeMethodAccessorImpl.invoke0(Native Method)
	at sun.reflect.NativeMethodAccessorImpl.invoke(NativeMethodAccessorImpl.java:62)
	at sun.reflect.DelegatingMethodAccessorImpl.invoke(DelegatingMethodAccessorImpl.java:43)
	at java.lang.reflect.Method.invoke(Method.java:498)
	at org.gradle.internal.dispatch.ReflectionDispatch.dispatch(ReflectionDispatch.java:35)
	at org.gradle.internal.dispatch.ReflectionDispatch.dispatch(ReflectionDispatch.java:24)
	at org.gradle.internal.dispatch.ContextClassLoaderDispatch.dispatch(ContextClassLoaderDispatch.java:32)
	at org.gradle.internal.dispatch.ProxyDispatchAdapter$DispatchingInvocationHandler.invoke(ProxyDispatchAdapter.java:93)
	at com.sun.proxy.$Proxy1.processTestClass(Unknown Source)
	at org.gradle.api.internal.tasks.testing.worker.TestWorker.processTestClass(TestWorker.java:109)
	at sun.reflect.NativeMethodAccessorImpl.invoke0(Native Method)
	at sun.reflect.NativeMethodAccessorImpl.invoke(NativeMethodAccessorImpl.java:62)
	at sun.reflect.DelegatingMethodAccessorImpl.invoke(DelegatingMethodAccessorImpl.java:43)
	at java.lang.reflect.Method.invoke(Method.java:498)
	at org.gradle.internal.dispatch.ReflectionDispatch.dispatch(ReflectionDispatch.java:35)
	at org.gradle.internal.dispatch.ReflectionDispatch.dispatch(ReflectionDispatch.java:24)
	at org.gradle.internal.remote.internal.hub.MessageHubBackedObjectConnection$DispatchWrapper.dispatch(MessageHubBackedObjectConnection.java:146)
	at org.gradle.internal.remote.internal.hub.MessageHubBackedObjectConnection$DispatchWrapper.dispatch(MessageHubBackedObjectConnection.java:128)
	at org.gradle.internal.remote.internal.hub.MessageHub$Handler.run(MessageHub.java:404)
	at org.gradle.internal.concurrent.ExecutorPolicy$CatchAndRecordFailures.onExecute(ExecutorPolicy.java:63)
	at org.gradle.internal.concurrent.StoppableExecutorImpl$1.run(StoppableExecutorImpl.java:46)
	at java.util.concurrent.ThreadPoolExecutor.runWorker(ThreadPoolExecutor.java:1149)
	at java.util.concurrent.ThreadPoolExecutor$Worker.run(ThreadPoolExecutor.java:624)
	at org.gradle.internal.concurrent.ThreadFactoryImpl$ManagedThreadRunnable.run(ThreadFactoryImpl.java:55)
	at java.lang.Thread.run(Thread.java:748)
14:58:08.994 [Test worker] DEBUG org.opensaml.xmlsec.signature.impl.SignatureUnmarshaller - Starting to unmarshall Apache XML-Security-based SignatureImpl element
14:58:08.994 [Test worker] DEBUG org.opensaml.xmlsec.signature.impl.SignatureUnmarshaller - Constructing Apache XMLSignature object
14:58:08.994 [Test worker] DEBUG org.apache.xml.security.utils.ElementProxy - setElement("ds:Signature", "")
14:58:08.994 [Test worker] DEBUG org.apache.xml.security.utils.ElementProxy - setElement("ds:SignedInfo", "")
14:58:08.994 [Test worker] DEBUG org.apache.xml.security.utils.ElementProxy - setElement("ds:SignatureMethod", "")
14:58:08.994 [Test worker] DEBUG org.apache.xml.security.algorithms.SignatureAlgorithm - Create URI "http://www.w3.org/2000/09/xmldsig#rsa-sha1" class "class org.apache.xml.security.algorithms.implementations.SignatureBaseRSA$SignatureRSASHA1"
14:58:08.994 [Test worker] DEBUG org.apache.xml.security.algorithms.JCEMapper - Request for URI http://www.w3.org/2000/09/xmldsig#rsa-sha1
14:58:08.994 [Test worker] DEBUG org.apache.xml.security.algorithms.implementations.SignatureBaseRSA - Created SignatureRSA using SHA1withRSA
14:58:08.994 [Test worker] DEBUG org.opensaml.xmlsec.signature.impl.SignatureUnmarshaller - Adding canonicalization and signing algorithms, and HMAC output length to Signature
14:58:08.994 [Test worker] DEBUG org.opensaml.core.xml.io.AbstractXMLObjectUnmarshaller - Ignoring unknown child element Wrapper
14:58:08.994 [Test worker] DEBUG org.opensaml.core.xml.io.AbstractXMLObjectUnmarshaller - Ignoring unknown attribute Format
14:58:08.994 [Test worker] DEBUG org.opensaml.core.xml.io.AbstractXMLObjectUnmarshaller - Ignoring unknown attribute SPNameQualifier
14:58:08.998 [Test worker] DEBUG org.opensaml.xmlsec.signature.impl.SignatureUnmarshaller - Starting to unmarshall Apache XML-Security-based SignatureImpl element
14:58:08.998 [Test worker] DEBUG org.opensaml.xmlsec.signature.impl.SignatureUnmarshaller - Constructing Apache XMLSignature object
14:58:08.998 [Test worker] DEBUG org.apache.xml.security.utils.ElementProxy - setElement("ds:Signature", "")
14:58:08.998 [Test worker] DEBUG org.apache.xml.security.utils.ElementProxy - setElement("ds:SignedInfo", "")
14:58:08.998 [Test worker] DEBUG org.apache.xml.security.utils.ElementProxy - setElement("ds:SignatureMethod", "")
14:58:08.998 [Test worker] DEBUG org.apache.xml.security.algorithms.SignatureAlgorithm - Create URI "http://www.w3.org/2000/09/xmldsig#rsa-sha1" class "class org.apache.xml.security.algorithms.implementations.SignatureBaseRSA$SignatureRSASHA1"
14:58:08.998 [Test worker] DEBUG org.apache.xml.security.algorithms.JCEMapper - Request for URI http://www.w3.org/2000/09/xmldsig#rsa-sha1
14:58:08.998 [Test worker] DEBUG org.apache.xml.security.algorithms.implementations.SignatureBaseRSA - Created SignatureRSA using SHA1withRSA
14:58:08.998 [Test worker] DEBUG org.opensaml.xmlsec.signature.impl.SignatureUnmarshaller - Adding canonicalization and signing algorithms, and HMAC output length to Signature
14:58:08.998 [Test worker] DEBUG org.opensaml.core.xml.io.AbstractXMLObjectUnmarshaller - Ignoring unknown attribute Format
14:58:08.998 [Test worker] DEBUG org.opensaml.core.xml.io.AbstractXMLObjectUnmarshaller - Ignoring unknown attribute SPNameQualifier
14:58:08.999 [Test worker] DEBUG org.apache.xml.security.utils.ElementProxy - setElement("ds:Reference", "")
14:58:08.999 [Test worker] DEBUG org.apache.xml.security.utils.ElementProxy - setElement("ds:Transforms", "")
14:58:08.999 [Test worker] ERROR org.opensaml.saml.security.impl.SAMLSignatureProfileValidator - Reference URI '#_af01d14f-14db-46b9-b3f7-d9d67bff7e97' did not point to SignableSAMLObject with ID '_af01d14f-14db-46b9-b3f7-d9d67bff7e96'
14:58:09.002 [Test worker] DEBUG org.opensaml.xmlsec.signature.impl.SignatureUnmarshaller - Starting to unmarshall Apache XML-Security-based SignatureImpl element
14:58:09.003 [Test worker] DEBUG org.opensaml.xmlsec.signature.impl.SignatureUnmarshaller - Constructing Apache XMLSignature object
14:58:09.003 [Test worker] DEBUG org.apache.xml.security.utils.ElementProxy - setElement("ds:Signature", "")
14:58:09.003 [Test worker] DEBUG org.apache.xml.security.utils.ElementProxy - setElement("ds:SignedInfo", "")
14:58:09.003 [Test worker] DEBUG org.apache.xml.security.utils.ElementProxy - setElement("ds:SignatureMethod", "")
14:58:09.003 [Test worker] DEBUG org.apache.xml.security.algorithms.SignatureAlgorithm - Create URI "http://www.w3.org/2001/04/xmldsig-more#rsa-md5" class "class org.apache.xml.security.algorithms.implementations.SignatureBaseRSA$SignatureRSAMD5"
14:58:09.003 [Test worker] DEBUG org.apache.xml.security.algorithms.JCEMapper - Request for URI http://www.w3.org/2001/04/xmldsig-more#rsa-md5
14:58:09.003 [Test worker] DEBUG org.apache.xml.security.algorithms.implementations.SignatureBaseRSA - Created SignatureRSA using MD5withRSA
14:58:09.003 [Test worker] DEBUG org.opensaml.xmlsec.signature.impl.SignatureUnmarshaller - Adding canonicalization and signing algorithms, and HMAC output length to Signature
14:58:09.003 [Test worker] DEBUG org.opensaml.core.xml.io.AbstractXMLObjectUnmarshaller - Ignoring unknown attribute Format
14:58:09.003 [Test worker] DEBUG org.opensaml.core.xml.io.AbstractXMLObjectUnmarshaller - Ignoring unknown attribute SPNameQualifier
14:58:09.003 [Test worker] DEBUG org.apache.xml.security.utils.ElementProxy - setElement("ds:Reference", "")
14:58:09.003 [Test worker] DEBUG org.apache.xml.security.utils.ElementProxy - setElement("ds:Transforms", "")
14:58:09.003 [Test worker] DEBUG org.apache.xml.security.utils.ElementProxy - setElement("ds:Transform", "")
14:58:09.003 [Test worker] DEBUG org.opensaml.saml.security.impl.SAMLSignatureProfileValidator - Saw Enveloped signature transform
14:58:09.003 [Test worker] DEBUG org.apache.xml.security.utils.ElementProxy - setElement("ds:Transform", "")
14:58:09.003 [Test worker] DEBUG org.opensaml.saml.security.impl.SAMLSignatureProfileValidator - Saw Exclusive C14N signature transform
14:58:09.010 [Test worker] DEBUG org.opensaml.xmlsec.signature.support.impl.BaseSignatureTrustEngine - Performing signature algorithm whitelist/blacklist validation using params from CriteriaSet
14:58:09.011 [Test worker] DEBUG org.opensaml.xmlsec.signature.support.impl.SignatureAlgorithmValidator - Validating SignedInfo/SignatureMethod/@Algorithm against whitelist/blacklist: http://www.w3.org/2001/04/xmldsig-more#rsa-md5
14:58:09.011 [Test worker] DEBUG org.opensaml.xmlsec.signature.support.impl.SignatureAlgorithmValidator - Validating algorithm URI against whitelist and blacklist: algorithm: http://www.w3.org/2001/04/xmldsig-more#rsa-md5, whitelist: [http://www.w3.org/2001/04/xmldsig-more#rsa-sha512, http://www.w3.org/2000/09/xmldsig#sha1, http://www.w3.org/2001/04/xmlenc#sha512, http://www.w3.org/2001/04/xmldsig-more#rsa-sha256, http://www.w3.org/2001/04/xmlenc#sha256, http://www.w3.org/2000/09/xmldsig#rsa-sha1], blacklist: []
14:58:09.011 [Test worker] DEBUG org.opensaml.xmlsec.algorithm.AlgorithmSupport - Saw non-null algorithm blacklist: []
14:58:09.011 [Test worker] DEBUG org.opensaml.xmlsec.algorithm.AlgorithmSupport - Algorithm passed blacklist validation: http://www.w3.org/2001/04/xmldsig-more#rsa-md5
14:58:09.011 [Test worker] DEBUG org.opensaml.xmlsec.algorithm.AlgorithmSupport - Saw non-null algorithm whitelist: [http://www.w3.org/2001/04/xmldsig-more#rsa-sha512, http://www.w3.org/2000/09/xmldsig#sha1, http://www.w3.org/2001/04/xmlenc#sha512, http://www.w3.org/2001/04/xmldsig-more#rsa-sha256, http://www.w3.org/2001/04/xmlenc#sha256, http://www.w3.org/2000/09/xmldsig#rsa-sha1]
14:58:09.011 [Test worker] WARN org.opensaml.xmlsec.algorithm.AlgorithmSupport - Algorithm failed whitelist validation: http://www.w3.org/2001/04/xmldsig-more#rsa-md5
14:58:09.012 [Test worker] WARN org.opensaml.xmlsec.signature.support.impl.BaseSignatureTrustEngine - XML signature failed algorithm whitelist/blacklist validation
14:58:09.045 [Test worker] DEBUG org.opensaml.saml.common.SAMLObjectSupport - Examining signed object for content references with exclusive canonicalization transform
14:58:09.045 [Test worker] DEBUG org.opensaml.saml.common.SAMLObjectSupport - Saw exclusive transform, declaring non-visible namespaces on signed object
14:58:09.046 [Test worker] DEBUG org.opensaml.xmlsec.signature.impl.SignatureMarshaller - Starting to marshall {http://www.w3.org/2000/09/xmldsig#}Signature
14:58:09.046 [Test worker] DEBUG org.opensaml.xmlsec.signature.impl.SignatureMarshaller - Creating XMLSignature object
14:58:09.046 [Test worker] DEBUG org.apache.xml.security.algorithms.SignatureAlgorithm - Create URI "http://www.w3.org/2001/04/xmldsig-more#rsa-sha256" class "class org.apache.xml.security.algorithms.implementations.SignatureBaseRSA$SignatureRSASHA256"
14:58:09.046 [Test worker] DEBUG org.apache.xml.security.algorithms.JCEMapper - Request for URI http://www.w3.org/2001/04/xmldsig-more#rsa-sha256
14:58:09.046 [Test worker] DEBUG org.apache.xml.security.algorithms.implementations.SignatureBaseRSA - Created SignatureRSA using SHA256withRSA
14:58:09.046 [Test worker] DEBUG org.opensaml.xmlsec.signature.impl.SignatureMarshaller - Adding content to XMLSignature.
14:58:09.046 [Test worker] DEBUG org.apache.xml.security.transforms.Transforms - Transforms.addTransform(http://www.w3.org/2000/09/xmldsig#enveloped-signature)
14:58:09.046 [Test worker] DEBUG org.apache.xml.security.transforms.Transform - Create URI "http://www.w3.org/2000/09/xmldsig#enveloped-signature" class "class org.apache.xml.security.transforms.implementations.TransformEnvelopedSignature"
14:58:09.046 [Test worker] DEBUG org.apache.xml.security.transforms.Transform - The NodeList is null
14:58:09.046 [Test worker] DEBUG org.apache.xml.security.transforms.Transforms - Transforms.addTransform(http://www.w3.org/2000/09/xmldsig#enveloped-signature)
14:58:09.046 [Test worker] DEBUG org.apache.xml.security.transforms.Transforms - Transforms.addTransform(http://www.w3.org/2001/10/xml-exc-c14n#)
14:58:09.046 [Test worker] DEBUG org.apache.xml.security.transforms.Transform - Create URI "http://www.w3.org/2001/10/xml-exc-c14n#" class "class org.apache.xml.security.transforms.implementations.TransformC14NExclusive"
14:58:09.046 [Test worker] DEBUG org.apache.xml.security.transforms.Transform - The NodeList is null
14:58:09.046 [Test worker] DEBUG org.apache.xml.security.transforms.Transforms - Transforms.addTransform(http://www.w3.org/2001/10/xml-exc-c14n#)
14:58:09.046 [Test worker] DEBUG org.apache.xml.security.utils.ElementProxy - setElement("ds:Transform", "null")
14:58:09.046 [Test worker] DEBUG org.opensaml.saml.common.SAMLObjectContentReference - Adding list of inclusive namespaces for signature exclusive canonicalization transform
14:58:09.047 [Test worker] DEBUG org.opensaml.xmlsec.signature.impl.SignatureMarshaller - Creating Signature DOM element
14:58:09.047 [Test worker] DEBUG org.apache.xml.security.utils.ElementProxy - setElement("ds:Transform", "null")
14:58:09.047 [Test worker] DEBUG org.opensaml.saml.security.impl.SAMLSignatureProfileValidator - Saw Enveloped signature transform
14:58:09.047 [Test worker] DEBUG org.apache.xml.security.utils.ElementProxy - setElement("ds:Transform", "null")
14:58:09.047 [Test worker] DEBUG org.opensaml.saml.security.impl.SAMLSignatureProfileValidator - Saw Exclusive C14N signature transform
14:58:09.048 [Test worker] DEBUG org.opensaml.xmlsec.signature.support.impl.BaseSignatureTrustEngine - Performing signature algorithm whitelist/blacklist validation using params from CriteriaSet
14:58:09.048 [Test worker] DEBUG org.opensaml.xmlsec.signature.support.impl.SignatureAlgorithmValidator - Validating SignedInfo/SignatureMethod/@Algorithm against whitelist/blacklist: http://www.w3.org/2001/04/xmldsig-more#rsa-sha256
14:58:09.048 [Test worker] DEBUG org.opensaml.xmlsec.signature.support.impl.SignatureAlgorithmValidator - Validating algorithm URI against whitelist and blacklist: algorithm: http://www.w3.org/2001/04/xmldsig-more#rsa-sha256, whitelist: [http://www.w3.org/2001/04/xmldsig-more#rsa-sha512, http://www.w3.org/2000/09/xmldsig#sha1, http://www.w3.org/2001/04/xmlenc#sha512, http://www.w3.org/2001/04/xmldsig-more#rsa-sha256, http://www.w3.org/2001/04/xmlenc#sha256, http://www.w3.org/2000/09/xmldsig#rsa-sha1], blacklist: []
14:58:09.048 [Test worker] DEBUG org.opensaml.xmlsec.algorithm.AlgorithmSupport - Saw non-null algorithm blacklist: []
14:58:09.048 [Test worker] DEBUG org.opensaml.xmlsec.algorithm.AlgorithmSupport - Algorithm passed blacklist validation: http://www.w3.org/2001/04/xmldsig-more#rsa-sha256
14:58:09.048 [Test worker] DEBUG org.opensaml.xmlsec.algorithm.AlgorithmSupport - Saw non-null algorithm whitelist: [http://www.w3.org/2001/04/xmldsig-more#rsa-sha512, http://www.w3.org/2000/09/xmldsig#sha1, http://www.w3.org/2001/04/xmlenc#sha512, http://www.w3.org/2001/04/xmldsig-more#rsa-sha256, http://www.w3.org/2001/04/xmlenc#sha256, http://www.w3.org/2000/09/xmldsig#rsa-sha1]
14:58:09.048 [Test worker] DEBUG org.opensaml.xmlsec.algorithm.AlgorithmSupport - Algorithm passed whitelist validation: http://www.w3.org/2001/04/xmldsig-more#rsa-sha256
14:58:09.048 [Test worker] DEBUG org.opensaml.xmlsec.signature.support.impl.SignatureAlgorithmValidator - Validating SignedInfo/Reference/DigestMethod/@Algorithm against whitelist/blacklist: http://www.w3.org/2001/04/xmlenc#sha256
14:58:09.048 [Test worker] DEBUG org.opensaml.xmlsec.signature.support.impl.SignatureAlgorithmValidator - Validating algorithm URI against whitelist and blacklist: algorithm: http://www.w3.org/2001/04/xmlenc#sha256, whitelist: [http://www.w3.org/2001/04/xmldsig-more#rsa-sha512, http://www.w3.org/2000/09/xmldsig#sha1, http://www.w3.org/2001/04/xmlenc#sha512, http://www.w3.org/2001/04/xmldsig-more#rsa-sha256, http://www.w3.org/2001/04/xmlenc#sha256, http://www.w3.org/2000/09/xmldsig#rsa-sha1], blacklist: []
14:58:09.048 [Test worker] DEBUG org.opensaml.xmlsec.algorithm.AlgorithmSupport - Saw non-null algorithm blacklist: []
14:58:09.048 [Test worker] DEBUG org.opensaml.xmlsec.algorithm.AlgorithmSupport - Algorithm passed blacklist validation: http://www.w3.org/2001/04/xmlenc#sha256
14:58:09.048 [Test worker] DEBUG org.opensaml.xmlsec.algorithm.AlgorithmSupport - Saw non-null algorithm whitelist: [http://www.w3.org/2001/04/xmldsig-more#rsa-sha512, http://www.w3.org/2000/09/xmldsig#sha1, http://www.w3.org/2001/04/xmlenc#sha512, http://www.w3.org/2001/04/xmldsig-more#rsa-sha256, http://www.w3.org/2001/04/xmlenc#sha256, http://www.w3.org/2000/09/xmldsig#rsa-sha1]
14:58:09.048 [Test worker] DEBUG org.opensaml.xmlsec.algorithm.AlgorithmSupport - Algorithm passed whitelist validation: http://www.w3.org/2001/04/xmlenc#sha256
14:58:09.048 [Test worker] DEBUG org.opensaml.xmlsec.signature.support.impl.BaseSignatureTrustEngine - Attempting to verify signature and establish trust using KeyInfo-derived credentials
14:58:09.048 [Test worker] DEBUG org.opensaml.xmlsec.signature.support.impl.BaseSignatureTrustEngine - Signature contained no KeyInfo element, could not resolve verification credentials
14:58:09.048 [Test worker] DEBUG org.opensaml.xmlsec.signature.support.impl.BaseSignatureTrustEngine - Failed to verify signature and/or establish trust using any KeyInfo-derived credentials
14:58:09.048 [Test worker] DEBUG org.opensaml.xmlsec.signature.support.impl.ExplicitKeySignatureTrustEngine - Attempting to verify signature using trusted credentials
14:58:09.049 [Test worker] DEBUG org.opensaml.xmlsec.signature.support.SignatureValidationProvider - Using a validation provider of implementation: org.opensaml.xmlsec.signature.support.provider.ApacheSantuarioSignatureValidationProviderImpl
14:58:09.049 [Test worker] DEBUG org.opensaml.xmlsec.signature.support.provider.ApacheSantuarioSignatureValidationProviderImpl - Attempting to validate signature using key from supplied credential
14:58:09.049 [Test worker] DEBUG org.opensaml.xmlsec.signature.support.provider.ApacheSantuarioSignatureValidationProviderImpl - Accessing XMLSignature object
14:58:09.049 [Test worker] DEBUG org.opensaml.xmlsec.signature.support.provider.ApacheSantuarioSignatureValidationProviderImpl - Validating signature with signature algorithm URI: http://www.w3.org/2001/04/xmldsig-more#rsa-sha256
14:58:09.049 [Test worker] DEBUG org.opensaml.xmlsec.signature.support.provider.ApacheSantuarioSignatureValidationProviderImpl - Validation credential key algorithm 'RSA', key instance class 'sun.security.rsa.RSAPublicKeyImpl'
14:58:09.049 [Test worker] DEBUG org.apache.xml.security.signature.XMLSignature - signatureMethodURI = http://www.w3.org/2001/04/xmldsig-more#rsa-sha256
14:58:09.049 [Test worker] DEBUG org.apache.xml.security.signature.XMLSignature - jceSigAlgorithm    = SHA256withRSA
14:58:09.050 [Test worker] DEBUG org.apache.xml.security.signature.XMLSignature - jceSigProvider     = SunRsaSign
14:58:09.050 [Test worker] DEBUG org.apache.xml.security.signature.XMLSignature - PublicKey = Sun RSA public key, 2048 bits
  modulus: 25998853806074907922736536937144192810524126200249845203941498583957653002742012081024851371701765572997964410773213417627351163207763916839110493186842727422105108695847327425148517951272422220366166787137233228070807559064518855586460848701406111149789270506162893565711430566183449983164245901187970559589037577615433138971451632097660130400984021863805390812022721378617499178820332971373486312850645816708350643062789774826141511451391051956832621350686324922826347973370110492133155768037641842259670336438666133242469461046538870604952985498558023280525040790594650803517622806143906741297205357832508919936977
  public exponent: 65537
14:58:09.050 [Test worker] DEBUG org.apache.xml.security.utils.SignerOutputStream - Canonicalized SignedInfo:
14:58:09.050 [Test worker] DEBUG org.apache.xml.security.utils.SignerOutputStream - <ds:SignedInfo xmlns:ds="http://www.w3.org/2000/09/xmldsig#">
<ds:CanonicalizationMethod Algorithm="http://www.w3.org/2001/10/xml-exc-c14n#"></ds:CanonicalizationMethod>
<ds:SignatureMethod Algorithm="http://www.w3.org/2001/04/xmldsig-more#rsa-sha256"></ds:SignatureMethod>
<ds:Reference URI="#some-assertion-id">
<ds:Transforms>
<ds:Transform Algorithm="http://www.w3.org/2000/09/xmldsig#enveloped-signature"></ds:Transform>
<ds:Transform Algorithm="http://www.w3.org/2001/10/xml-exc-c14n#"></ds:Transform>
</ds:Transforms>
<ds:DigestMethod Algorithm="http://www.w3.org/2001/04/xmlenc#sha256"></ds:DigestMethod>
<ds:DigestValue></ds:DigestValue>
</ds:Reference>
</ds:SignedInfo>
14:58:09.051 [Test worker] DEBUG org.opensaml.xmlsec.signature.support.impl.BaseSignatureTrustEngine - Signature validation using candidate validation credential failed
org.opensaml.xmlsec.signature.support.SignatureException: Unable to evaluate key against signature
	at org.opensaml.xmlsec.signature.support.provider.ApacheSantuarioSignatureValidationProviderImpl.validate(ApacheSantuarioSignatureValidationProviderImpl.java:75)
	at org.opensaml.xmlsec.signature.support.SignatureValidator.validate(SignatureValidator.java:54)
	at org.opensaml.xmlsec.signature.support.impl.BaseSignatureTrustEngine.verifySignature(BaseSignatureTrustEngine.java:242)
	at org.opensaml.xmlsec.signature.support.impl.ExplicitKeySignatureTrustEngine.doValidate(ExplicitKeySignatureTrustEngine.java:119)
	at org.opensaml.xmlsec.signature.support.impl.BaseSignatureTrustEngine.validate(BaseSignatureTrustEngine.java:105)
	at org.opensaml.xmlsec.signature.support.impl.BaseSignatureTrustEngine.validate(BaseSignatureTrustEngine.java:62)
	at uk.gov.ida.saml.security.SignatureValidator.validate(SignatureValidator.java:48)
	at uk.gov.ida.saml.security.CredentialFactorySignatureValidatorTest.shouldNotAcceptUnsignedAssertions(CredentialFactorySignatureValidatorTest.java:44)
	at sun.reflect.NativeMethodAccessorImpl.invoke0(Native Method)
	at sun.reflect.NativeMethodAccessorImpl.invoke(NativeMethodAccessorImpl.java:62)
	at sun.reflect.DelegatingMethodAccessorImpl.invoke(DelegatingMethodAccessorImpl.java:43)
	at java.lang.reflect.Method.invoke(Method.java:498)
	at org.junit.runners.model.FrameworkMethod$1.runReflectiveCall(FrameworkMethod.java:50)
	at org.junit.internal.runners.model.ReflectiveCallable.run(ReflectiveCallable.java:12)
	at org.junit.runners.model.FrameworkMethod.invokeExplosively(FrameworkMethod.java:47)
	at org.junit.internal.runners.statements.InvokeMethod.evaluate(InvokeMethod.java:17)
	at org.junit.runners.ParentRunner.runLeaf(ParentRunner.java:325)
	at org.junit.runners.BlockJUnit4ClassRunner.runChild(BlockJUnit4ClassRunner.java:78)
	at org.junit.runners.BlockJUnit4ClassRunner.runChild(BlockJUnit4ClassRunner.java:57)
	at org.junit.runners.ParentRunner$3.run(ParentRunner.java:290)
	at org.junit.runners.ParentRunner$1.schedule(ParentRunner.java:71)
	at org.junit.runners.ParentRunner.runChildren(ParentRunner.java:288)
	at org.junit.runners.ParentRunner.access$000(ParentRunner.java:58)
	at org.junit.runners.ParentRunner$2.evaluate(ParentRunner.java:268)
	at org.junit.runners.ParentRunner.run(ParentRunner.java:363)
	at org.mockito.internal.runners.JUnit45AndHigherRunnerImpl.run(JUnit45AndHigherRunnerImpl.java:37)
	at org.mockito.runners.MockitoJUnitRunner.run(MockitoJUnitRunner.java:62)
	at org.gradle.api.internal.tasks.testing.junit.JUnitTestClassExecuter.runTestClass(JUnitTestClassExecuter.java:114)
	at org.gradle.api.internal.tasks.testing.junit.JUnitTestClassExecuter.execute(JUnitTestClassExecuter.java:57)
	at org.gradle.api.internal.tasks.testing.junit.JUnitTestClassProcessor.processTestClass(JUnitTestClassProcessor.java:66)
	at org.gradle.api.internal.tasks.testing.SuiteTestClassProcessor.processTestClass(SuiteTestClassProcessor.java:51)
	at sun.reflect.NativeMethodAccessorImpl.invoke0(Native Method)
	at sun.reflect.NativeMethodAccessorImpl.invoke(NativeMethodAccessorImpl.java:62)
	at sun.reflect.DelegatingMethodAccessorImpl.invoke(DelegatingMethodAccessorImpl.java:43)
	at java.lang.reflect.Method.invoke(Method.java:498)
	at org.gradle.internal.dispatch.ReflectionDispatch.dispatch(ReflectionDispatch.java:35)
	at org.gradle.internal.dispatch.ReflectionDispatch.dispatch(ReflectionDispatch.java:24)
	at org.gradle.internal.dispatch.ContextClassLoaderDispatch.dispatch(ContextClassLoaderDispatch.java:32)
	at org.gradle.internal.dispatch.ProxyDispatchAdapter$DispatchingInvocationHandler.invoke(ProxyDispatchAdapter.java:93)
	at com.sun.proxy.$Proxy1.processTestClass(Unknown Source)
	at org.gradle.api.internal.tasks.testing.worker.TestWorker.processTestClass(TestWorker.java:109)
	at sun.reflect.NativeMethodAccessorImpl.invoke0(Native Method)
	at sun.reflect.NativeMethodAccessorImpl.invoke(NativeMethodAccessorImpl.java:62)
	at sun.reflect.DelegatingMethodAccessorImpl.invoke(DelegatingMethodAccessorImpl.java:43)
	at java.lang.reflect.Method.invoke(Method.java:498)
	at org.gradle.internal.dispatch.ReflectionDispatch.dispatch(ReflectionDispatch.java:35)
	at org.gradle.internal.dispatch.ReflectionDispatch.dispatch(ReflectionDispatch.java:24)
	at org.gradle.internal.remote.internal.hub.MessageHubBackedObjectConnection$DispatchWrapper.dispatch(MessageHubBackedObjectConnection.java:146)
	at org.gradle.internal.remote.internal.hub.MessageHubBackedObjectConnection$DispatchWrapper.dispatch(MessageHubBackedObjectConnection.java:128)
	at org.gradle.internal.remote.internal.hub.MessageHub$Handler.run(MessageHub.java:404)
	at org.gradle.internal.concurrent.ExecutorPolicy$CatchAndRecordFailures.onExecute(ExecutorPolicy.java:63)
	at org.gradle.internal.concurrent.StoppableExecutorImpl$1.run(StoppableExecutorImpl.java:46)
	at java.util.concurrent.ThreadPoolExecutor.runWorker(ThreadPoolExecutor.java:1149)
	at java.util.concurrent.ThreadPoolExecutor$Worker.run(ThreadPoolExecutor.java:624)
	at org.gradle.internal.concurrent.ThreadFactoryImpl$ManagedThreadRunnable.run(ThreadFactoryImpl.java:55)
	at java.lang.Thread.run(Thread.java:748)
Caused by: org.apache.xml.security.signature.XMLSignatureException: Signature length not correct: got 0 but was expecting 256
	at org.apache.xml.security.algorithms.implementations.SignatureBaseRSA.engineVerify(SignatureBaseRSA.java:92)
	at org.apache.xml.security.algorithms.SignatureAlgorithm.verify(SignatureAlgorithm.java:301)
	at org.apache.xml.security.signature.XMLSignature.checkSignatureValue(XMLSignature.java:759)
	at org.opensaml.xmlsec.signature.support.provider.ApacheSantuarioSignatureValidationProviderImpl.validate(ApacheSantuarioSignatureValidationProviderImpl.java:70)
	... 55 common frames omitted
Caused by: java.security.SignatureException: Signature length not correct: got 0 but was expecting 256
	at sun.security.rsa.RSASignature.engineVerify(RSASignature.java:189)
	at java.security.Signature$Delegate.engineVerify(Signature.java:1223)
	at java.security.Signature.verify(Signature.java:656)
	at org.apache.xml.security.algorithms.implementations.SignatureBaseRSA.engineVerify(SignatureBaseRSA.java:90)
	... 58 common frames omitted
14:58:09.051 [Test worker] DEBUG org.opensaml.xmlsec.signature.support.impl.ExplicitKeySignatureTrustEngine - Failed to verify signature using either KeyInfo-derived or directly trusted credentials
14:58:09.054 [Test worker] DEBUG org.opensaml.saml.common.SAMLObjectSupport - Examining signed object for content references with exclusive canonicalization transform
14:58:09.054 [Test worker] DEBUG org.opensaml.saml.common.SAMLObjectSupport - Saw exclusive transform, declaring non-visible namespaces on signed object
14:58:09.054 [Test worker] DEBUG org.opensaml.xmlsec.signature.impl.SignatureMarshaller - Starting to marshall {http://www.w3.org/2000/09/xmldsig#}Signature
14:58:09.054 [Test worker] DEBUG org.opensaml.xmlsec.signature.impl.SignatureMarshaller - Creating XMLSignature object
14:58:09.054 [Test worker] DEBUG org.apache.xml.security.algorithms.SignatureAlgorithm - Create URI "http://www.w3.org/2001/04/xmldsig-more#rsa-sha256" class "class org.apache.xml.security.algorithms.implementations.SignatureBaseRSA$SignatureRSASHA256"
14:58:09.054 [Test worker] DEBUG org.apache.xml.security.algorithms.JCEMapper - Request for URI http://www.w3.org/2001/04/xmldsig-more#rsa-sha256
14:58:09.054 [Test worker] DEBUG org.apache.xml.security.algorithms.implementations.SignatureBaseRSA - Created SignatureRSA using SHA256withRSA
14:58:09.054 [Test worker] DEBUG org.opensaml.xmlsec.signature.impl.SignatureMarshaller - Adding content to XMLSignature.
14:58:09.054 [Test worker] DEBUG org.apache.xml.security.transforms.Transforms - Transforms.addTransform(http://www.w3.org/2000/09/xmldsig#enveloped-signature)
14:58:09.055 [Test worker] DEBUG org.apache.xml.security.transforms.Transform - Create URI "http://www.w3.org/2000/09/xmldsig#enveloped-signature" class "class org.apache.xml.security.transforms.implementations.TransformEnvelopedSignature"
14:58:09.055 [Test worker] DEBUG org.apache.xml.security.transforms.Transform - The NodeList is null
14:58:09.055 [Test worker] DEBUG org.apache.xml.security.transforms.Transforms - Transforms.addTransform(http://www.w3.org/2000/09/xmldsig#enveloped-signature)
14:58:09.055 [Test worker] DEBUG org.apache.xml.security.transforms.Transforms - Transforms.addTransform(http://www.w3.org/2001/10/xml-exc-c14n#)
14:58:09.055 [Test worker] DEBUG org.apache.xml.security.transforms.Transform - Create URI "http://www.w3.org/2001/10/xml-exc-c14n#" class "class org.apache.xml.security.transforms.implementations.TransformC14NExclusive"
14:58:09.055 [Test worker] DEBUG org.apache.xml.security.transforms.Transform - The NodeList is null
14:58:09.055 [Test worker] DEBUG org.apache.xml.security.transforms.Transforms - Transforms.addTransform(http://www.w3.org/2001/10/xml-exc-c14n#)
14:58:09.055 [Test worker] DEBUG org.apache.xml.security.utils.ElementProxy - setElement("ds:Transform", "null")
14:58:09.055 [Test worker] DEBUG org.opensaml.saml.common.SAMLObjectContentReference - Adding list of inclusive namespaces for signature exclusive canonicalization transform
14:58:09.055 [Test worker] DEBUG org.opensaml.xmlsec.signature.impl.SignatureMarshaller - Creating Signature DOM element
14:58:09.055 [Test worker] DEBUG org.opensaml.xmlsec.signature.support.Signer - Using a signer of implemenation: org.opensaml.xmlsec.signature.support.provider.ApacheSantuarioSignerProviderImpl
14:58:09.055 [Test worker] DEBUG org.opensaml.xmlsec.signature.support.provider.ApacheSantuarioSignerProviderImpl - Computing signature over XMLSignature object
14:58:09.055 [Test worker] DEBUG org.apache.xml.security.algorithms.JCEMapper - Request for URI http://www.w3.org/2001/04/xmlenc#sha256
14:58:09.055 [Test worker] DEBUG org.apache.xml.security.utils.resolver.ResourceResolver - I was asked to create a ResourceResolver and got 0
14:58:09.055 [Test worker] DEBUG org.apache.xml.security.utils.resolver.ResourceResolver - check resolvability by class org.apache.xml.security.utils.resolver.ResourceResolver
14:58:09.055 [Test worker] DEBUG org.apache.xml.security.utils.resolver.implementations.ResolverFragment - State I can resolve reference: "#some-assertion-id"
14:58:09.055 [Test worker] DEBUG org.apache.xml.security.utils.resolver.implementations.ResolverFragment - Try to catch an Element with ID some-assertion-id and Element was [saml2:Assertion: null]
14:58:09.056 [Test worker] DEBUG org.apache.xml.security.utils.ElementProxy - setElement("ds:Transform", "null")
14:58:09.056 [Test worker] DEBUG org.apache.xml.security.transforms.Transforms - Perform the (0)th http://www.w3.org/2000/09/xmldsig#enveloped-signature transform
14:58:09.056 [Test worker] DEBUG org.apache.xml.security.utils.ElementProxy - setElement("ds:Transform", "null")
14:58:09.056 [Test worker] DEBUG org.apache.xml.security.transforms.Transforms - Perform the (1)th http://www.w3.org/2001/10/xml-exc-c14n# transform
14:58:09.056 [Test worker] DEBUG org.apache.xml.security.utils.DigesterOutputStream - Pre-digested input:
14:58:09.056 [Test worker] DEBUG org.apache.xml.security.utils.DigesterOutputStream - <saml2:Assertion xmlns:saml2="urn:oasis:names:tc:SAML:2.0:assertion" xmlns:xsi="http://www.w3.org/2001/XMLSchema-instance" ID="some-assertion-id" IssueInstant="2018-04-03T13:58:09.053Z" Version="2.0" xsi:type="saml2:AssertionType"><saml2:Issuer>a-test-entity</saml2:Issuer><saml2:Subject xsi:type="saml2:SubjectType"><saml2:NameID Format="urn:oasis:names:tc:SAML:2.0:nameid-format:persistent"></saml2:NameID><saml2:SubjectConfirmation Method="urn:oasis:names:tc:SAML:2.0:cm:bearer" xsi:type="saml2:SubjectConfirmationType"><saml2:SubjectConfirmationData InResponseTo="default-request-id" NotOnOrAfter="2018-04-03T14:13:09.052Z" Recipient="https://signin.service.gov.uk" xsi:type="saml2:SubjectConfirmationDataType"></saml2:SubjectConfirmationData></saml2:SubjectConfirmation></saml2:Subject><saml2:Conditions xsi:type="saml2:ConditionsType"><saml2:AudienceRestriction xsi:type="saml2:AudienceRestrictionType"><saml2:Audience>https://signin.service.gov.uk</saml2:Audience></saml2:AudienceRestriction></saml2:Conditions></saml2:Assertion>
14:58:09.056 [Test worker] DEBUG org.apache.xml.security.utils.SignerOutputStream - Canonicalized SignedInfo:
14:58:09.056 [Test worker] DEBUG org.apache.xml.security.utils.SignerOutputStream - <ds:SignedInfo xmlns:ds="http://www.w3.org/2000/09/xmldsig#">
<ds:CanonicalizationMethod Algorithm="http://www.w3.org/2001/10/xml-exc-c14n#"></ds:CanonicalizationMethod>
<ds:SignatureMethod Algorithm="http://www.w3.org/2001/04/xmldsig-more#rsa-sha256"></ds:SignatureMethod>
<ds:Reference URI="#some-assertion-id">
<ds:Transforms>
<ds:Transform Algorithm="http://www.w3.org/2000/09/xmldsig#enveloped-signature"></ds:Transform>
<ds:Transform Algorithm="http://www.w3.org/2001/10/xml-exc-c14n#"></ds:Transform>
</ds:Transforms>
<ds:DigestMethod Algorithm="http://www.w3.org/2001/04/xmlenc#sha256"></ds:DigestMethod>
<ds:DigestValue>GHtdQZgXMcB7FhYuBxHtpT4zMh1MgjH/Tr16nGjxaN8=</ds:DigestValue>
</ds:Reference>
</ds:SignedInfo>
14:58:09.061 [Test worker] DEBUG org.apache.xml.security.utils.ElementProxy - setElement("ds:Transform", "null")
14:58:09.061 [Test worker] DEBUG org.opensaml.saml.security.impl.SAMLSignatureProfileValidator - Saw Enveloped signature transform
14:58:09.061 [Test worker] DEBUG org.apache.xml.security.utils.ElementProxy - setElement("ds:Transform", "null")
14:58:09.061 [Test worker] DEBUG org.opensaml.saml.security.impl.SAMLSignatureProfileValidator - Saw Exclusive C14N signature transform
14:58:09.062 [Test worker] DEBUG org.opensaml.xmlsec.signature.support.impl.BaseSignatureTrustEngine - Performing signature algorithm whitelist/blacklist validation using params from CriteriaSet
14:58:09.062 [Test worker] DEBUG org.opensaml.xmlsec.signature.support.impl.SignatureAlgorithmValidator - Validating SignedInfo/SignatureMethod/@Algorithm against whitelist/blacklist: http://www.w3.org/2001/04/xmldsig-more#rsa-sha256
14:58:09.062 [Test worker] DEBUG org.opensaml.xmlsec.signature.support.impl.SignatureAlgorithmValidator - Validating algorithm URI against whitelist and blacklist: algorithm: http://www.w3.org/2001/04/xmldsig-more#rsa-sha256, whitelist: [http://www.w3.org/2001/04/xmldsig-more#rsa-sha512, http://www.w3.org/2000/09/xmldsig#sha1, http://www.w3.org/2001/04/xmlenc#sha512, http://www.w3.org/2001/04/xmldsig-more#rsa-sha256, http://www.w3.org/2001/04/xmlenc#sha256, http://www.w3.org/2000/09/xmldsig#rsa-sha1], blacklist: []
14:58:09.062 [Test worker] DEBUG org.opensaml.xmlsec.algorithm.AlgorithmSupport - Saw non-null algorithm blacklist: []
14:58:09.062 [Test worker] DEBUG org.opensaml.xmlsec.algorithm.AlgorithmSupport - Algorithm passed blacklist validation: http://www.w3.org/2001/04/xmldsig-more#rsa-sha256
14:58:09.062 [Test worker] DEBUG org.opensaml.xmlsec.algorithm.AlgorithmSupport - Saw non-null algorithm whitelist: [http://www.w3.org/2001/04/xmldsig-more#rsa-sha512, http://www.w3.org/2000/09/xmldsig#sha1, http://www.w3.org/2001/04/xmlenc#sha512, http://www.w3.org/2001/04/xmldsig-more#rsa-sha256, http://www.w3.org/2001/04/xmlenc#sha256, http://www.w3.org/2000/09/xmldsig#rsa-sha1]
14:58:09.062 [Test worker] DEBUG org.opensaml.xmlsec.algorithm.AlgorithmSupport - Algorithm passed whitelist validation: http://www.w3.org/2001/04/xmldsig-more#rsa-sha256
14:58:09.062 [Test worker] DEBUG org.opensaml.xmlsec.signature.support.impl.SignatureAlgorithmValidator - Validating SignedInfo/Reference/DigestMethod/@Algorithm against whitelist/blacklist: http://www.w3.org/2001/04/xmlenc#sha256
14:58:09.062 [Test worker] DEBUG org.opensaml.xmlsec.signature.support.impl.SignatureAlgorithmValidator - Validating algorithm URI against whitelist and blacklist: algorithm: http://www.w3.org/2001/04/xmlenc#sha256, whitelist: [http://www.w3.org/2001/04/xmldsig-more#rsa-sha512, http://www.w3.org/2000/09/xmldsig#sha1, http://www.w3.org/2001/04/xmlenc#sha512, http://www.w3.org/2001/04/xmldsig-more#rsa-sha256, http://www.w3.org/2001/04/xmlenc#sha256, http://www.w3.org/2000/09/xmldsig#rsa-sha1], blacklist: []
14:58:09.062 [Test worker] DEBUG org.opensaml.xmlsec.algorithm.AlgorithmSupport - Saw non-null algorithm blacklist: []
14:58:09.062 [Test worker] DEBUG org.opensaml.xmlsec.algorithm.AlgorithmSupport - Algorithm passed blacklist validation: http://www.w3.org/2001/04/xmlenc#sha256
14:58:09.062 [Test worker] DEBUG org.opensaml.xmlsec.algorithm.AlgorithmSupport - Saw non-null algorithm whitelist: [http://www.w3.org/2001/04/xmldsig-more#rsa-sha512, http://www.w3.org/2000/09/xmldsig#sha1, http://www.w3.org/2001/04/xmlenc#sha512, http://www.w3.org/2001/04/xmldsig-more#rsa-sha256, http://www.w3.org/2001/04/xmlenc#sha256, http://www.w3.org/2000/09/xmldsig#rsa-sha1]
14:58:09.062 [Test worker] DEBUG org.opensaml.xmlsec.algorithm.AlgorithmSupport - Algorithm passed whitelist validation: http://www.w3.org/2001/04/xmlenc#sha256
14:58:09.062 [Test worker] DEBUG org.opensaml.xmlsec.signature.support.impl.BaseSignatureTrustEngine - Attempting to verify signature and establish trust using KeyInfo-derived credentials
14:58:09.062 [Test worker] DEBUG org.opensaml.xmlsec.signature.support.impl.BaseSignatureTrustEngine - Signature contained no KeyInfo element, could not resolve verification credentials
14:58:09.062 [Test worker] DEBUG org.opensaml.xmlsec.signature.support.impl.BaseSignatureTrustEngine - Failed to verify signature and/or establish trust using any KeyInfo-derived credentials
14:58:09.062 [Test worker] DEBUG org.opensaml.xmlsec.signature.support.impl.ExplicitKeySignatureTrustEngine - Attempting to verify signature using trusted credentials
14:58:09.062 [Test worker] DEBUG org.opensaml.xmlsec.signature.support.SignatureValidationProvider - Using a validation provider of implementation: org.opensaml.xmlsec.signature.support.provider.ApacheSantuarioSignatureValidationProviderImpl
14:58:09.062 [Test worker] DEBUG org.opensaml.xmlsec.signature.support.provider.ApacheSantuarioSignatureValidationProviderImpl - Attempting to validate signature using key from supplied credential
14:58:09.062 [Test worker] DEBUG org.opensaml.xmlsec.signature.support.provider.ApacheSantuarioSignatureValidationProviderImpl - Accessing XMLSignature object
14:58:09.062 [Test worker] DEBUG org.opensaml.xmlsec.signature.support.provider.ApacheSantuarioSignatureValidationProviderImpl - Validating signature with signature algorithm URI: http://www.w3.org/2001/04/xmldsig-more#rsa-sha256
14:58:09.062 [Test worker] DEBUG org.opensaml.xmlsec.signature.support.provider.ApacheSantuarioSignatureValidationProviderImpl - Validation credential key algorithm 'RSA', key instance class 'sun.security.rsa.RSAPublicKeyImpl'
14:58:09.062 [Test worker] DEBUG org.apache.xml.security.signature.XMLSignature - signatureMethodURI = http://www.w3.org/2001/04/xmldsig-more#rsa-sha256
14:58:09.062 [Test worker] DEBUG org.apache.xml.security.signature.XMLSignature - jceSigAlgorithm    = SHA256withRSA
14:58:09.062 [Test worker] DEBUG org.apache.xml.security.signature.XMLSignature - jceSigProvider     = SunRsaSign
14:58:09.063 [Test worker] DEBUG org.apache.xml.security.signature.XMLSignature - PublicKey = Sun RSA public key, 2048 bits
  modulus: 25998853806074907922736536937144192810524126200249845203941498583957653002742012081024851371701765572997964410773213417627351163207763916839110493186842727422105108695847327425148517951272422220366166787137233228070807559064518855586460848701406111149789270506162893565711430566183449983164245901187970559589037577615433138971451632097660130400984021863805390812022721378617499178820332971373486312850645816708350643062789774826141511451391051956832621350686324922826347973370110492133155768037641842259670336438666133242469461046538870604952985498558023280525040790594650803517622806143906741297205357832508919936977
  public exponent: 65537
14:58:09.063 [Test worker] DEBUG org.apache.xml.security.utils.SignerOutputStream - Canonicalized SignedInfo:
14:58:09.063 [Test worker] DEBUG org.apache.xml.security.utils.SignerOutputStream - <ds:SignedInfo xmlns:ds="http://www.w3.org/2000/09/xmldsig#">
<ds:CanonicalizationMethod Algorithm="http://www.w3.org/2001/10/xml-exc-c14n#"></ds:CanonicalizationMethod>
<ds:SignatureMethod Algorithm="http://www.w3.org/2001/04/xmldsig-more#rsa-sha256"></ds:SignatureMethod>
<ds:Reference URI="#some-assertion-id">
<ds:Transforms>
<ds:Transform Algorithm="http://www.w3.org/2000/09/xmldsig#enveloped-signature"></ds:Transform>
<ds:Transform Algorithm="http://www.w3.org/2001/10/xml-exc-c14n#"></ds:Transform>
</ds:Transforms>
<ds:DigestMethod Algorithm="http://www.w3.org/2001/04/xmlenc#sha256"></ds:DigestMethod>
<ds:DigestValue>GHtdQZgXMcB7FhYuBxHtpT4zMh1MgjH/Tr16nGjxaN8=</ds:DigestValue>
</ds:Reference>
</ds:SignedInfo>
14:58:09.063 [Test worker] DEBUG org.apache.xml.security.signature.Manifest - verify 1 References
14:58:09.063 [Test worker] DEBUG org.apache.xml.security.signature.Manifest - I am not requested to follow nested Manifests
14:58:09.063 [Test worker] DEBUG org.apache.xml.security.utils.ElementProxy - setElement("ds:Reference", "null")
14:58:09.063 [Test worker] DEBUG org.apache.xml.security.utils.ElementProxy - setElement("ds:Transforms", "null")
14:58:09.063 [Test worker] DEBUG org.apache.xml.security.algorithms.JCEMapper - Request for URI http://www.w3.org/2001/04/xmlenc#sha256
14:58:09.063 [Test worker] DEBUG org.apache.xml.security.utils.resolver.ResourceResolver - I was asked to create a ResourceResolver and got 0
14:58:09.063 [Test worker] DEBUG org.apache.xml.security.utils.resolver.ResourceResolver - check resolvability by class org.apache.xml.security.utils.resolver.ResourceResolver
14:58:09.063 [Test worker] DEBUG org.apache.xml.security.utils.resolver.implementations.ResolverFragment - State I can resolve reference: "#some-assertion-id"
14:58:09.063 [Test worker] DEBUG org.apache.xml.security.utils.resolver.implementations.ResolverFragment - Try to catch an Element with ID some-assertion-id and Element was [saml2:Assertion: null]
14:58:09.063 [Test worker] DEBUG org.apache.xml.security.utils.ElementProxy - setElement("ds:Transform", "null")
14:58:09.063 [Test worker] DEBUG org.apache.xml.security.transforms.Transforms - Perform the (0)th http://www.w3.org/2000/09/xmldsig#enveloped-signature transform
14:58:09.063 [Test worker] DEBUG org.apache.xml.security.utils.ElementProxy - setElement("ds:Transform", "null")
14:58:09.063 [Test worker] DEBUG org.apache.xml.security.transforms.Transforms - Perform the (1)th http://www.w3.org/2001/10/xml-exc-c14n# transform
14:58:09.064 [Test worker] DEBUG org.apache.xml.security.utils.DigesterOutputStream - Pre-digested input:
14:58:09.064 [Test worker] DEBUG org.apache.xml.security.utils.DigesterOutputStream - <saml2:Assertion xmlns:saml2="urn:oasis:names:tc:SAML:2.0:assertion" xmlns:xsi="http://www.w3.org/2001/XMLSchema-instance" ID="some-assertion-id" IssueInstant="2018-04-03T13:58:09.053Z" Version="2.0" xsi:type="saml2:AssertionType"><saml2:Issuer>a-test-entity</saml2:Issuer><saml2:Subject xsi:type="saml2:SubjectType"><saml2:NameID Format="urn:oasis:names:tc:SAML:2.0:nameid-format:persistent"></saml2:NameID><saml2:SubjectConfirmation Method="urn:oasis:names:tc:SAML:2.0:cm:bearer" xsi:type="saml2:SubjectConfirmationType"><saml2:SubjectConfirmationData InResponseTo="default-request-id" NotOnOrAfter="2018-04-03T14:13:09.052Z" Recipient="https://signin.service.gov.uk" xsi:type="saml2:SubjectConfirmationDataType"></saml2:SubjectConfirmationData></saml2:SubjectConfirmation></saml2:Subject><saml2:Conditions xsi:type="saml2:ConditionsType"><saml2:AudienceRestriction xsi:type="saml2:AudienceRestrictionType"><saml2:Audience>https://signin.service.gov.uk</saml2:Audience></saml2:AudienceRestriction></saml2:Conditions></saml2:Assertion>
14:58:09.064 [Test worker] DEBUG org.apache.xml.security.signature.Reference - Verification successful for URI "#some-assertion-id"
14:58:09.064 [Test worker] DEBUG org.apache.xml.security.signature.Manifest - The Reference has Type 
14:58:09.064 [Test worker] DEBUG org.opensaml.xmlsec.signature.support.provider.ApacheSantuarioSignatureValidationProviderImpl - Signature validated with key from supplied credential
14:58:09.064 [Test worker] DEBUG org.opensaml.xmlsec.signature.support.impl.BaseSignatureTrustEngine - Signature validation using candidate credential was successful
14:58:09.064 [Test worker] DEBUG org.opensaml.xmlsec.signature.support.impl.ExplicitKeySignatureTrustEngine - Successfully verified signature using resolved trusted credential
14:58:09.067 [Test worker] DEBUG org.opensaml.xmlsec.signature.impl.SignatureUnmarshaller - Starting to unmarshall Apache XML-Security-based SignatureImpl element
14:58:09.067 [Test worker] DEBUG org.opensaml.xmlsec.signature.impl.SignatureUnmarshaller - Constructing Apache XMLSignature object
14:58:09.067 [Test worker] DEBUG org.apache.xml.security.utils.ElementProxy - setElement("ds:Signature", "")
14:58:09.067 [Test worker] DEBUG org.apache.xml.security.utils.ElementProxy - setElement("ds:SignedInfo", "")
14:58:09.067 [Test worker] DEBUG org.apache.xml.security.utils.ElementProxy - setElement("ds:SignatureMethod", "")
14:58:09.068 [Test worker] DEBUG org.apache.xml.security.algorithms.SignatureAlgorithm - Create URI "http://www.w3.org/2000/09/xmldsig#rsa-sha1" class "class org.apache.xml.security.algorithms.implementations.SignatureBaseRSA$SignatureRSASHA1"
14:58:09.068 [Test worker] DEBUG org.apache.xml.security.algorithms.JCEMapper - Request for URI http://www.w3.org/2000/09/xmldsig#rsa-sha1
14:58:09.068 [Test worker] DEBUG org.apache.xml.security.algorithms.implementations.SignatureBaseRSA - Created SignatureRSA using SHA1withRSA
14:58:09.068 [Test worker] DEBUG org.opensaml.xmlsec.signature.impl.SignatureUnmarshaller - Adding canonicalization and signing algorithms, and HMAC output length to Signature
14:58:09.068 [Test worker] DEBUG org.opensaml.core.xml.io.AbstractXMLObjectUnmarshaller - Ignoring unknown attribute Format
14:58:09.068 [Test worker] DEBUG org.opensaml.core.xml.io.AbstractXMLObjectUnmarshaller - Ignoring unknown attribute SPNameQualifier
14:58:09.068 [Test worker] DEBUG org.apache.xml.security.utils.ElementProxy - setElement("ds:Reference", "")
14:58:09.068 [Test worker] DEBUG org.apache.xml.security.utils.ElementProxy - setElement("ds:Transforms", "")
14:58:09.068 [Test worker] DEBUG org.apache.xml.security.utils.ElementProxy - setElement("ds:Transform", "")
14:58:09.068 [Test worker] DEBUG org.opensaml.saml.security.impl.SAMLSignatureProfileValidator - Saw Enveloped signature transform
14:58:09.068 [Test worker] DEBUG org.apache.xml.security.utils.ElementProxy - setElement("ds:Transform", "")
14:58:09.068 [Test worker] DEBUG org.opensaml.saml.security.impl.SAMLSignatureProfileValidator - Saw Exclusive C14N signature transform
14:58:09.068 [Test worker] ERROR org.opensaml.saml.security.impl.SAMLSignatureProfileValidator - Signature contained 1 ds:Object child element(s)
14:58:09.072 [Test worker] DEBUG org.opensaml.xmlsec.signature.impl.SignatureUnmarshaller - Starting to unmarshall Apache XML-Security-based SignatureImpl element
14:58:09.072 [Test worker] DEBUG org.opensaml.xmlsec.signature.impl.SignatureUnmarshaller - Constructing Apache XMLSignature object
14:58:09.072 [Test worker] DEBUG org.apache.xml.security.utils.ElementProxy - setElement("ds:Signature", "")
14:58:09.072 [Test worker] DEBUG org.apache.xml.security.utils.ElementProxy - setElement("ds:SignedInfo", "")
14:58:09.072 [Test worker] DEBUG org.apache.xml.security.utils.ElementProxy - setElement("ds:SignatureMethod", "")
14:58:09.072 [Test worker] DEBUG org.apache.xml.security.algorithms.SignatureAlgorithm - Create URI "http://www.w3.org/2000/09/xmldsig#rsa-sha1" class "class org.apache.xml.security.algorithms.implementations.SignatureBaseRSA$SignatureRSASHA1"
14:58:09.072 [Test worker] DEBUG org.apache.xml.security.algorithms.JCEMapper - Request for URI http://www.w3.org/2000/09/xmldsig#rsa-sha1
14:58:09.072 [Test worker] DEBUG org.apache.xml.security.algorithms.implementations.SignatureBaseRSA - Created SignatureRSA using SHA1withRSA
14:58:09.072 [Test worker] DEBUG org.opensaml.xmlsec.signature.impl.SignatureUnmarshaller - Adding canonicalization and signing algorithms, and HMAC output length to Signature
14:58:09.072 [Test worker] DEBUG org.opensaml.core.xml.io.AbstractXMLObjectUnmarshaller - Ignoring unknown attribute Format
14:58:09.072 [Test worker] DEBUG org.opensaml.core.xml.io.AbstractXMLObjectUnmarshaller - Ignoring unknown attribute SPNameQualifier
14:58:09.073 [Test worker] ERROR org.opensaml.saml.security.impl.SAMLSignatureProfileValidator - Signature SignedInfo had invalid number of References: 2
14:58:09.076 [Test worker] DEBUG org.opensaml.xmlsec.signature.impl.SignatureUnmarshaller - Starting to unmarshall Apache XML-Security-based SignatureImpl element
14:58:09.076 [Test worker] DEBUG org.opensaml.xmlsec.signature.impl.SignatureUnmarshaller - Constructing Apache XMLSignature object
14:58:09.076 [Test worker] DEBUG org.apache.xml.security.utils.ElementProxy - setElement("ds:Signature", "")
14:58:09.076 [Test worker] DEBUG org.apache.xml.security.utils.ElementProxy - setElement("ds:SignedInfo", "")
14:58:09.076 [Test worker] DEBUG org.apache.xml.security.utils.ElementProxy - setElement("ds:SignatureMethod", "")
14:58:09.076 [Test worker] DEBUG org.apache.xml.security.algorithms.SignatureAlgorithm - Create URI "http://www.w3.org/2000/09/xmldsig#rsa-sha1" class "class org.apache.xml.security.algorithms.implementations.SignatureBaseRSA$SignatureRSASHA1"
14:58:09.076 [Test worker] DEBUG org.apache.xml.security.algorithms.JCEMapper - Request for URI http://www.w3.org/2000/09/xmldsig#rsa-sha1
14:58:09.076 [Test worker] DEBUG org.apache.xml.security.algorithms.implementations.SignatureBaseRSA - Created SignatureRSA using SHA1withRSA
14:58:09.076 [Test worker] DEBUG org.opensaml.xmlsec.signature.impl.SignatureUnmarshaller - Adding canonicalization and signing algorithms, and HMAC output length to Signature
14:58:09.076 [Test worker] DEBUG org.opensaml.core.xml.io.AbstractXMLObjectUnmarshaller - Ignoring unknown attribute Format
14:58:09.076 [Test worker] DEBUG org.opensaml.core.xml.io.AbstractXMLObjectUnmarshaller - Ignoring unknown attribute SPNameQualifier
14:58:09.077 [Test worker] DEBUG org.apache.xml.security.utils.ElementProxy - setElement("ds:Reference", "")
14:58:09.077 [Test worker] DEBUG org.apache.xml.security.utils.ElementProxy - setElement("ds:Transforms", "")
14:58:09.077 [Test worker] ERROR org.opensaml.saml.security.impl.SAMLSignatureProfileValidator - SignableSAMLObject did not contain an ID attribute
14:58:09.080 [Test worker] DEBUG org.opensaml.xmlsec.signature.impl.SignatureUnmarshaller - Starting to unmarshall Apache XML-Security-based SignatureImpl element
14:58:09.080 [Test worker] DEBUG org.opensaml.xmlsec.signature.impl.SignatureUnmarshaller - Constructing Apache XMLSignature object
14:58:09.080 [Test worker] DEBUG org.apache.xml.security.utils.ElementProxy - setElement("ds:Signature", "")
14:58:09.080 [Test worker] DEBUG org.apache.xml.security.utils.ElementProxy - setElement("ds:SignedInfo", "")
14:58:09.080 [Test worker] DEBUG org.apache.xml.security.utils.ElementProxy - setElement("ds:SignatureMethod", "")
14:58:09.080 [Test worker] DEBUG org.apache.xml.security.algorithms.SignatureAlgorithm - Create URI "http://www.w3.org/2000/09/xmldsig#rsa-sha1" class "class org.apache.xml.security.algorithms.implementations.SignatureBaseRSA$SignatureRSASHA1"
14:58:09.080 [Test worker] DEBUG org.apache.xml.security.algorithms.JCEMapper - Request for URI http://www.w3.org/2000/09/xmldsig#rsa-sha1
14:58:09.080 [Test worker] DEBUG org.apache.xml.security.algorithms.implementations.SignatureBaseRSA - Created SignatureRSA using SHA1withRSA
14:58:09.080 [Test worker] DEBUG org.opensaml.xmlsec.signature.impl.SignatureUnmarshaller - Adding canonicalization and signing algorithms, and HMAC output length to Signature
14:58:09.080 [Test worker] DEBUG org.opensaml.core.xml.io.AbstractXMLObjectUnmarshaller - Ignoring unknown attribute Format
14:58:09.080 [Test worker] DEBUG org.opensaml.core.xml.io.AbstractXMLObjectUnmarshaller - Ignoring unknown attribute SPNameQualifier
14:58:09.081 [Test worker] DEBUG org.apache.xml.security.utils.ElementProxy - setElement("ds:Reference", "")
14:58:09.081 [Test worker] DEBUG org.apache.xml.security.utils.ElementProxy - setElement("ds:Transforms", "")
14:58:09.081 [Test worker] DEBUG org.apache.xml.security.utils.ElementProxy - setElement("ds:Transform", "")
14:58:09.081 [Test worker] DEBUG org.opensaml.saml.security.impl.SAMLSignatureProfileValidator - Saw Exclusive C14N signature transform
14:58:09.081 [Test worker] ERROR org.opensaml.saml.security.impl.SAMLSignatureProfileValidator - Signature was missing the required Enveloped signature transform
14:58:09.084 [Test worker] DEBUG org.opensaml.core.xml.io.AbstractXMLObjectUnmarshaller - Ignoring unknown attribute Format
14:58:09.084 [Test worker] DEBUG org.opensaml.core.xml.io.AbstractXMLObjectUnmarshaller - Ignoring unknown attribute SPNameQualifier
14:58:09.086 [Test worker] DEBUG org.opensaml.saml.common.SAMLObjectSupport - Examining signed object for content references with exclusive canonicalization transform
14:58:09.086 [Test worker] DEBUG org.opensaml.saml.common.SAMLObjectSupport - Saw exclusive transform, declaring non-visible namespaces on signed object
14:58:09.087 [Test worker] DEBUG org.opensaml.xmlsec.signature.impl.SignatureMarshaller - Starting to marshall {http://www.w3.org/2000/09/xmldsig#}Signature
14:58:09.087 [Test worker] DEBUG org.opensaml.xmlsec.signature.impl.SignatureMarshaller - Creating XMLSignature object
14:58:09.087 [Test worker] DEBUG org.apache.xml.security.algorithms.SignatureAlgorithm - Create URI "http://www.w3.org/2001/04/xmldsig-more#rsa-sha256" class "class org.apache.xml.security.algorithms.implementations.SignatureBaseRSA$SignatureRSASHA256"
14:58:09.087 [Test worker] DEBUG org.apache.xml.security.algorithms.JCEMapper - Request for URI http://www.w3.org/2001/04/xmldsig-more#rsa-sha256
14:58:09.087 [Test worker] DEBUG org.apache.xml.security.algorithms.implementations.SignatureBaseRSA - Created SignatureRSA using SHA256withRSA
14:58:09.087 [Test worker] DEBUG org.opensaml.xmlsec.signature.impl.SignatureMarshaller - Adding content to XMLSignature.
14:58:09.087 [Test worker] DEBUG org.apache.xml.security.transforms.Transforms - Transforms.addTransform(http://www.w3.org/2000/09/xmldsig#enveloped-signature)
14:58:09.087 [Test worker] DEBUG org.apache.xml.security.transforms.Transform - Create URI "http://www.w3.org/2000/09/xmldsig#enveloped-signature" class "class org.apache.xml.security.transforms.implementations.TransformEnvelopedSignature"
14:58:09.087 [Test worker] DEBUG org.apache.xml.security.transforms.Transform - The NodeList is null
14:58:09.087 [Test worker] DEBUG org.apache.xml.security.transforms.Transforms - Transforms.addTransform(http://www.w3.org/2000/09/xmldsig#enveloped-signature)
14:58:09.087 [Test worker] DEBUG org.apache.xml.security.transforms.Transforms - Transforms.addTransform(http://www.w3.org/2001/10/xml-exc-c14n#)
14:58:09.087 [Test worker] DEBUG org.apache.xml.security.transforms.Transform - Create URI "http://www.w3.org/2001/10/xml-exc-c14n#" class "class org.apache.xml.security.transforms.implementations.TransformC14NExclusive"
14:58:09.087 [Test worker] DEBUG org.apache.xml.security.transforms.Transform - The NodeList is null
14:58:09.087 [Test worker] DEBUG org.apache.xml.security.transforms.Transforms - Transforms.addTransform(http://www.w3.org/2001/10/xml-exc-c14n#)
14:58:09.087 [Test worker] DEBUG org.apache.xml.security.utils.ElementProxy - setElement("ds:Transform", "null")
14:58:09.087 [Test worker] DEBUG org.opensaml.saml.common.SAMLObjectContentReference - Adding list of inclusive namespaces for signature exclusive canonicalization transform
14:58:09.087 [Test worker] DEBUG org.opensaml.xmlsec.signature.impl.SignatureMarshaller - Creating Signature DOM element
14:58:09.088 [Test worker] DEBUG org.opensaml.xmlsec.signature.support.Signer - Using a signer of implemenation: org.opensaml.xmlsec.signature.support.provider.ApacheSantuarioSignerProviderImpl
14:58:09.088 [Test worker] DEBUG org.opensaml.xmlsec.signature.support.provider.ApacheSantuarioSignerProviderImpl - Computing signature over XMLSignature object
14:58:09.088 [Test worker] DEBUG org.apache.xml.security.algorithms.JCEMapper - Request for URI http://www.w3.org/2001/04/xmlenc#sha256
14:58:09.088 [Test worker] DEBUG org.apache.xml.security.utils.resolver.ResourceResolver - I was asked to create a ResourceResolver and got 0
14:58:09.088 [Test worker] DEBUG org.apache.xml.security.utils.resolver.ResourceResolver - check resolvability by class org.apache.xml.security.utils.resolver.ResourceResolver
14:58:09.088 [Test worker] DEBUG org.apache.xml.security.utils.resolver.implementations.ResolverFragment - State I can resolve reference: "#some-assertion-id"
14:58:09.088 [Test worker] DEBUG org.apache.xml.security.utils.resolver.implementations.ResolverFragment - Try to catch an Element with ID some-assertion-id and Element was [saml2:Assertion: null]
14:58:09.088 [Test worker] DEBUG org.apache.xml.security.utils.ElementProxy - setElement("ds:Transform", "null")
14:58:09.088 [Test worker] DEBUG org.apache.xml.security.transforms.Transforms - Perform the (0)th http://www.w3.org/2000/09/xmldsig#enveloped-signature transform
14:58:09.088 [Test worker] DEBUG org.apache.xml.security.utils.ElementProxy - setElement("ds:Transform", "null")
14:58:09.088 [Test worker] DEBUG org.apache.xml.security.transforms.Transforms - Perform the (1)th http://www.w3.org/2001/10/xml-exc-c14n# transform
14:58:09.088 [Test worker] DEBUG org.apache.xml.security.utils.DigesterOutputStream - Pre-digested input:
14:58:09.088 [Test worker] DEBUG org.apache.xml.security.utils.DigesterOutputStream - <saml2:Assertion xmlns:saml2="urn:oasis:names:tc:SAML:2.0:assertion" xmlns:xsi="http://www.w3.org/2001/XMLSchema-instance" ID="some-assertion-id" IssueInstant="2018-04-03T13:58:09.086Z" Version="2.0" xsi:type="saml2:AssertionType"><saml2:Issuer>a-test-entity</saml2:Issuer><saml2:Subject xsi:type="saml2:SubjectType"><saml2:NameID Format="urn:oasis:names:tc:SAML:2.0:nameid-format:persistent"></saml2:NameID><saml2:SubjectConfirmation Method="urn:oasis:names:tc:SAML:2.0:cm:bearer" xsi:type="saml2:SubjectConfirmationType"><saml2:SubjectConfirmationData InResponseTo="default-request-id" NotOnOrAfter="2018-04-03T14:13:09.085Z" Recipient="https://signin.service.gov.uk" xsi:type="saml2:SubjectConfirmationDataType"></saml2:SubjectConfirmationData></saml2:SubjectConfirmation></saml2:Subject><saml2:Conditions xsi:type="saml2:ConditionsType"><saml2:AudienceRestriction xsi:type="saml2:AudienceRestrictionType"><saml2:Audience>https://signin.service.gov.uk</saml2:Audience></saml2:AudienceRestriction></saml2:Conditions></saml2:Assertion>
14:58:09.088 [Test worker] DEBUG org.apache.xml.security.utils.SignerOutputStream - Canonicalized SignedInfo:
14:58:09.089 [Test worker] DEBUG org.apache.xml.security.utils.SignerOutputStream - <ds:SignedInfo xmlns:ds="http://www.w3.org/2000/09/xmldsig#">
<ds:CanonicalizationMethod Algorithm="http://www.w3.org/2001/10/xml-exc-c14n#"></ds:CanonicalizationMethod>
<ds:SignatureMethod Algorithm="http://www.w3.org/2001/04/xmldsig-more#rsa-sha256"></ds:SignatureMethod>
<ds:Reference URI="#some-assertion-id">
<ds:Transforms>
<ds:Transform Algorithm="http://www.w3.org/2000/09/xmldsig#enveloped-signature"></ds:Transform>
<ds:Transform Algorithm="http://www.w3.org/2001/10/xml-exc-c14n#"></ds:Transform>
</ds:Transforms>
<ds:DigestMethod Algorithm="http://www.w3.org/2001/04/xmlenc#sha256"></ds:DigestMethod>
<ds:DigestValue>H6+tQXi8rxKMvn8hzoceFPDlPOsXNtGENn1wMV9iWKQ=</ds:DigestValue>
</ds:Reference>
</ds:SignedInfo>
14:58:09.090 [Test worker] DEBUG org.apache.xml.security.utils.ElementProxy - setElement("ds:Transform", "null")
14:58:09.090 [Test worker] DEBUG org.opensaml.saml.security.impl.SAMLSignatureProfileValidator - Saw Enveloped signature transform
14:58:09.090 [Test worker] DEBUG org.apache.xml.security.utils.ElementProxy - setElement("ds:Transform", "null")
14:58:09.090 [Test worker] DEBUG org.opensaml.saml.security.impl.SAMLSignatureProfileValidator - Saw Exclusive C14N signature transform
14:58:09.091 [Test worker] DEBUG org.opensaml.xmlsec.signature.support.impl.BaseSignatureTrustEngine - Performing signature algorithm whitelist/blacklist validation using params from CriteriaSet
14:58:09.091 [Test worker] DEBUG org.opensaml.xmlsec.signature.support.impl.SignatureAlgorithmValidator - Validating SignedInfo/SignatureMethod/@Algorithm against whitelist/blacklist: http://www.w3.org/2001/04/xmldsig-more#rsa-sha256
14:58:09.091 [Test worker] DEBUG org.opensaml.xmlsec.signature.support.impl.SignatureAlgorithmValidator - Validating algorithm URI against whitelist and blacklist: algorithm: http://www.w3.org/2001/04/xmldsig-more#rsa-sha256, whitelist: [http://www.w3.org/2001/04/xmldsig-more#rsa-sha512, http://www.w3.org/2000/09/xmldsig#sha1, http://www.w3.org/2001/04/xmlenc#sha512, http://www.w3.org/2001/04/xmldsig-more#rsa-sha256, http://www.w3.org/2001/04/xmlenc#sha256, http://www.w3.org/2000/09/xmldsig#rsa-sha1], blacklist: []
14:58:09.091 [Test worker] DEBUG org.opensaml.xmlsec.algorithm.AlgorithmSupport - Saw non-null algorithm blacklist: []
14:58:09.091 [Test worker] DEBUG org.opensaml.xmlsec.algorithm.AlgorithmSupport - Algorithm passed blacklist validation: http://www.w3.org/2001/04/xmldsig-more#rsa-sha256
14:58:09.091 [Test worker] DEBUG org.opensaml.xmlsec.algorithm.AlgorithmSupport - Saw non-null algorithm whitelist: [http://www.w3.org/2001/04/xmldsig-more#rsa-sha512, http://www.w3.org/2000/09/xmldsig#sha1, http://www.w3.org/2001/04/xmlenc#sha512, http://www.w3.org/2001/04/xmldsig-more#rsa-sha256, http://www.w3.org/2001/04/xmlenc#sha256, http://www.w3.org/2000/09/xmldsig#rsa-sha1]
14:58:09.091 [Test worker] DEBUG org.opensaml.xmlsec.algorithm.AlgorithmSupport - Algorithm passed whitelist validation: http://www.w3.org/2001/04/xmldsig-more#rsa-sha256
14:58:09.091 [Test worker] DEBUG org.opensaml.xmlsec.signature.support.impl.SignatureAlgorithmValidator - Validating SignedInfo/Reference/DigestMethod/@Algorithm against whitelist/blacklist: http://www.w3.org/2001/04/xmlenc#sha256
14:58:09.091 [Test worker] DEBUG org.opensaml.xmlsec.signature.support.impl.SignatureAlgorithmValidator - Validating algorithm URI against whitelist and blacklist: algorithm: http://www.w3.org/2001/04/xmlenc#sha256, whitelist: [http://www.w3.org/2001/04/xmldsig-more#rsa-sha512, http://www.w3.org/2000/09/xmldsig#sha1, http://www.w3.org/2001/04/xmlenc#sha512, http://www.w3.org/2001/04/xmldsig-more#rsa-sha256, http://www.w3.org/2001/04/xmlenc#sha256, http://www.w3.org/2000/09/xmldsig#rsa-sha1], blacklist: []
14:58:09.091 [Test worker] DEBUG org.opensaml.xmlsec.algorithm.AlgorithmSupport - Saw non-null algorithm blacklist: []
14:58:09.091 [Test worker] DEBUG org.opensaml.xmlsec.algorithm.AlgorithmSupport - Algorithm passed blacklist validation: http://www.w3.org/2001/04/xmlenc#sha256
14:58:09.091 [Test worker] DEBUG org.opensaml.xmlsec.algorithm.AlgorithmSupport - Saw non-null algorithm whitelist: [http://www.w3.org/2001/04/xmldsig-more#rsa-sha512, http://www.w3.org/2000/09/xmldsig#sha1, http://www.w3.org/2001/04/xmlenc#sha512, http://www.w3.org/2001/04/xmldsig-more#rsa-sha256, http://www.w3.org/2001/04/xmlenc#sha256, http://www.w3.org/2000/09/xmldsig#rsa-sha1]
14:58:09.091 [Test worker] DEBUG org.opensaml.xmlsec.algorithm.AlgorithmSupport - Algorithm passed whitelist validation: http://www.w3.org/2001/04/xmlenc#sha256
14:58:09.091 [Test worker] DEBUG org.opensaml.xmlsec.signature.support.impl.BaseSignatureTrustEngine - Attempting to verify signature and establish trust using KeyInfo-derived credentials
14:58:09.091 [Test worker] DEBUG org.opensaml.xmlsec.signature.support.impl.BaseSignatureTrustEngine - Signature contained no KeyInfo element, could not resolve verification credentials
14:58:09.091 [Test worker] DEBUG org.opensaml.xmlsec.signature.support.impl.BaseSignatureTrustEngine - Failed to verify signature and/or establish trust using any KeyInfo-derived credentials
14:58:09.091 [Test worker] DEBUG org.opensaml.xmlsec.signature.support.impl.ExplicitKeySignatureTrustEngine - Attempting to verify signature using trusted credentials
14:58:09.091 [Test worker] DEBUG org.opensaml.xmlsec.signature.support.SignatureValidationProvider - Using a validation provider of implementation: org.opensaml.xmlsec.signature.support.provider.ApacheSantuarioSignatureValidationProviderImpl
14:58:09.091 [Test worker] DEBUG org.opensaml.xmlsec.signature.support.provider.ApacheSantuarioSignatureValidationProviderImpl - Attempting to validate signature using key from supplied credential
14:58:09.091 [Test worker] DEBUG org.opensaml.xmlsec.signature.support.provider.ApacheSantuarioSignatureValidationProviderImpl - Accessing XMLSignature object
14:58:09.091 [Test worker] DEBUG org.opensaml.xmlsec.signature.support.provider.ApacheSantuarioSignatureValidationProviderImpl - Validating signature with signature algorithm URI: http://www.w3.org/2001/04/xmldsig-more#rsa-sha256
14:58:09.091 [Test worker] DEBUG org.opensaml.xmlsec.signature.support.provider.ApacheSantuarioSignatureValidationProviderImpl - Validation credential key algorithm 'RSA', key instance class 'sun.security.rsa.RSAPublicKeyImpl'
14:58:09.091 [Test worker] DEBUG org.apache.xml.security.signature.XMLSignature - signatureMethodURI = http://www.w3.org/2001/04/xmldsig-more#rsa-sha256
14:58:09.091 [Test worker] DEBUG org.apache.xml.security.signature.XMLSignature - jceSigAlgorithm    = SHA256withRSA
14:58:09.091 [Test worker] DEBUG org.apache.xml.security.signature.XMLSignature - jceSigProvider     = SunRsaSign
14:58:09.091 [Test worker] DEBUG org.apache.xml.security.signature.XMLSignature - PublicKey = Sun RSA public key, 2048 bits
  modulus: 25998853806074907922736536937144192810524126200249845203941498583957653002742012081024851371701765572997964410773213417627351163207763916839110493186842727422105108695847327425148517951272422220366166787137233228070807559064518855586460848701406111149789270506162893565711430566183449983164245901187970559589037577615433138971451632097660130400984021863805390812022721378617499178820332971373486312850645816708350643062789774826141511451391051956832621350686324922826347973370110492133155768037641842259670336438666133242469461046538870604952985498558023280525040790594650803517622806143906741297205357832508919936977
  public exponent: 65537
14:58:09.092 [Test worker] DEBUG org.apache.xml.security.utils.SignerOutputStream - Canonicalized SignedInfo:
[...]
	at sun.reflect.NativeMethodAccessorImpl.invoke0(Native Method)
	at sun.reflect.NativeMethodAccessorImpl.invoke(NativeMethodAccessorImpl.java:62)
	at sun.reflect.DelegatingMethodAccessorImpl.invoke(DelegatingMethodAccessorImpl.java:43)
	at java.lang.reflect.Method.invoke(Method.java:498)
	at org.gradle.internal.dispatch.ReflectionDispatch.dispatch(ReflectionDispatch.java:35)
	at org.gradle.internal.dispatch.ReflectionDispatch.dispatch(ReflectionDispatch.java:24)
	at org.gradle.internal.remote.internal.hub.MessageHubBackedObjectConnection$DispatchWrapper.dispatch(MessageHubBackedObjectConnection.java:146)
	at org.gradle.internal.remote.internal.hub.MessageHubBackedObjectConnection$DispatchWrapper.dispatch(MessageHubBackedObjectConnection.java:128)
	at org.gradle.internal.remote.internal.hub.MessageHub$Handler.run(MessageHub.java:404)
	at org.gradle.internal.concurrent.ExecutorPolicy$CatchAndRecordFailures.onExecute(ExecutorPolicy.java:63)
	at org.gradle.internal.concurrent.StoppableExecutorImpl$1.run(StoppableExecutorImpl.java:46)
	at java.util.concurrent.ThreadPoolExecutor.runWorker(ThreadPoolExecutor.java:1149)
	at java.util.concurrent.ThreadPoolExecutor$Worker.run(ThreadPoolExecutor.java:624)
	at org.gradle.internal.concurrent.ThreadFactoryImpl$ManagedThreadRunnable.run(ThreadFactoryImpl.java:55)
	at java.lang.Thread.run(Thread.java:748)
Caused by: org.apache.xml.security.signature.XMLSignatureException: Signature length not correct: got 128 but was expecting 256
	at org.apache.xml.security.algorithms.implementations.SignatureBaseRSA.engineVerify(SignatureBaseRSA.java:92)
	at org.apache.xml.security.algorithms.SignatureAlgorithm.verify(SignatureAlgorithm.java:301)
	at org.apache.xml.security.signature.XMLSignature.checkSignatureValue(XMLSignature.java:759)
	at org.opensaml.xmlsec.signature.support.provider.ApacheSantuarioSignatureValidationProviderImpl.validate(ApacheSantuarioSignatureValidationProviderImpl.java:70)
	... 55 common frames omitted
Caused by: java.security.SignatureException: Signature length not correct: got 128 but was expecting 256
	at sun.security.rsa.RSASignature.engineVerify(RSASignature.java:189)
	at java.security.Signature$Delegate.engineVerify(Signature.java:1223)
	at java.security.Signature.verify(Signature.java:656)
	at org.apache.xml.security.algorithms.implementations.SignatureBaseRSA.engineVerify(SignatureBaseRSA.java:90)
	... 58 common frames omitted
14:58:09.124 [Test worker] DEBUG org.opensaml.xmlsec.signature.support.SignatureValidationProvider - Using a validation provider of implementation: org.opensaml.xmlsec.signature.support.provider.ApacheSantuarioSignatureValidationProviderImpl
14:58:09.124 [Test worker] DEBUG org.opensaml.xmlsec.signature.support.provider.ApacheSantuarioSignatureValidationProviderImpl - Attempting to validate signature using key from supplied credential
14:58:09.124 [Test worker] DEBUG org.opensaml.xmlsec.signature.support.provider.ApacheSantuarioSignatureValidationProviderImpl - Accessing XMLSignature object
14:58:09.125 [Test worker] DEBUG org.opensaml.xmlsec.signature.support.provider.ApacheSantuarioSignatureValidationProviderImpl - Validating signature with signature algorithm URI: http://www.w3.org/2001/04/xmldsig-more#rsa-sha256
14:58:09.125 [Test worker] DEBUG org.opensaml.xmlsec.signature.support.provider.ApacheSantuarioSignatureValidationProviderImpl - Validation credential key algorithm 'RSA', key instance class 'sun.security.rsa.RSAPublicKeyImpl'
14:58:09.125 [Test worker] DEBUG org.apache.xml.security.signature.XMLSignature - signatureMethodURI = http://www.w3.org/2001/04/xmldsig-more#rsa-sha256
14:58:09.125 [Test worker] DEBUG org.apache.xml.security.signature.XMLSignature - jceSigAlgorithm    = SHA256withRSA
14:58:09.125 [Test worker] DEBUG org.apache.xml.security.signature.XMLSignature - jceSigProvider     = SunRsaSign
14:58:09.125 [Test worker] DEBUG org.apache.xml.security.signature.XMLSignature - PublicKey = Sun RSA public key, 2048 bits
  modulus: 28467384286610047790193967127304893209875662073359073774942581887283294160411802792536000169074125867401657852845534832793769124538137509051085458992249703565905800716923469070088999833187597827249635751958059531826825548351550672656743291446712694950734859083390405057337382681249786253663803850894222495451772846819106909725348681532555575251254532621460955520037451236754600370663610020100071967450597633410807407856885679555171801752996449368937848292397495047606491311420123124369147269540780582967348884118030902273439053917167556571322555439984456875509620738152097423039916831980190525678318992037010963562067
  public exponent: 65537
14:58:09.125 [Test worker] DEBUG org.apache.xml.security.utils.SignerOutputStream - Canonicalized SignedInfo:
14:58:09.125 [Test worker] DEBUG org.apache.xml.security.utils.SignerOutputStream - <ds:SignedInfo xmlns:ds="http://www.w3.org/2000/09/xmldsig#">
<ds:CanonicalizationMethod Algorithm="http://www.w3.org/2001/10/xml-exc-c14n#"></ds:CanonicalizationMethod>
<ds:SignatureMethod Algorithm="http://www.w3.org/2001/04/xmldsig-more#rsa-sha256"></ds:SignatureMethod>
<ds:Reference URI="#some-assertion-id">
<ds:Transforms>
<ds:Transform Algorithm="http://www.w3.org/2000/09/xmldsig#enveloped-signature"></ds:Transform>
<ds:Transform Algorithm="http://www.w3.org/2001/10/xml-exc-c14n#"></ds:Transform>
</ds:Transforms>
<ds:DigestMethod Algorithm="http://www.w3.org/2001/04/xmlenc#sha256"></ds:DigestMethod>
<ds:DigestValue>po7eWR2v7TcJGQCBp+EBcSd3wM/IdaPsGhHBy7ocbGo=</ds:DigestValue>
</ds:Reference>
</ds:SignedInfo>
14:58:09.125 [Test worker] DEBUG org.opensaml.xmlsec.signature.support.impl.BaseSignatureTrustEngine - Signature validation using candidate validation credential failed
org.opensaml.xmlsec.signature.support.SignatureException: Unable to evaluate key against signature
	at org.opensaml.xmlsec.signature.support.provider.ApacheSantuarioSignatureValidationProviderImpl.validate(ApacheSantuarioSignatureValidationProviderImpl.java:75)
	at org.opensaml.xmlsec.signature.support.SignatureValidator.validate(SignatureValidator.java:54)
	at org.opensaml.xmlsec.signature.support.impl.BaseSignatureTrustEngine.verifySignature(BaseSignatureTrustEngine.java:242)
	at org.opensaml.xmlsec.signature.support.impl.ExplicitKeySignatureTrustEngine.doValidate(ExplicitKeySignatureTrustEngine.java:119)
	at org.opensaml.xmlsec.signature.support.impl.BaseSignatureTrustEngine.validate(BaseSignatureTrustEngine.java:105)
	at org.opensaml.xmlsec.signature.support.impl.BaseSignatureTrustEngine.validate(BaseSignatureTrustEngine.java:62)
	at uk.gov.ida.saml.security.SignatureValidator.validate(SignatureValidator.java:48)
	at uk.gov.ida.saml.security.CredentialFactorySignatureValidatorTest.shouldSupportAnEntityWithMultipleSigningCertificates(CredentialFactorySignatureValidatorTest.java:70)
	at sun.reflect.NativeMethodAccessorImpl.invoke0(Native Method)
	at sun.reflect.NativeMethodAccessorImpl.invoke(NativeMethodAccessorImpl.java:62)
	at sun.reflect.DelegatingMethodAccessorImpl.invoke(DelegatingMethodAccessorImpl.java:43)
	at java.lang.reflect.Method.invoke(Method.java:498)
	at org.junit.runners.model.FrameworkMethod$1.runReflectiveCall(FrameworkMethod.java:50)
	at org.junit.internal.runners.model.ReflectiveCallable.run(ReflectiveCallable.java:12)
	at org.junit.runners.model.FrameworkMethod.invokeExplosively(FrameworkMethod.java:47)
	at org.junit.internal.runners.statements.InvokeMethod.evaluate(InvokeMethod.java:17)
	at org.junit.runners.ParentRunner.runLeaf(ParentRunner.java:325)
	at org.junit.runners.BlockJUnit4ClassRunner.runChild(BlockJUnit4ClassRunner.java:78)
	at org.junit.runners.BlockJUnit4ClassRunner.runChild(BlockJUnit4ClassRunner.java:57)
	at org.junit.runners.ParentRunner$3.run(ParentRunner.java:290)
	at org.junit.runners.ParentRunner$1.schedule(ParentRunner.java:71)
	at org.junit.runners.ParentRunner.runChildren(ParentRunner.java:288)
	at org.junit.runners.ParentRunner.access$000(ParentRunner.java:58)
	at org.junit.runners.ParentRunner$2.evaluate(ParentRunner.java:268)
	at org.junit.runners.ParentRunner.run(ParentRunner.java:363)
	at org.mockito.internal.runners.JUnit45AndHigherRunnerImpl.run(JUnit45AndHigherRunnerImpl.java:37)
	at org.mockito.runners.MockitoJUnitRunner.run(MockitoJUnitRunner.java:62)
	at org.gradle.api.internal.tasks.testing.junit.JUnitTestClassExecuter.runTestClass(JUnitTestClassExecuter.java:114)
	at org.gradle.api.internal.tasks.testing.junit.JUnitTestClassExecuter.execute(JUnitTestClassExecuter.java:57)
	at org.gradle.api.internal.tasks.testing.junit.JUnitTestClassProcessor.processTestClass(JUnitTestClassProcessor.java:66)
	at org.gradle.api.internal.tasks.testing.SuiteTestClassProcessor.processTestClass(SuiteTestClassProcessor.java:51)
	at sun.reflect.NativeMethodAccessorImpl.invoke0(Native Method)
	at sun.reflect.NativeMethodAccessorImpl.invoke(NativeMethodAccessorImpl.java:62)
	at sun.reflect.DelegatingMethodAccessorImpl.invoke(DelegatingMethodAccessorImpl.java:43)
	at java.lang.reflect.Method.invoke(Method.java:498)
	at org.gradle.internal.dispatch.ReflectionDispatch.dispatch(ReflectionDispatch.java:35)
	at org.gradle.internal.dispatch.ReflectionDispatch.dispatch(ReflectionDispatch.java:24)
	at org.gradle.internal.dispatch.ContextClassLoaderDispatch.dispatch(ContextClassLoaderDispatch.java:32)
	at org.gradle.internal.dispatch.ProxyDispatchAdapter$DispatchingInvocationHandler.invoke(ProxyDispatchAdapter.java:93)
	at com.sun.proxy.$Proxy1.processTestClass(Unknown Source)
	at org.gradle.api.internal.tasks.testing.worker.TestWorker.processTestClass(TestWorker.java:109)
	at sun.reflect.NativeMethodAccessorImpl.invoke0(Native Method)
	at sun.reflect.NativeMethodAccessorImpl.invoke(NativeMethodAccessorImpl.java:62)
	at sun.reflect.DelegatingMethodAccessorImpl.invoke(DelegatingMethodAccessorImpl.java:43)
	at java.lang.reflect.Method.invoke(Method.java:498)
	at org.gradle.internal.dispatch.ReflectionDispatch.dispatch(ReflectionDispatch.java:35)
	at org.gradle.internal.dispatch.ReflectionDispatch.dispatch(ReflectionDispatch.java:24)
	at org.gradle.internal.remote.internal.hub.MessageHubBackedObjectConnection$DispatchWrapper.dispatch(MessageHubBackedObjectConnection.java:146)
	at org.gradle.internal.remote.internal.hub.MessageHubBackedObjectConnection$DispatchWrapper.dispatch(MessageHubBackedObjectConnection.java:128)
	at org.gradle.internal.remote.internal.hub.MessageHub$Handler.run(MessageHub.java:404)
	at org.gradle.internal.concurrent.ExecutorPolicy$CatchAndRecordFailures.onExecute(ExecutorPolicy.java:63)
	at org.gradle.internal.concurrent.StoppableExecutorImpl$1.run(StoppableExecutorImpl.java:46)
	at java.util.concurrent.ThreadPoolExecutor.runWorker(ThreadPoolExecutor.java:1149)
	at java.util.concurrent.ThreadPoolExecutor$Worker.run(ThreadPoolExecutor.java:624)
	at org.gradle.internal.concurrent.ThreadFactoryImpl$ManagedThreadRunnable.run(ThreadFactoryImpl.java:55)
	at java.lang.Thread.run(Thread.java:748)
Caused by: org.apache.xml.security.signature.XMLSignatureException: Signature length not correct: got 128 but was expecting 256
	at org.apache.xml.security.algorithms.implementations.SignatureBaseRSA.engineVerify(SignatureBaseRSA.java:92)
	at org.apache.xml.security.algorithms.SignatureAlgorithm.verify(SignatureAlgorithm.java:301)
	at org.apache.xml.security.signature.XMLSignature.checkSignatureValue(XMLSignature.java:759)
	at org.opensaml.xmlsec.signature.support.provider.ApacheSantuarioSignatureValidationProviderImpl.validate(ApacheSantuarioSignatureValidationProviderImpl.java:70)
	... 55 common frames omitted
Caused by: java.security.SignatureException: Signature length not correct: got 128 but was expecting 256
	at sun.security.rsa.RSASignature.engineVerify(RSASignature.java:189)
	at java.security.Signature$Delegate.engineVerify(Signature.java:1223)
	at java.security.Signature.verify(Signature.java:656)
	at org.apache.xml.security.algorithms.implementations.SignatureBaseRSA.engineVerify(SignatureBaseRSA.java:90)
	... 58 common frames omitted
14:58:09.126 [Test worker] DEBUG org.opensaml.xmlsec.signature.support.impl.ExplicitKeySignatureTrustEngine - Failed to verify signature using either KeyInfo-derived or directly trusted credentials
14:58:09.129 [Test worker] DEBUG org.opensaml.xmlsec.signature.impl.SignatureUnmarshaller - Starting to unmarshall Apache XML-Security-based SignatureImpl element
14:58:09.129 [Test worker] DEBUG org.opensaml.xmlsec.signature.impl.SignatureUnmarshaller - Constructing Apache XMLSignature object
14:58:09.129 [Test worker] DEBUG org.apache.xml.security.utils.ElementProxy - setElement("ds:Signature", "")
14:58:09.129 [Test worker] DEBUG org.apache.xml.security.utils.ElementProxy - setElement("ds:SignedInfo", "")
14:58:09.129 [Test worker] DEBUG org.apache.xml.security.utils.ElementProxy - setElement("ds:SignatureMethod", "")
14:58:09.129 [Test worker] DEBUG org.apache.xml.security.algorithms.SignatureAlgorithm - Create URI "http://www.w3.org/2000/09/xmldsig#rsa-sha1" class "class org.apache.xml.security.algorithms.implementations.SignatureBaseRSA$SignatureRSASHA1"
14:58:09.129 [Test worker] DEBUG org.apache.xml.security.algorithms.JCEMapper - Request for URI http://www.w3.org/2000/09/xmldsig#rsa-sha1
14:58:09.129 [Test worker] DEBUG org.apache.xml.security.algorithms.implementations.SignatureBaseRSA - Created SignatureRSA using SHA1withRSA
14:58:09.129 [Test worker] DEBUG org.opensaml.xmlsec.signature.impl.SignatureUnmarshaller - Adding canonicalization and signing algorithms, and HMAC output length to Signature
14:58:09.129 [Test worker] DEBUG org.opensaml.core.xml.io.AbstractXMLObjectUnmarshaller - Ignoring unknown attribute Format
14:58:09.129 [Test worker] DEBUG org.opensaml.core.xml.io.AbstractXMLObjectUnmarshaller - Ignoring unknown attribute SPNameQualifier
14:58:09.129 [Test worker] DEBUG org.apache.xml.security.utils.ElementProxy - setElement("ds:Reference", "")
14:58:09.129 [Test worker] DEBUG org.apache.xml.security.utils.ElementProxy - setElement("ds:Transforms", "")
14:58:09.129 [Test worker] DEBUG org.apache.xml.security.utils.ElementProxy - setElement("ds:Transform", "")
14:58:09.130 [Test worker] ERROR org.opensaml.saml.security.impl.SAMLSignatureProfileValidator - Error obtaining transform instance
org.apache.xml.security.transforms.TransformationException: Unknown transformation. No handler installed for URI http://www.w3.org/2000/09/xmldsig#invalid
	at org.apache.xml.security.transforms.Transforms.item(Transforms.java:328)
	at org.opensaml.saml.security.impl.SAMLSignatureProfileValidator.validateTransforms(SAMLSignatureProfileValidator.java:228)
	at org.opensaml.saml.security.impl.SAMLSignatureProfileValidator.validateSignatureImpl(SAMLSignatureProfileValidator.java:92)
	at org.opensaml.saml.security.impl.SAMLSignatureProfileValidator.validate(SAMLSignatureProfileValidator.java:64)
	at uk.gov.ida.saml.security.SignatureValidator.validate(SignatureValidator.java:29)
	at uk.gov.ida.saml.security.CredentialFactorySignatureValidatorTest.validateAuthnRequestFile(CredentialFactorySignatureValidatorTest.java:177)
	at uk.gov.ida.saml.security.CredentialFactorySignatureValidatorTest.shouldNotValidateSignatureInvalidEnvelopeTransform(CredentialFactorySignatureValidatorTest.java:162)
	at sun.reflect.NativeMethodAccessorImpl.invoke0(Native Method)
	at sun.reflect.NativeMethodAccessorImpl.invoke(NativeMethodAccessorImpl.java:62)
	at sun.reflect.DelegatingMethodAccessorImpl.invoke(DelegatingMethodAccessorImpl.java:43)
	at java.lang.reflect.Method.invoke(Method.java:498)
	at org.junit.runners.model.FrameworkMethod$1.runReflectiveCall(FrameworkMethod.java:50)
	at org.junit.internal.runners.model.ReflectiveCallable.run(ReflectiveCallable.java:12)
	at org.junit.runners.model.FrameworkMethod.invokeExplosively(FrameworkMethod.java:47)
	at org.junit.internal.runners.statements.InvokeMethod.evaluate(InvokeMethod.java:17)
	at org.junit.internal.runners.statements.ExpectException.evaluate(ExpectException.java:19)
	at org.junit.runners.ParentRunner.runLeaf(ParentRunner.java:325)
	at org.junit.runners.BlockJUnit4ClassRunner.runChild(BlockJUnit4ClassRunner.java:78)
	at org.junit.runners.BlockJUnit4ClassRunner.runChild(BlockJUnit4ClassRunner.java:57)
	at org.junit.runners.ParentRunner$3.run(ParentRunner.java:290)
	at org.junit.runners.ParentRunner$1.schedule(ParentRunner.java:71)
	at org.junit.runners.ParentRunner.runChildren(ParentRunner.java:288)
	at org.junit.runners.ParentRunner.access$000(ParentRunner.java:58)
	at org.junit.runners.ParentRunner$2.evaluate(ParentRunner.java:268)
	at org.junit.runners.ParentRunner.run(ParentRunner.java:363)
	at org.mockito.internal.runners.JUnit45AndHigherRunnerImpl.run(JUnit45AndHigherRunnerImpl.java:37)
	at org.mockito.runners.MockitoJUnitRunner.run(MockitoJUnitRunner.java:62)
	at org.gradle.api.internal.tasks.testing.junit.JUnitTestClassExecuter.runTestClass(JUnitTestClassExecuter.java:114)
	at org.gradle.api.internal.tasks.testing.junit.JUnitTestClassExecuter.execute(JUnitTestClassExecuter.java:57)
	at org.gradle.api.internal.tasks.testing.junit.JUnitTestClassProcessor.processTestClass(JUnitTestClassProcessor.java:66)
	at org.gradle.api.internal.tasks.testing.SuiteTestClassProcessor.processTestClass(SuiteTestClassProcessor.java:51)
	at sun.reflect.NativeMethodAccessorImpl.invoke0(Native Method)
	at sun.reflect.NativeMethodAccessorImpl.invoke(NativeMethodAccessorImpl.java:62)
	at sun.reflect.DelegatingMethodAccessorImpl.invoke(DelegatingMethodAccessorImpl.java:43)
	at java.lang.reflect.Method.invoke(Method.java:498)
	at org.gradle.internal.dispatch.ReflectionDispatch.dispatch(ReflectionDispatch.java:35)
	at org.gradle.internal.dispatch.ReflectionDispatch.dispatch(ReflectionDispatch.java:24)
	at org.gradle.internal.dispatch.ContextClassLoaderDispatch.dispatch(ContextClassLoaderDispatch.java:32)
	at org.gradle.internal.dispatch.ProxyDispatchAdapter$DispatchingInvocationHandler.invoke(ProxyDispatchAdapter.java:93)
	at com.sun.proxy.$Proxy1.processTestClass(Unknown Source)
	at org.gradle.api.internal.tasks.testing.worker.TestWorker.processTestClass(TestWorker.java:109)
	at sun.reflect.NativeMethodAccessorImpl.invoke0(Native Method)
	at sun.reflect.NativeMethodAccessorImpl.invoke(NativeMethodAccessorImpl.java:62)
	at sun.reflect.DelegatingMethodAccessorImpl.invoke(DelegatingMethodAccessorImpl.java:43)
	at java.lang.reflect.Method.invoke(Method.java:498)
	at org.gradle.internal.dispatch.ReflectionDispatch.dispatch(ReflectionDispatch.java:35)
	at org.gradle.internal.dispatch.ReflectionDispatch.dispatch(ReflectionDispatch.java:24)
	at org.gradle.internal.remote.internal.hub.MessageHubBackedObjectConnection$DispatchWrapper.dispatch(MessageHubBackedObjectConnection.java:146)
	at org.gradle.internal.remote.internal.hub.MessageHubBackedObjectConnection$DispatchWrapper.dispatch(MessageHubBackedObjectConnection.java:128)
	at org.gradle.internal.remote.internal.hub.MessageHub$Handler.run(MessageHub.java:404)
	at org.gradle.internal.concurrent.ExecutorPolicy$CatchAndRecordFailures.onExecute(ExecutorPolicy.java:63)
	at org.gradle.internal.concurrent.StoppableExecutorImpl$1.run(StoppableExecutorImpl.java:46)
	at java.util.concurrent.ThreadPoolExecutor.runWorker(ThreadPoolExecutor.java:1149)
	at java.util.concurrent.ThreadPoolExecutor$Worker.run(ThreadPoolExecutor.java:624)
	at org.gradle.internal.concurrent.ThreadFactoryImpl$ManagedThreadRunnable.run(ThreadFactoryImpl.java:55)
	at java.lang.Thread.run(Thread.java:748)
Caused by: org.apache.xml.security.transforms.InvalidTransformException: Unknown transformation. No handler installed for URI http://www.w3.org/2000/09/xmldsig#invalid
	at org.apache.xml.security.transforms.Transform.<init>(Transform.java:157)
	at org.apache.xml.security.transforms.Transforms.item(Transforms.java:326)
	... 55 common frames omitted
]]></system-out>
  <system-err><![CDATA[]]></system-err>
</testsuite>
